<?xml version="1.0" encoding="UTF-8"?>
<coverage generated="1586985920363" clover="3.2.0">
  <project timestamp="1586985920363" name="All files">
    <metrics statements="1097" coveredstatements="491" conditionals="140" coveredconditionals="19" methods="428" coveredmethods="37" elements="1665" coveredelements="547" complexity="0" loc="1097" ncloc="1097" packages="92" files="238" classes="238"/>
    <package name="src">
      <metrics statements="1" coveredstatements="0" conditionals="0" coveredconditionals="0" methods="0" coveredmethods="0"/>
      <file name="index.jsx" path="C:\Users\Artur\Desktop\activebaby-master\src\index.jsx">
        <metrics statements="1" coveredstatements="0" conditionals="0" coveredconditionals="0" methods="0" coveredmethods="0"/>
        <line num="18" count="0" type="stmt"/>
      </file>
    </package>
    <package name="src.Root">
      <metrics statements="20" coveredstatements="7" conditionals="4" coveredconditionals="0" methods="8" coveredmethods="0"/>
      <file name="Root.jsx" path="C:\Users\Artur\Desktop\activebaby-master\src\Root\Root.jsx">
        <metrics statements="18" coveredstatements="5" conditionals="4" coveredconditionals="0" methods="8" coveredmethods="0"/>
        <line num="16" count="1" type="stmt"/>
        <line num="17" count="0" type="stmt"/>
        <line num="18" count="0" type="stmt"/>
        <line num="22" count="1" type="stmt"/>
        <line num="23" count="0" type="stmt"/>
        <line num="26" count="0" type="stmt"/>
        <line num="29" count="0" type="stmt"/>
        <line num="63" count="0" type="stmt"/>
        <line num="64" count="0" type="stmt"/>
        <line num="65" count="0" type="cond" truecount="0" falsecount="2"/>
        <line num="66" count="0" type="stmt"/>
        <line num="69" count="0" type="stmt"/>
        <line num="74" count="0" type="stmt"/>
        <line num="91" count="0" type="cond" truecount="0" falsecount="2"/>
        <line num="107" count="1" type="stmt"/>
        <line num="112" count="1" type="stmt"/>
        <line num="113" count="0" type="stmt"/>
        <line num="118" count="1" type="stmt"/>
      </file>
      <file name="styles.js" path="C:\Users\Artur\Desktop\activebaby-master\src\Root\styles.js">
        <metrics statements="2" coveredstatements="2" conditionals="0" coveredconditionals="0" methods="0" coveredmethods="0"/>
        <line num="3" count="1" type="stmt"/>
        <line num="14" count="1" type="stmt"/>
      </file>
    </package>
    <package name="src.assets.cardsHover">
      <metrics statements="0" coveredstatements="0" conditionals="0" coveredconditionals="0" methods="0" coveredmethods="0"/>
      <file name="index.js" path="C:\Users\Artur\Desktop\activebaby-master\src\assets\cardsHover\index.js">
        <metrics statements="0" coveredstatements="0" conditionals="0" coveredconditionals="0" methods="0" coveredmethods="0"/>
      </file>
    </package>
    <package name="src.assets.categories">
      <metrics statements="0" coveredstatements="0" conditionals="0" coveredconditionals="0" methods="0" coveredmethods="0"/>
      <file name="index.js" path="C:\Users\Artur\Desktop\activebaby-master\src\assets\categories\index.js">
        <metrics statements="0" coveredstatements="0" conditionals="0" coveredconditionals="0" methods="0" coveredmethods="0"/>
      </file>
    </package>
    <package name="src.assets.sliderHugeFirst">
      <metrics statements="0" coveredstatements="0" conditionals="0" coveredconditionals="0" methods="0" coveredmethods="0"/>
      <file name="index.js" path="C:\Users\Artur\Desktop\activebaby-master\src\assets\sliderHugeFirst\index.js">
        <metrics statements="0" coveredstatements="0" conditionals="0" coveredconditionals="0" methods="0" coveredmethods="0"/>
      </file>
    </package>
    <package name="src.assets.sliderHugeSecond">
      <metrics statements="0" coveredstatements="0" conditionals="0" coveredconditionals="0" methods="0" coveredmethods="0"/>
      <file name="index.js" path="C:\Users\Artur\Desktop\activebaby-master\src\assets\sliderHugeSecond\index.js">
        <metrics statements="0" coveredstatements="0" conditionals="0" coveredconditionals="0" methods="0" coveredmethods="0"/>
      </file>
    </package>
    <package name="src.assets.sliderMain">
      <metrics statements="0" coveredstatements="0" conditionals="0" coveredconditionals="0" methods="0" coveredmethods="0"/>
      <file name="index.js" path="C:\Users\Artur\Desktop\activebaby-master\src\assets\sliderMain\index.js">
        <metrics statements="0" coveredstatements="0" conditionals="0" coveredconditionals="0" methods="0" coveredmethods="0"/>
      </file>
    </package>
    <package name="src.assets.sliderSmallFirst">
      <metrics statements="0" coveredstatements="0" conditionals="0" coveredconditionals="0" methods="0" coveredmethods="0"/>
      <file name="index.js" path="C:\Users\Artur\Desktop\activebaby-master\src\assets\sliderSmallFirst\index.js">
        <metrics statements="0" coveredstatements="0" conditionals="0" coveredconditionals="0" methods="0" coveredmethods="0"/>
      </file>
    </package>
    <package name="src.assets.sliderSmallSecond">
      <metrics statements="0" coveredstatements="0" conditionals="0" coveredconditionals="0" methods="0" coveredmethods="0"/>
      <file name="index.js" path="C:\Users\Artur\Desktop\activebaby-master\src\assets\sliderSmallSecond\index.js">
        <metrics statements="0" coveredstatements="0" conditionals="0" coveredconditionals="0" methods="0" coveredmethods="0"/>
      </file>
    </package>
    <package name="src.assets.stripe">
      <metrics statements="0" coveredstatements="0" conditionals="0" coveredconditionals="0" methods="0" coveredmethods="0"/>
      <file name="index.js" path="C:\Users\Artur\Desktop\activebaby-master\src\assets\stripe\index.js">
        <metrics statements="0" coveredstatements="0" conditionals="0" coveredconditionals="0" methods="0" coveredmethods="0"/>
      </file>
    </package>
    <package name="src.assets.visitUs">
      <metrics statements="0" coveredstatements="0" conditionals="0" coveredconditionals="0" methods="0" coveredmethods="0"/>
      <file name="index.js" path="C:\Users\Artur\Desktop\activebaby-master\src\assets\visitUs\index.js">
        <metrics statements="0" coveredstatements="0" conditionals="0" coveredconditionals="0" methods="0" coveredmethods="0"/>
      </file>
    </package>
    <package name="src.components">
      <metrics statements="0" coveredstatements="0" conditionals="0" coveredconditionals="0" methods="0" coveredmethods="0"/>
      <file name="index.js" path="C:\Users\Artur\Desktop\activebaby-master\src\components\index.js">
        <metrics statements="0" coveredstatements="0" conditionals="0" coveredconditionals="0" methods="0" coveredmethods="0"/>
      </file>
    </package>
    <package name="src.components.BurgerMenu">
      <metrics statements="31" coveredstatements="14" conditionals="2" coveredconditionals="0" methods="13" coveredmethods="0"/>
      <file name="BurgerMenu.jsx" path="C:\Users\Artur\Desktop\activebaby-master\src\components\BurgerMenu\BurgerMenu.jsx">
        <metrics statements="19" coveredstatements="4" conditionals="2" coveredconditionals="0" methods="11" coveredmethods="0"/>
        <line num="22" count="27" type="stmt"/>
        <line num="23" count="0" type="stmt"/>
        <line num="24" count="0" type="stmt"/>
        <line num="25" count="0" type="stmt"/>
        <line num="27" count="0" type="stmt"/>
        <line num="28" count="0" type="stmt"/>
        <line num="37" count="0" type="stmt"/>
        <line num="38" count="0" type="stmt"/>
        <line num="39" count="0" type="stmt"/>
        <line num="42" count="0" type="stmt"/>
        <line num="53" count="0" type="stmt"/>
        <line num="58" count="0" type="stmt"/>
        <line num="61" count="0" type="stmt"/>
        <line num="82" count="0" type="stmt"/>
        <line num="93" count="27" type="stmt"/>
        <line num="98" count="27" type="stmt"/>
        <line num="99" count="0" type="stmt"/>
        <line num="104" count="27" type="stmt"/>
        <line num="105" count="0" type="stmt"/>
      </file>
      <file name="index.js" path="C:\Users\Artur\Desktop\activebaby-master\src\components\BurgerMenu\index.js">
        <metrics statements="0" coveredstatements="0" conditionals="0" coveredconditionals="0" methods="0" coveredmethods="0"/>
      </file>
      <file name="styles.js" path="C:\Users\Artur\Desktop\activebaby-master\src\components\BurgerMenu\styles.js">
        <metrics statements="12" coveredstatements="10" conditionals="0" coveredconditionals="0" methods="2" coveredmethods="0"/>
        <line num="7" count="27" type="stmt"/>
        <line num="15" count="27" type="stmt"/>
        <line num="27" count="27" type="stmt"/>
        <line num="31" count="27" type="stmt"/>
        <line num="43" count="27" type="stmt"/>
        <line num="46" count="0" type="stmt"/>
        <line num="54" count="27" type="stmt"/>
        <line num="65" count="27" type="stmt"/>
        <line num="78" count="27" type="stmt"/>
        <line num="86" count="0" type="stmt"/>
        <line num="97" count="27" type="stmt"/>
        <line num="104" count="27" type="stmt"/>
      </file>
    </package>
    <package name="src.components.CardContainer">
      <metrics statements="6" coveredstatements="4" conditionals="0" coveredconditionals="0" methods="2" coveredmethods="0"/>
      <file name="CardContainer.jsx" path="C:\Users\Artur\Desktop\activebaby-master\src\components\CardContainer\CardContainer.jsx">
        <metrics statements="5" coveredstatements="3" conditionals="0" coveredconditionals="0" methods="2" coveredmethods="0"/>
        <line num="10" count="27" type="stmt"/>
        <line num="12" count="0" type="stmt"/>
        <line num="15" count="0" type="stmt"/>
        <line num="21" count="27" type="stmt"/>
        <line num="27" count="27" type="stmt"/>
      </file>
      <file name="index.js" path="C:\Users\Artur\Desktop\activebaby-master\src\components\CardContainer\index.js">
        <metrics statements="0" coveredstatements="0" conditionals="0" coveredconditionals="0" methods="0" coveredmethods="0"/>
      </file>
      <file name="styles.js" path="C:\Users\Artur\Desktop\activebaby-master\src\components\CardContainer\styles.js">
        <metrics statements="1" coveredstatements="1" conditionals="0" coveredconditionals="0" methods="0" coveredmethods="0"/>
        <line num="4" count="27" type="stmt"/>
      </file>
    </package>
    <package name="src.components.CheckoutItem">
      <metrics statements="17" coveredstatements="8" conditionals="0" coveredconditionals="0" methods="9" coveredmethods="0"/>
      <file name="CheckoutItem.jsx" path="C:\Users\Artur\Desktop\activebaby-master\src\components\CheckoutItem\CheckoutItem.jsx">
        <metrics statements="11" coveredstatements="3" conditionals="0" coveredconditionals="0" methods="8" coveredmethods="0"/>
        <line num="13" count="28" type="stmt"/>
        <line num="14" count="0" type="stmt"/>
        <line num="16" count="0" type="stmt"/>
        <line num="23" count="0" type="stmt"/>
        <line num="25" count="0" type="stmt"/>
        <line num="28" count="0" type="stmt"/>
        <line num="35" count="28" type="stmt"/>
        <line num="36" count="0" type="stmt"/>
        <line num="37" count="0" type="stmt"/>
        <line num="38" count="0" type="stmt"/>
        <line num="44" count="28" type="stmt"/>
      </file>
      <file name="index.js" path="C:\Users\Artur\Desktop\activebaby-master\src\components\CheckoutItem\index.js">
        <metrics statements="0" coveredstatements="0" conditionals="0" coveredconditionals="0" methods="0" coveredmethods="0"/>
      </file>
      <file name="styles.js" path="C:\Users\Artur\Desktop\activebaby-master\src\components\CheckoutItem\styles.js">
        <metrics statements="6" coveredstatements="5" conditionals="0" coveredconditionals="0" methods="1" coveredmethods="0"/>
        <line num="3" count="28" type="stmt"/>
        <line num="7" count="0" type="stmt"/>
        <line num="14" count="28" type="stmt"/>
        <line num="24" count="28" type="stmt"/>
        <line num="28" count="28" type="stmt"/>
        <line num="40" count="28" type="stmt"/>
      </file>
    </package>
    <package name="src.components.CollectionOverviewItem">
      <metrics statements="22" coveredstatements="9" conditionals="0" coveredconditionals="0" methods="10" coveredmethods="0"/>
      <file name="CollectionOverviewItem.jsx" path="C:\Users\Artur\Desktop\activebaby-master\src\components\CollectionOverviewItem\CollectionOverviewItem.jsx">
        <metrics statements="13" coveredstatements="3" conditionals="0" coveredconditionals="0" methods="7" coveredmethods="0"/>
        <line num="19" count="28" type="stmt"/>
        <line num="20" count="0" type="stmt"/>
        <line num="22" count="0" type="stmt"/>
        <line num="24" count="0" type="stmt"/>
        <line num="25" count="0" type="stmt"/>
        <line num="26" count="0" type="stmt"/>
        <line num="29" count="0" type="stmt"/>
        <line num="35" count="0" type="stmt"/>
        <line num="44" count="28" type="stmt"/>
        <line num="45" count="0" type="stmt"/>
        <line num="46" count="0" type="stmt"/>
        <line num="47" count="0" type="stmt"/>
        <line num="53" count="28" type="stmt"/>
      </file>
      <file name="index.js" path="C:\Users\Artur\Desktop\activebaby-master\src\components\CollectionOverviewItem\index.js">
        <metrics statements="0" coveredstatements="0" conditionals="0" coveredconditionals="0" methods="0" coveredmethods="0"/>
      </file>
      <file name="styles.js" path="C:\Users\Artur\Desktop\activebaby-master\src\components\CollectionOverviewItem\styles.js">
        <metrics statements="9" coveredstatements="6" conditionals="0" coveredconditionals="0" methods="3" coveredmethods="0"/>
        <line num="6" count="28" type="stmt"/>
        <line num="19" count="0" type="stmt"/>
        <line num="23" count="28" type="stmt"/>
        <line num="25" count="0" type="stmt"/>
        <line num="32" count="28" type="stmt"/>
        <line num="37" count="28" type="stmt"/>
        <line num="42" count="28" type="stmt"/>
        <line num="49" count="28" type="stmt"/>
        <line num="53" count="0" type="stmt"/>
      </file>
    </package>
    <package name="src.components.CollectionPreviewItem">
      <metrics statements="24" coveredstatements="16" conditionals="0" coveredconditionals="0" methods="8" coveredmethods="0"/>
      <file name="CollectionPreviewItem.jsx" path="C:\Users\Artur\Desktop\activebaby-master\src\components\CollectionPreviewItem\CollectionPreviewItem.jsx">
        <metrics statements="9" coveredstatements="4" conditionals="0" coveredconditionals="0" methods="5" coveredmethods="0"/>
        <line num="30" count="27" type="stmt"/>
        <line num="32" count="0" type="stmt"/>
        <line num="33" count="0" type="stmt"/>
        <line num="57" count="0" type="stmt"/>
        <line num="68" count="27" type="stmt"/>
        <line num="75" count="27" type="stmt"/>
        <line num="76" count="0" type="stmt"/>
        <line num="77" count="0" type="stmt"/>
        <line num="82" count="27" type="stmt"/>
      </file>
      <file name="index.js" path="C:\Users\Artur\Desktop\activebaby-master\src\components\CollectionPreviewItem\index.js">
        <metrics statements="0" coveredstatements="0" conditionals="0" coveredconditionals="0" methods="0" coveredmethods="0"/>
      </file>
      <file name="styles.js" path="C:\Users\Artur\Desktop\activebaby-master\src\components\CollectionPreviewItem\styles.js">
        <metrics statements="15" coveredstatements="12" conditionals="0" coveredconditionals="0" methods="3" coveredmethods="0"/>
        <line num="9" count="27" type="stmt"/>
        <line num="18" count="0" type="stmt"/>
        <line num="30" count="27" type="stmt"/>
        <line num="36" count="27" type="stmt"/>
        <line num="37" count="0" type="stmt"/>
        <line num="42" count="27" type="stmt"/>
        <line num="47" count="27" type="stmt"/>
        <line num="55" count="27" type="stmt"/>
        <line num="65" count="27" type="stmt"/>
        <line num="70" count="27" type="stmt"/>
        <line num="76" count="27" type="stmt"/>
        <line num="80" count="27" type="stmt"/>
        <line num="84" count="27" type="stmt"/>
        <line num="94" count="27" type="stmt"/>
        <line num="102" count="0" type="stmt"/>
      </file>
    </package>
    <package name="src.components.CustomAlert">
      <metrics statements="7" coveredstatements="5" conditionals="2" coveredconditionals="0" methods="2" coveredmethods="0"/>
      <file name="CustomAlert.jsx" path="C:\Users\Artur\Desktop\activebaby-master\src\components\CustomAlert\CustomAlert.jsx">
        <metrics statements="4" coveredstatements="3" conditionals="2" coveredconditionals="0" methods="1" coveredmethods="0"/>
        <line num="10" count="28" type="stmt"/>
        <line num="11" count="0" type="stmt"/>
        <line num="19" count="28" type="stmt"/>
        <line num="25" count="28" type="stmt"/>
      </file>
      <file name="index.js" path="C:\Users\Artur\Desktop\activebaby-master\src\components\CustomAlert\index.js">
        <metrics statements="0" coveredstatements="0" conditionals="0" coveredconditionals="0" methods="0" coveredmethods="0"/>
      </file>
      <file name="styles.js" path="C:\Users\Artur\Desktop\activebaby-master\src\components\CustomAlert\styles.js">
        <metrics statements="3" coveredstatements="2" conditionals="0" coveredconditionals="0" methods="1" coveredmethods="0"/>
        <line num="4" count="29" type="stmt"/>
        <line num="15" count="0" type="stmt"/>
        <line num="22" count="29" type="stmt"/>
      </file>
    </package>
    <package name="src.components.CustomAlert.internal">
      <metrics statements="0" coveredstatements="0" conditionals="0" coveredconditionals="0" methods="0" coveredmethods="0"/>
      <file name="index.js" path="C:\Users\Artur\Desktop\activebaby-master\src\components\CustomAlert\internal\index.js">
        <metrics statements="0" coveredstatements="0" conditionals="0" coveredconditionals="0" methods="0" coveredmethods="0"/>
      </file>
    </package>
    <package name="src.components.CustomAlert.internal.Alert">
      <metrics statements="6" coveredstatements="3" conditionals="2" coveredconditionals="0" methods="2" coveredmethods="0"/>
      <file name="Alert.jsx" path="C:\Users\Artur\Desktop\activebaby-master\src\components\CustomAlert\internal\Alert\Alert.jsx">
        <metrics statements="6" coveredstatements="3" conditionals="2" coveredconditionals="0" methods="2" coveredmethods="0"/>
        <line num="10" count="29" type="stmt"/>
        <line num="11" count="0" type="stmt"/>
        <line num="12" count="0" type="stmt"/>
        <line num="16" count="0" type="stmt"/>
        <line num="30" count="29" type="stmt"/>
        <line num="36" count="29" type="stmt"/>
      </file>
      <file name="index.js" path="C:\Users\Artur\Desktop\activebaby-master\src\components\CustomAlert\internal\Alert\index.js">
        <metrics statements="0" coveredstatements="0" conditionals="0" coveredconditionals="0" methods="0" coveredmethods="0"/>
      </file>
    </package>
    <package name="src.components.CustomButton">
      <metrics statements="46" coveredstatements="13" conditionals="8" coveredconditionals="0" methods="26" coveredmethods="1"/>
      <file name="CustomButton.jsx" path="C:\Users\Artur\Desktop\activebaby-master\src\components\CustomButton\CustomButton.jsx">
        <metrics statements="3" coveredstatements="3" conditionals="0" coveredconditionals="0" methods="1" coveredmethods="1"/>
        <line num="5" count="29" type="stmt"/>
        <line num="6" count="1" type="stmt"/>
        <line num="13" count="29" type="stmt"/>
      </file>
      <file name="index.js" path="C:\Users\Artur\Desktop\activebaby-master\src\components\CustomButton\index.js">
        <metrics statements="0" coveredstatements="0" conditionals="0" coveredconditionals="0" methods="0" coveredmethods="0"/>
      </file>
      <file name="styles.js" path="C:\Users\Artur\Desktop\activebaby-master\src\components\CustomButton\styles.js">
        <metrics statements="43" coveredstatements="10" conditionals="8" coveredconditionals="0" methods="25" coveredmethods="0"/>
        <line num="5" count="29" type="stmt"/>
        <line num="12" count="29" type="stmt"/>
        <line num="13" count="0" type="stmt"/>
        <line num="14" count="0" type="stmt"/>
        <line num="15" count="0" type="stmt"/>
        <line num="17" count="0" type="stmt"/>
        <line num="18" count="0" type="stmt"/>
        <line num="22" count="29" type="stmt"/>
        <line num="23" count="0" type="stmt"/>
        <line num="24" count="0" type="stmt"/>
        <line num="27" count="0" type="stmt"/>
        <line num="28" count="0" type="stmt"/>
        <line num="29" count="0" type="stmt"/>
        <line num="33" count="29" type="stmt"/>
        <line num="34" count="0" type="stmt"/>
        <line num="35" count="0" type="stmt"/>
        <line num="38" count="0" type="stmt"/>
        <line num="39" count="0" type="stmt"/>
        <line num="40" count="0" type="stmt"/>
        <line num="44" count="29" type="stmt"/>
        <line num="45" count="0" type="cond" truecount="0" falsecount="2"/>
        <line num="46" count="0" type="stmt"/>
        <line num="48" count="0" type="cond" truecount="0" falsecount="2"/>
        <line num="49" count="0" type="stmt"/>
        <line num="51" count="0" type="stmt"/>
        <line num="54" count="29" type="stmt"/>
        <line num="58" count="29" type="stmt"/>
        <line num="64" count="29" type="stmt"/>
        <line num="65" count="0" type="cond" truecount="0" falsecount="2"/>
        <line num="66" count="0" type="stmt"/>
        <line num="68" count="0" type="stmt"/>
        <line num="71" count="29" type="stmt"/>
        <line num="72" count="0" type="cond" truecount="0" falsecount="2"/>
        <line num="73" count="0" type="stmt"/>
        <line num="75" count="0" type="stmt"/>
        <line num="79" count="29" type="stmt"/>
        <line num="85" count="0" type="stmt"/>
        <line num="86" count="0" type="stmt"/>
        <line num="87" count="0" type="stmt"/>
        <line num="88" count="0" type="stmt"/>
        <line num="89" count="0" type="stmt"/>
        <line num="90" count="0" type="stmt"/>
        <line num="91" count="0" type="stmt"/>
      </file>
    </package>
    <package name="src.components.CustomForm">
      <metrics statements="8" coveredstatements="4" conditionals="0" coveredconditionals="0" methods="5" coveredmethods="1"/>
      <file name="CustomForm.jsx" path="C:\Users\Artur\Desktop\activebaby-master\src\components\CustomForm\CustomForm.jsx">
        <metrics statements="3" coveredstatements="3" conditionals="0" coveredconditionals="0" methods="1" coveredmethods="1"/>
        <line num="5" count="28" type="stmt"/>
        <line num="6" count="1" type="stmt"/>
        <line num="13" count="28" type="stmt"/>
      </file>
      <file name="index.js" path="C:\Users\Artur\Desktop\activebaby-master\src\components\CustomForm\index.js">
        <metrics statements="0" coveredstatements="0" conditionals="0" coveredconditionals="0" methods="0" coveredmethods="0"/>
      </file>
      <file name="styles.js" path="C:\Users\Artur\Desktop\activebaby-master\src\components\CustomForm\styles.js">
        <metrics statements="5" coveredstatements="1" conditionals="0" coveredconditionals="0" methods="4" coveredmethods="0"/>
        <line num="3" count="28" type="stmt"/>
        <line num="7" count="0" type="stmt"/>
        <line num="8" count="0" type="stmt"/>
        <line num="9" count="0" type="stmt"/>
        <line num="10" count="0" type="stmt"/>
      </file>
    </package>
    <package name="src.components.CustomInput">
      <metrics statements="18" coveredstatements="8" conditionals="4" coveredconditionals="0" methods="7" coveredmethods="1"/>
      <file name="CustomInput.jsx" path="C:\Users\Artur\Desktop\activebaby-master\src\components\CustomInput\CustomInput.jsx">
        <metrics statements="3" coveredstatements="3" conditionals="0" coveredconditionals="0" methods="1" coveredmethods="1"/>
        <line num="7" count="28" type="stmt"/>
        <line num="8" count="1" type="stmt"/>
        <line num="17" count="28" type="stmt"/>
      </file>
      <file name="index.js" path="C:\Users\Artur\Desktop\activebaby-master\src\components\CustomInput\index.js">
        <metrics statements="0" coveredstatements="0" conditionals="0" coveredconditionals="0" methods="0" coveredmethods="0"/>
      </file>
      <file name="styles.js" path="C:\Users\Artur\Desktop\activebaby-master\src\components\CustomInput\styles.js">
        <metrics statements="15" coveredstatements="5" conditionals="4" coveredconditionals="0" methods="6" coveredmethods="0"/>
        <line num="4" count="28" type="stmt"/>
        <line num="8" count="28" type="stmt"/>
        <line num="9" count="0" type="cond" truecount="0" falsecount="2"/>
        <line num="10" count="0" type="stmt"/>
        <line num="12" count="0" type="stmt"/>
        <line num="15" count="28" type="stmt"/>
        <line num="20" count="28" type="stmt"/>
        <line num="21" count="0" type="cond" truecount="0" falsecount="2"/>
        <line num="22" count="0" type="stmt"/>
        <line num="24" count="0" type="stmt"/>
        <line num="28" count="28" type="stmt"/>
        <line num="33" count="0" type="stmt"/>
        <line num="34" count="0" type="stmt"/>
        <line num="35" count="0" type="stmt"/>
        <line num="44" count="0" type="stmt"/>
      </file>
    </package>
    <package name="src.components.CustomLabel">
      <metrics statements="9" coveredstatements="4" conditionals="0" coveredconditionals="0" methods="6" coveredmethods="1"/>
      <file name="CustomLabel.jsx" path="C:\Users\Artur\Desktop\activebaby-master\src\components\CustomLabel\CustomLabel.jsx">
        <metrics statements="3" coveredstatements="3" conditionals="0" coveredconditionals="0" methods="1" coveredmethods="1"/>
        <line num="5" count="29" type="stmt"/>
        <line num="6" count="1" type="stmt"/>
        <line num="13" count="29" type="stmt"/>
      </file>
      <file name="index.js" path="C:\Users\Artur\Desktop\activebaby-master\src\components\CustomLabel\index.js">
        <metrics statements="0" coveredstatements="0" conditionals="0" coveredconditionals="0" methods="0" coveredmethods="0"/>
      </file>
      <file name="styles.js" path="C:\Users\Artur\Desktop\activebaby-master\src\components\CustomLabel\styles.js">
        <metrics statements="6" coveredstatements="1" conditionals="0" coveredconditionals="0" methods="5" coveredmethods="0"/>
        <line num="6" count="29" type="stmt"/>
        <line num="12" count="0" type="stmt"/>
        <line num="13" count="0" type="stmt"/>
        <line num="14" count="0" type="stmt"/>
        <line num="15" count="0" type="stmt"/>
        <line num="16" count="0" type="stmt"/>
      </file>
    </package>
    <package name="src.components.CustomLinkLikeButton">
      <metrics statements="10" coveredstatements="5" conditionals="0" coveredconditionals="0" methods="6" coveredmethods="1"/>
      <file name="CustomLinkLikeButton.jsx" path="C:\Users\Artur\Desktop\activebaby-master\src\components\CustomLinkLikeButton\CustomLinkLikeButton.jsx">
        <metrics statements="3" coveredstatements="3" conditionals="0" coveredconditionals="0" methods="1" coveredmethods="1"/>
        <line num="5" count="28" type="stmt"/>
        <line num="6" count="1" type="stmt"/>
        <line num="13" count="28" type="stmt"/>
      </file>
      <file name="index.js" path="C:\Users\Artur\Desktop\activebaby-master\src\components\CustomLinkLikeButton\index.js">
        <metrics statements="0" coveredstatements="0" conditionals="0" coveredconditionals="0" methods="0" coveredmethods="0"/>
      </file>
      <file name="styles.js" path="C:\Users\Artur\Desktop\activebaby-master\src\components\CustomLinkLikeButton\styles.js">
        <metrics statements="7" coveredstatements="2" conditionals="0" coveredconditionals="0" methods="5" coveredmethods="0"/>
        <line num="5" count="28" type="stmt"/>
        <line num="8" count="0" type="stmt"/>
        <line num="9" count="0" type="stmt"/>
        <line num="10" count="0" type="stmt"/>
        <line num="17" count="0" type="stmt"/>
        <line num="18" count="0" type="stmt"/>
        <line num="23" count="28" type="stmt"/>
      </file>
    </package>
    <package name="src.components.ErrorBoundary">
      <metrics statements="12" coveredstatements="3" conditionals="2" coveredconditionals="0" methods="6" coveredmethods="0"/>
      <file name="ErrorBoundry.jsx" path="C:\Users\Artur\Desktop\activebaby-master\src\components\ErrorBoundary\ErrorBoundry.jsx">
        <metrics statements="7" coveredstatements="0" conditionals="2" coveredconditionals="0" methods="4" coveredmethods="0"/>
        <line num="7" count="0" type="stmt"/>
        <line num="8" count="0" type="stmt"/>
        <line num="16" count="0" type="stmt"/>
        <line num="21" count="0" type="stmt"/>
        <line num="25" count="0" type="cond" truecount="0" falsecount="2"/>
        <line num="26" count="0" type="stmt"/>
        <line num="33" count="0" type="stmt"/>
      </file>
      <file name="index.js" path="C:\Users\Artur\Desktop\activebaby-master\src\components\ErrorBoundary\index.js">
        <metrics statements="0" coveredstatements="0" conditionals="0" coveredconditionals="0" methods="0" coveredmethods="0"/>
      </file>
      <file name="styles.js" path="C:\Users\Artur\Desktop\activebaby-master\src\components\ErrorBoundary\styles.js">
        <metrics statements="5" coveredstatements="3" conditionals="0" coveredconditionals="0" methods="2" coveredmethods="0"/>
        <line num="4" count="1" type="stmt"/>
        <line num="15" count="1" type="stmt"/>
        <line num="17" count="0" type="stmt"/>
        <line num="24" count="1" type="stmt"/>
        <line num="27" count="0" type="stmt"/>
      </file>
    </package>
    <package name="src.components.Footer">
      <metrics statements="42" coveredstatements="18" conditionals="0" coveredconditionals="0" methods="16" coveredmethods="0"/>
      <file name="Footer.jsx" path="C:\Users\Artur\Desktop\activebaby-master\src\components\Footer\Footer.jsx">
        <metrics statements="20" coveredstatements="4" conditionals="0" coveredconditionals="0" methods="8" coveredmethods="0"/>
        <line num="24" count="27" type="stmt"/>
        <line num="25" count="0" type="stmt"/>
        <line num="26" count="0" type="stmt"/>
        <line num="27" count="0" type="stmt"/>
        <line num="29" count="0" type="stmt"/>
        <line num="30" count="0" type="stmt"/>
        <line num="40" count="0" type="stmt"/>
        <line num="42" count="0" type="stmt"/>
        <line num="43" count="0" type="stmt"/>
        <line num="44" count="0" type="stmt"/>
        <line num="45" count="0" type="stmt"/>
        <line num="48" count="0" type="stmt"/>
        <line num="49" count="0" type="stmt"/>
        <line num="50" count="0" type="stmt"/>
        <line num="54" count="0" type="stmt"/>
        <line num="67" count="0" type="stmt"/>
        <line num="115" count="27" type="stmt"/>
        <line num="119" count="27" type="stmt"/>
        <line num="120" count="0" type="stmt"/>
        <line num="126" count="27" type="stmt"/>
      </file>
      <file name="data.js" path="C:\Users\Artur\Desktop\activebaby-master\src\components\Footer\data.js">
        <metrics statements="1" coveredstatements="1" conditionals="0" coveredconditionals="0" methods="0" coveredmethods="0"/>
        <line num="1" count="28" type="stmt"/>
      </file>
      <file name="index.js" path="C:\Users\Artur\Desktop\activebaby-master\src\components\Footer\index.js">
        <metrics statements="0" coveredstatements="0" conditionals="0" coveredconditionals="0" methods="0" coveredmethods="0"/>
      </file>
      <file name="styles.js" path="C:\Users\Artur\Desktop\activebaby-master\src\components\Footer\styles.js">
        <metrics statements="21" coveredstatements="13" conditionals="0" coveredconditionals="0" methods="8" coveredmethods="0"/>
        <line num="6" count="28" type="stmt"/>
        <line num="9" count="0" type="stmt"/>
        <line num="10" count="0" type="stmt"/>
        <line num="13" count="28" type="stmt"/>
        <line num="18" count="28" type="stmt"/>
        <line num="21" count="0" type="stmt"/>
        <line num="27" count="28" type="stmt"/>
        <line num="34" count="0" type="stmt"/>
        <line num="38" count="28" type="stmt"/>
        <line num="45" count="28" type="stmt"/>
        <line num="48" count="0" type="stmt"/>
        <line num="53" count="28" type="stmt"/>
        <line num="60" count="28" type="stmt"/>
        <line num="63" count="0" type="stmt"/>
        <line num="67" count="0" type="stmt"/>
        <line num="72" count="28" type="stmt"/>
        <line num="73" count="0" type="stmt"/>
        <line num="80" count="28" type="stmt"/>
        <line num="88" count="28" type="stmt"/>
        <line num="95" count="28" type="stmt"/>
        <line num="104" count="28" type="stmt"/>
      </file>
    </package>
    <package name="src.components.Footer.internal">
      <metrics statements="0" coveredstatements="0" conditionals="0" coveredconditionals="0" methods="0" coveredmethods="0"/>
      <file name="index.js" path="C:\Users\Artur\Desktop\activebaby-master\src\components\Footer\internal\index.js">
        <metrics statements="0" coveredstatements="0" conditionals="0" coveredconditionals="0" methods="0" coveredmethods="0"/>
      </file>
    </package>
    <package name="src.components.Footer.internal.SocialLinksComponent">
      <metrics statements="2" coveredstatements="2" conditionals="0" coveredconditionals="0" methods="1" coveredmethods="1"/>
      <file name="SocialLinksComponent.jsx" path="C:\Users\Artur\Desktop\activebaby-master\src\components\Footer\internal\SocialLinksComponent\SocialLinksComponent.jsx">
        <metrics statements="2" coveredstatements="2" conditionals="0" coveredconditionals="0" methods="1" coveredmethods="1"/>
        <line num="6" count="28" type="stmt"/>
        <line num="7" count="1" type="stmt"/>
      </file>
      <file name="index.js" path="C:\Users\Artur\Desktop\activebaby-master\src\components\Footer\internal\SocialLinksComponent\index.js">
        <metrics statements="0" coveredstatements="0" conditionals="0" coveredconditionals="0" methods="0" coveredmethods="0"/>
      </file>
    </package>
    <package name="src.components.GoogleMaps">
      <metrics statements="16" coveredstatements="9" conditionals="2" coveredconditionals="0" methods="6" coveredmethods="1"/>
      <file name="GoogleMaps.jsx" path="C:\Users\Artur\Desktop\activebaby-master\src\components\GoogleMaps\GoogleMaps.jsx">
        <metrics statements="11" coveredstatements="6" conditionals="2" coveredconditionals="0" methods="4" coveredmethods="1"/>
        <line num="9" count="29" type="stmt"/>
        <line num="10" count="0" type="stmt"/>
        <line num="11" count="0" type="stmt"/>
        <line num="12" count="0" type="stmt"/>
        <line num="16" count="0" type="stmt"/>
        <line num="18" count="0" type="stmt"/>
        <line num="32" count="29" type="stmt"/>
        <line num="41" count="29" type="stmt"/>
        <line num="42" count="29" type="stmt"/>
        <line num="43" count="29" type="stmt"/>
        <line num="44" count="1" type="stmt"/>
      </file>
      <file name="index.js" path="C:\Users\Artur\Desktop\activebaby-master\src\components\GoogleMaps\index.js">
        <metrics statements="0" coveredstatements="0" conditionals="0" coveredconditionals="0" methods="0" coveredmethods="0"/>
      </file>
      <file name="styles.js" path="C:\Users\Artur\Desktop\activebaby-master\src\components\GoogleMaps\styles.js">
        <metrics statements="5" coveredstatements="3" conditionals="0" coveredconditionals="0" methods="2" coveredmethods="0"/>
        <line num="3" count="29" type="stmt"/>
        <line num="7" count="29" type="stmt"/>
        <line num="10" count="29" type="stmt"/>
        <line num="13" count="0" type="stmt"/>
        <line num="16" count="0" type="stmt"/>
      </file>
    </package>
    <package name="src.components.Header">
      <metrics statements="42" coveredstatements="26" conditionals="0" coveredconditionals="0" methods="16" coveredmethods="0"/>
      <file name="Header.jsx" path="C:\Users\Artur\Desktop\activebaby-master\src\components\Header\Header.jsx">
        <metrics statements="4" coveredstatements="2" conditionals="0" coveredconditionals="0" methods="2" coveredmethods="0"/>
        <line num="26" count="27" type="stmt"/>
        <line num="27" count="0" type="stmt"/>
        <line num="48" count="0" type="stmt"/>
        <line num="74" count="27" type="stmt"/>
      </file>
      <file name="index.js" path="C:\Users\Artur\Desktop\activebaby-master\src\components\Header\index.js">
        <metrics statements="0" coveredstatements="0" conditionals="0" coveredconditionals="0" methods="0" coveredmethods="0"/>
      </file>
      <file name="styles.js" path="C:\Users\Artur\Desktop\activebaby-master\src\components\Header\styles.js">
        <metrics statements="38" coveredstatements="24" conditionals="0" coveredconditionals="0" methods="14" coveredmethods="0"/>
        <line num="7" count="27" type="stmt"/>
        <line num="12" count="0" type="stmt"/>
        <line num="16" count="0" type="stmt"/>
        <line num="21" count="27" type="stmt"/>
        <line num="32" count="27" type="stmt"/>
        <line num="36" count="0" type="stmt"/>
        <line num="40" count="27" type="stmt"/>
        <line num="45" count="27" type="stmt"/>
        <line num="46" count="0" type="stmt"/>
        <line num="54" count="27" type="stmt"/>
        <line num="59" count="27" type="stmt"/>
        <line num="65" count="27" type="stmt"/>
        <line num="72" count="0" type="stmt"/>
        <line num="76" count="27" type="stmt"/>
        <line num="85" count="27" type="stmt"/>
        <line num="95" count="27" type="stmt"/>
        <line num="99" count="27" type="stmt"/>
        <line num="101" count="0" type="stmt"/>
        <line num="104" count="0" type="stmt"/>
        <line num="108" count="27" type="stmt"/>
        <line num="113" count="27" type="stmt"/>
        <line num="116" count="0" type="stmt"/>
        <line num="125" count="27" type="stmt"/>
        <line num="133" count="27" type="stmt"/>
        <line num="139" count="0" type="stmt"/>
        <line num="143" count="0" type="stmt"/>
        <line num="150" count="27" type="stmt"/>
        <line num="156" count="27" type="stmt"/>
        <line num="159" count="0" type="stmt"/>
        <line num="162" count="0" type="stmt"/>
        <line num="166" count="27" type="stmt"/>
        <line num="170" count="27" type="stmt"/>
        <line num="180" count="27" type="stmt"/>
        <line num="196" count="27" type="stmt"/>
        <line num="203" count="27" type="stmt"/>
        <line num="209" count="27" type="stmt"/>
        <line num="211" count="0" type="stmt"/>
        <line num="214" count="0" type="stmt"/>
      </file>
    </package>
    <package name="src.components.HeaderNavContainer">
      <metrics statements="5" coveredstatements="2" conditionals="0" coveredconditionals="0" methods="2" coveredmethods="0"/>
      <file name="HeaderNavContainer.jsx" path="C:\Users\Artur\Desktop\activebaby-master\src\components\HeaderNavContainer\HeaderNavContainer.jsx">
        <metrics statements="5" coveredstatements="2" conditionals="0" coveredconditionals="0" methods="2" coveredmethods="0"/>
        <line num="18" count="27" type="stmt"/>
        <line num="20" count="0" type="stmt"/>
        <line num="22" count="0" type="stmt"/>
        <line num="38" count="0" type="stmt"/>
        <line num="66" count="27" type="stmt"/>
      </file>
      <file name="index.js" path="C:\Users\Artur\Desktop\activebaby-master\src\components\HeaderNavContainer\index.js">
        <metrics statements="0" coveredstatements="0" conditionals="0" coveredconditionals="0" methods="0" coveredmethods="0"/>
      </file>
    </package>
    <package name="src.components.HeaderNavContainer.internal">
      <metrics statements="0" coveredstatements="0" conditionals="0" coveredconditionals="0" methods="0" coveredmethods="0"/>
      <file name="index.js" path="C:\Users\Artur\Desktop\activebaby-master\src\components\HeaderNavContainer\internal\index.js">
        <metrics statements="0" coveredstatements="0" conditionals="0" coveredconditionals="0" methods="0" coveredmethods="0"/>
      </file>
    </package>
    <package name="src.components.HeaderNavContainer.internal.HeaderArticles">
      <metrics statements="9" coveredstatements="3" conditionals="0" coveredconditionals="0" methods="4" coveredmethods="0"/>
      <file name="HeaderArticles.jsx" path="C:\Users\Artur\Desktop\activebaby-master\src\components\HeaderNavContainer\internal\HeaderArticles\HeaderArticles.jsx">
        <metrics statements="9" coveredstatements="3" conditionals="0" coveredconditionals="0" methods="4" coveredmethods="0"/>
        <line num="9" count="27" type="stmt"/>
        <line num="10" count="0" type="stmt"/>
        <line num="12" count="0" type="stmt"/>
        <line num="13" count="0" type="stmt"/>
        <line num="14" count="0" type="stmt"/>
        <line num="23" count="0" type="stmt"/>
        <line num="26" count="0" type="stmt"/>
        <line num="36" count="27" type="stmt"/>
        <line num="42" count="27" type="stmt"/>
      </file>
      <file name="index.js" path="C:\Users\Artur\Desktop\activebaby-master\src\components\HeaderNavContainer\internal\HeaderArticles\index.js">
        <metrics statements="0" coveredstatements="0" conditionals="0" coveredconditionals="0" methods="0" coveredmethods="0"/>
      </file>
    </package>
    <package name="src.components.HeaderNavContainer.internal.HeaderCategory">
      <metrics statements="11" coveredstatements="3" conditionals="0" coveredconditionals="0" methods="6" coveredmethods="0"/>
      <file name="HeaderCategory.jsx" path="C:\Users\Artur\Desktop\activebaby-master\src\components\HeaderNavContainer\internal\HeaderCategory\HeaderCategory.jsx">
        <metrics statements="11" coveredstatements="3" conditionals="0" coveredconditionals="0" methods="6" coveredmethods="0"/>
        <line num="9" count="27" type="stmt"/>
        <line num="10" count="0" type="stmt"/>
        <line num="13" count="0" type="stmt"/>
        <line num="14" count="0" type="stmt"/>
        <line num="15" count="0" type="stmt"/>
        <line num="18" count="0" type="stmt"/>
        <line num="29" count="0" type="stmt"/>
        <line num="32" count="0" type="stmt"/>
        <line num="34" count="0" type="stmt"/>
        <line num="44" count="27" type="stmt"/>
        <line num="51" count="27" type="stmt"/>
      </file>
      <file name="index.js" path="C:\Users\Artur\Desktop\activebaby-master\src\components\HeaderNavContainer\internal\HeaderCategory\index.js">
        <metrics statements="0" coveredstatements="0" conditionals="0" coveredconditionals="0" methods="0" coveredmethods="0"/>
      </file>
    </package>
    <package name="src.components.HeaderSearchDropdown">
      <metrics statements="11" coveredstatements="6" conditionals="0" coveredconditionals="0" methods="4" coveredmethods="0"/>
      <file name="HeaderSearchDropdown.jsx" path="C:\Users\Artur\Desktop\activebaby-master\src\components\HeaderSearchDropdown\HeaderSearchDropdown.jsx">
        <metrics statements="3" coveredstatements="1" conditionals="0" coveredconditionals="0" methods="1" coveredmethods="0"/>
        <line num="7" count="27" type="stmt"/>
        <line num="8" count="0" type="stmt"/>
        <line num="9" count="0" type="stmt"/>
      </file>
      <file name="index.js" path="C:\Users\Artur\Desktop\activebaby-master\src\components\HeaderSearchDropdown\index.js">
        <metrics statements="0" coveredstatements="0" conditionals="0" coveredconditionals="0" methods="0" coveredmethods="0"/>
      </file>
      <file name="styles.js" path="C:\Users\Artur\Desktop\activebaby-master\src\components\HeaderSearchDropdown\styles.js">
        <metrics statements="8" coveredstatements="5" conditionals="0" coveredconditionals="0" methods="3" coveredmethods="0"/>
        <line num="5" count="27" type="stmt"/>
        <line num="10" count="0" type="stmt"/>
        <line num="16" count="27" type="stmt"/>
        <line num="31" count="27" type="stmt"/>
        <line num="35" count="0" type="stmt"/>
        <line num="43" count="27" type="stmt"/>
        <line num="51" count="0" type="stmt"/>
        <line num="54" count="27" type="stmt"/>
      </file>
    </package>
    <package name="src.components.LinkCardHover">
      <metrics statements="13" coveredstatements="9" conditionals="0" coveredconditionals="0" methods="5" coveredmethods="1"/>
      <file name="LinkCardHover.jsx" path="C:\Users\Artur\Desktop\activebaby-master\src\components\LinkCardHover\LinkCardHover.jsx">
        <metrics statements="4" coveredstatements="4" conditionals="0" coveredconditionals="0" methods="1" coveredmethods="1"/>
        <line num="6" count="28" type="stmt"/>
        <line num="7" count="1" type="stmt"/>
        <line num="8" count="1" type="stmt"/>
        <line num="23" count="28" type="stmt"/>
      </file>
      <file name="index.js" path="C:\Users\Artur\Desktop\activebaby-master\src\components\LinkCardHover\index.js">
        <metrics statements="0" coveredstatements="0" conditionals="0" coveredconditionals="0" methods="0" coveredmethods="0"/>
      </file>
      <file name="styles.js" path="C:\Users\Artur\Desktop\activebaby-master\src\components\LinkCardHover\styles.js">
        <metrics statements="9" coveredstatements="5" conditionals="0" coveredconditionals="0" methods="4" coveredmethods="0"/>
        <line num="6" count="28" type="stmt"/>
        <line num="10" count="0" type="stmt"/>
        <line num="13" count="0" type="stmt"/>
        <line num="24" count="28" type="stmt"/>
        <line num="31" count="28" type="stmt"/>
        <line num="33" count="0" type="stmt"/>
        <line num="36" count="0" type="stmt"/>
        <line num="43" count="28" type="stmt"/>
        <line num="73" count="28" type="stmt"/>
      </file>
    </package>
    <package name="src.components.LocationMarkerLink">
      <metrics statements="5" coveredstatements="3" conditionals="0" coveredconditionals="0" methods="3" coveredmethods="0"/>
      <file name="LocationMarkerLink.jsx" path="C:\Users\Artur\Desktop\activebaby-master\src\components\LocationMarkerLink\LocationMarkerLink.jsx">
        <metrics statements="3" coveredstatements="2" conditionals="0" coveredconditionals="0" methods="2" coveredmethods="0"/>
        <line num="8" count="27" type="stmt"/>
        <line num="9" count="0" type="stmt"/>
        <line num="16" count="27" type="stmt"/>
      </file>
      <file name="index.js" path="C:\Users\Artur\Desktop\activebaby-master\src\components\LocationMarkerLink\index.js">
        <metrics statements="0" coveredstatements="0" conditionals="0" coveredconditionals="0" methods="0" coveredmethods="0"/>
      </file>
      <file name="styles.js" path="C:\Users\Artur\Desktop\activebaby-master\src\components\LocationMarkerLink\styles.js">
        <metrics statements="2" coveredstatements="1" conditionals="0" coveredconditionals="0" methods="1" coveredmethods="0"/>
        <line num="3" count="27" type="stmt"/>
        <line num="13" count="0" type="stmt"/>
      </file>
    </package>
    <package name="src.components.LoginHeaderLink">
      <metrics statements="12" coveredstatements="6" conditionals="2" coveredconditionals="0" methods="6" coveredmethods="0"/>
      <file name="LoginHeaderLink.jsx" path="C:\Users\Artur\Desktop\activebaby-master\src\components\LoginHeaderLink\LoginHeaderLink.jsx">
        <metrics statements="8" coveredstatements="4" conditionals="2" coveredconditionals="0" methods="4" coveredmethods="0"/>
        <line num="12" count="27" type="stmt"/>
        <line num="13" count="0" type="stmt"/>
        <line num="15" count="0" type="stmt"/>
        <line num="33" count="27" type="stmt"/>
        <line num="37" count="27" type="stmt"/>
        <line num="38" count="0" type="stmt"/>
        <line num="43" count="27" type="stmt"/>
        <line num="44" count="0" type="stmt"/>
      </file>
      <file name="index.js" path="C:\Users\Artur\Desktop\activebaby-master\src\components\LoginHeaderLink\index.js">
        <metrics statements="0" coveredstatements="0" conditionals="0" coveredconditionals="0" methods="0" coveredmethods="0"/>
      </file>
      <file name="styles.js" path="C:\Users\Artur\Desktop\activebaby-master\src\components\LoginHeaderLink\styles.js">
        <metrics statements="4" coveredstatements="2" conditionals="0" coveredconditionals="0" methods="2" coveredmethods="0"/>
        <line num="6" count="27" type="stmt"/>
        <line num="10" count="0" type="stmt"/>
        <line num="18" count="0" type="stmt"/>
        <line num="24" count="27" type="stmt"/>
      </file>
    </package>
    <package name="src.components.Logo">
      <metrics statements="3" coveredstatements="3" conditionals="0" coveredconditionals="0" methods="0" coveredmethods="0"/>
      <file name="Logo.js" path="C:\Users\Artur\Desktop\activebaby-master\src\components\Logo\Logo.js">
        <metrics statements="3" coveredstatements="3" conditionals="0" coveredconditionals="0" methods="0" coveredmethods="0"/>
        <line num="6" count="27" type="stmt"/>
        <line num="14" count="27" type="stmt"/>
        <line num="23" count="27" type="stmt"/>
      </file>
      <file name="index.js" path="C:\Users\Artur\Desktop\activebaby-master\src\components\Logo\index.js">
        <metrics statements="0" coveredstatements="0" conditionals="0" coveredconditionals="0" methods="0" coveredmethods="0"/>
      </file>
    </package>
    <package name="src.components.OnScrollHeader">
      <metrics statements="11" coveredstatements="7" conditionals="2" coveredconditionals="0" methods="3" coveredmethods="1"/>
      <file name="OnScrollHeader.jsx" path="C:\Users\Artur\Desktop\activebaby-master\src\components\OnScrollHeader\OnScrollHeader.jsx">
        <metrics statements="3" coveredstatements="3" conditionals="0" coveredconditionals="0" methods="1" coveredmethods="1"/>
        <line num="6" count="27" type="stmt"/>
        <line num="7" count="1" type="stmt"/>
        <line num="14" count="27" type="stmt"/>
      </file>
      <file name="index.js" path="C:\Users\Artur\Desktop\activebaby-master\src\components\OnScrollHeader\index.js">
        <metrics statements="0" coveredstatements="0" conditionals="0" coveredconditionals="0" methods="0" coveredmethods="0"/>
      </file>
      <file name="styles.js" path="C:\Users\Artur\Desktop\activebaby-master\src\components\OnScrollHeader\styles.js">
        <metrics statements="8" coveredstatements="4" conditionals="2" coveredconditionals="0" methods="2" coveredmethods="0"/>
        <line num="4" count="27" type="stmt"/>
        <line num="16" count="27" type="stmt"/>
        <line num="23" count="27" type="stmt"/>
        <line num="24" count="0" type="cond" truecount="0" falsecount="2"/>
        <line num="25" count="0" type="stmt"/>
        <line num="27" count="0" type="stmt"/>
        <line num="31" count="27" type="stmt"/>
        <line num="36" count="0" type="stmt"/>
      </file>
    </package>
    <package name="src.components.Portal">
      <metrics statements="9" coveredstatements="6" conditionals="0" coveredconditionals="0" methods="4" coveredmethods="2"/>
      <file name="Portal.jsx" path="C:\Users\Artur\Desktop\activebaby-master\src\components\Portal\Portal.jsx">
        <metrics statements="9" coveredstatements="6" conditionals="0" coveredconditionals="0" methods="4" coveredmethods="2"/>
        <line num="4" count="29" type="stmt"/>
        <line num="5" count="1" type="stmt"/>
        <line num="6" count="1" type="stmt"/>
        <line num="8" count="1" type="stmt"/>
        <line num="9" count="1" type="stmt"/>
        <line num="10" count="0" type="stmt"/>
        <line num="11" count="0" type="stmt"/>
        <line num="12" count="0" type="stmt"/>
        <line num="16" count="1" type="stmt"/>
      </file>
      <file name="index.js" path="C:\Users\Artur\Desktop\activebaby-master\src\components\Portal\index.js">
        <metrics statements="0" coveredstatements="0" conditionals="0" coveredconditionals="0" methods="0" coveredmethods="0"/>
      </file>
    </package>
    <package name="src.components.SearchDesktop">
      <metrics statements="14" coveredstatements="9" conditionals="0" coveredconditionals="0" methods="6" coveredmethods="1"/>
      <file name="Search.jsx" path="C:\Users\Artur\Desktop\activebaby-master\src\components\SearchDesktop\Search.jsx">
        <metrics statements="5" coveredstatements="5" conditionals="0" coveredconditionals="0" methods="1" coveredmethods="1"/>
        <line num="12" count="27" type="stmt"/>
        <line num="13" count="27" type="stmt"/>
        <line num="16" count="27" type="stmt"/>
        <line num="17" count="1" type="stmt"/>
        <line num="18" count="1" type="stmt"/>
      </file>
      <file name="index.js" path="C:\Users\Artur\Desktop\activebaby-master\src\components\SearchDesktop\index.js">
        <metrics statements="0" coveredstatements="0" conditionals="0" coveredconditionals="0" methods="0" coveredmethods="0"/>
      </file>
      <file name="styles.js" path="C:\Users\Artur\Desktop\activebaby-master\src\components\SearchDesktop\styles.js">
        <metrics statements="9" coveredstatements="4" conditionals="0" coveredconditionals="0" methods="5" coveredmethods="0"/>
        <line num="5" count="27" type="stmt"/>
        <line num="15" count="0" type="stmt"/>
        <line num="18" count="27" type="stmt"/>
        <line num="22" count="0" type="stmt"/>
        <line num="25" count="0" type="stmt"/>
        <line num="28" count="27" type="stmt"/>
        <line num="32" count="0" type="stmt"/>
        <line num="34" count="0" type="stmt"/>
        <line num="44" count="27" type="stmt"/>
      </file>
    </package>
    <package name="src.components.SearchMobile">
      <metrics statements="3" coveredstatements="3" conditionals="0" coveredconditionals="0" methods="1" coveredmethods="1"/>
      <file name="SearchMobile.jsx" path="C:\Users\Artur\Desktop\activebaby-master\src\components\SearchMobile\SearchMobile.jsx">
        <metrics statements="2" coveredstatements="2" conditionals="0" coveredconditionals="0" methods="1" coveredmethods="1"/>
        <line num="6" count="27" type="stmt"/>
        <line num="7" count="1" type="stmt"/>
      </file>
      <file name="index.js" path="C:\Users\Artur\Desktop\activebaby-master\src\components\SearchMobile\index.js">
        <metrics statements="0" coveredstatements="0" conditionals="0" coveredconditionals="0" methods="0" coveredmethods="0"/>
      </file>
      <file name="styles.js" path="C:\Users\Artur\Desktop\activebaby-master\src\components\SearchMobile\styles.js">
        <metrics statements="1" coveredstatements="1" conditionals="0" coveredconditionals="0" methods="0" coveredmethods="0"/>
        <line num="4" count="27" type="stmt"/>
      </file>
    </package>
    <package name="src.components.ShopCart">
      <metrics statements="21" coveredstatements="9" conditionals="2" coveredconditionals="0" methods="11" coveredmethods="0"/>
      <file name="ShopCart.jsx" path="C:\Users\Artur\Desktop\activebaby-master\src\components\ShopCart\ShopCart.jsx">
        <metrics statements="6" coveredstatements="3" conditionals="2" coveredconditionals="0" methods="2" coveredmethods="0"/>
        <line num="12" count="27" type="stmt"/>
        <line num="13" count="0" type="stmt"/>
        <line num="16" count="0" type="stmt"/>
        <line num="17" count="0" type="stmt"/>
        <line num="28" count="27" type="stmt"/>
        <line num="32" count="27" type="stmt"/>
      </file>
      <file name="index.js" path="C:\Users\Artur\Desktop\activebaby-master\src\components\ShopCart\index.js">
        <metrics statements="0" coveredstatements="0" conditionals="0" coveredconditionals="0" methods="0" coveredmethods="0"/>
      </file>
      <file name="styles.js" path="C:\Users\Artur\Desktop\activebaby-master\src\components\ShopCart\styles.js">
        <metrics statements="15" coveredstatements="6" conditionals="0" coveredconditionals="0" methods="9" coveredmethods="0"/>
        <line num="5" count="27" type="stmt"/>
        <line num="8" count="0" type="stmt"/>
        <line num="12" count="0" type="stmt"/>
        <line num="14" count="0" type="stmt"/>
        <line num="17" count="0" type="stmt"/>
        <line num="22" count="27" type="stmt"/>
        <line num="28" count="0" type="stmt"/>
        <line num="33" count="27" type="stmt"/>
        <line num="47" count="0" type="stmt"/>
        <line num="48" count="0" type="stmt"/>
        <line num="49" count="0" type="stmt"/>
        <line num="50" count="0" type="stmt"/>
        <line num="54" count="27" type="stmt"/>
        <line num="59" count="27" type="stmt"/>
        <line num="67" count="27" type="stmt"/>
      </file>
    </package>
    <package name="src.components.ShopCart.internal">
      <metrics statements="0" coveredstatements="0" conditionals="0" coveredconditionals="0" methods="0" coveredmethods="0"/>
      <file name="index.js" path="C:\Users\Artur\Desktop\activebaby-master\src\components\ShopCart\internal\index.js">
        <metrics statements="0" coveredstatements="0" conditionals="0" coveredconditionals="0" methods="0" coveredmethods="0"/>
      </file>
    </package>
    <package name="src.components.ShopCart.internal.CartItem">
      <metrics statements="9" coveredstatements="9" conditionals="0" coveredconditionals="0" methods="1" coveredmethods="1"/>
      <file name="CartItem.jsx" path="C:\Users\Artur\Desktop\activebaby-master\src\components\ShopCart\internal\CartItem\CartItem.jsx">
        <metrics statements="4" coveredstatements="4" conditionals="0" coveredconditionals="0" methods="1" coveredmethods="1"/>
        <line num="11" count="28" type="stmt"/>
        <line num="12" count="1" type="stmt"/>
        <line num="13" count="1" type="stmt"/>
        <line num="28" count="28" type="stmt"/>
      </file>
      <file name="index.js" path="C:\Users\Artur\Desktop\activebaby-master\src\components\ShopCart\internal\CartItem\index.js">
        <metrics statements="0" coveredstatements="0" conditionals="0" coveredconditionals="0" methods="0" coveredmethods="0"/>
      </file>
      <file name="styles.js" path="C:\Users\Artur\Desktop\activebaby-master\src\components\ShopCart\internal\CartItem\styles.js">
        <metrics statements="5" coveredstatements="5" conditionals="0" coveredconditionals="0" methods="0" coveredmethods="0"/>
        <line num="3" count="28" type="stmt"/>
        <line num="10" count="28" type="stmt"/>
        <line num="14" count="28" type="stmt"/>
        <line num="23" count="28" type="stmt"/>
        <line num="27" count="28" type="stmt"/>
      </file>
    </package>
    <package name="src.components.ShopCart.internal.ShopCartDropDown">
      <metrics statements="7" coveredstatements="3" conditionals="4" coveredconditionals="0" methods="3" coveredmethods="0"/>
      <file name="ShopCartDropdown.jsx" path="C:\Users\Artur\Desktop\activebaby-master\src\components\ShopCart\internal\ShopCartDropDown\ShopCartDropdown.jsx">
        <metrics statements="7" coveredstatements="3" conditionals="4" coveredconditionals="0" methods="3" coveredmethods="0"/>
        <line num="17" count="27" type="stmt"/>
        <line num="18" count="0" type="stmt"/>
        <line num="19" count="0" type="stmt"/>
        <line num="25" count="0" type="stmt"/>
        <line num="32" count="0" type="stmt"/>
        <line num="40" count="27" type="stmt"/>
        <line num="46" count="27" type="stmt"/>
      </file>
      <file name="index.js" path="C:\Users\Artur\Desktop\activebaby-master\src\components\ShopCart\internal\ShopCartDropDown\index.js">
        <metrics statements="0" coveredstatements="0" conditionals="0" coveredconditionals="0" methods="0" coveredmethods="0"/>
      </file>
    </package>
    <package name="src.components.SliderMain">
      <metrics statements="24" coveredstatements="15" conditionals="0" coveredconditionals="0" methods="11" coveredmethods="2"/>
      <file name="SliderMain.jsx" path="C:\Users\Artur\Desktop\activebaby-master\src\components\SliderMain\SliderMain.jsx">
        <metrics statements="6" coveredstatements="6" conditionals="0" coveredconditionals="0" methods="2" coveredmethods="2"/>
        <line num="7" count="28" type="stmt"/>
        <line num="9" count="1" type="stmt"/>
        <line num="22" count="1" type="stmt"/>
        <line num="24" count="1" type="stmt"/>
        <line num="37" count="1" type="stmt"/>
        <line num="48" count="28" type="stmt"/>
      </file>
      <file name="index.js" path="C:\Users\Artur\Desktop\activebaby-master\src\components\SliderMain\index.js">
        <metrics statements="0" coveredstatements="0" conditionals="0" coveredconditionals="0" methods="0" coveredmethods="0"/>
      </file>
      <file name="styles.js" path="C:\Users\Artur\Desktop\activebaby-master\src\components\SliderMain\styles.js">
        <metrics statements="18" coveredstatements="9" conditionals="0" coveredconditionals="0" methods="9" coveredmethods="0"/>
        <line num="4" count="28" type="stmt"/>
        <line num="5" count="28" type="stmt"/>
        <line num="7" count="28" type="stmt"/>
        <line num="23" count="28" type="stmt"/>
        <line num="25" count="0" type="stmt"/>
        <line num="51" count="28" type="stmt"/>
        <line num="58" count="0" type="stmt"/>
        <line num="59" count="0" type="stmt"/>
        <line num="71" count="0" type="stmt"/>
        <line num="72" count="0" type="stmt"/>
        <line num="77" count="28" type="stmt"/>
        <line num="81" count="28" type="stmt"/>
        <line num="85" count="28" type="stmt"/>
        <line num="94" count="0" type="stmt"/>
        <line num="95" count="0" type="stmt"/>
        <line num="99" count="0" type="stmt"/>
        <line num="100" count="0" type="stmt"/>
        <line num="104" count="28" type="stmt"/>
      </file>
    </package>
    <package name="src.components.SliderSmall">
      <metrics statements="6" coveredstatements="6" conditionals="2" coveredconditionals="1" methods="2" coveredmethods="2"/>
      <file name="SliderSmall.jsx" path="C:\Users\Artur\Desktop\activebaby-master\src\components\SliderSmall\SliderSmall.jsx">
        <metrics statements="6" coveredstatements="6" conditionals="2" coveredconditionals="1" methods="2" coveredmethods="2"/>
        <line num="7" count="28" type="stmt"/>
        <line num="8" count="1" type="stmt"/>
        <line num="21" count="1" type="stmt"/>
        <line num="23" count="1" type="stmt"/>
        <line num="28" count="1" type="stmt"/>
        <line num="39" count="28" type="stmt"/>
      </file>
      <file name="index.js" path="C:\Users\Artur\Desktop\activebaby-master\src\components\SliderSmall\index.js">
        <metrics statements="0" coveredstatements="0" conditionals="0" coveredconditionals="0" methods="0" coveredmethods="0"/>
      </file>
    </package>
    <package name="src.components.SliderSmallCard">
      <metrics statements="13" coveredstatements="10" conditionals="0" coveredconditionals="0" methods="4" coveredmethods="1"/>
      <file name="SliderSmallCard.jsx" path="C:\Users\Artur\Desktop\activebaby-master\src\components\SliderSmallCard\SliderSmallCard.jsx">
        <metrics statements="5" coveredstatements="5" conditionals="0" coveredconditionals="0" methods="1" coveredmethods="1"/>
        <line num="13" count="29" type="stmt"/>
        <line num="14" count="1" type="stmt"/>
        <line num="15" count="1" type="stmt"/>
        <line num="17" count="1" type="stmt"/>
        <line num="30" count="29" type="stmt"/>
      </file>
      <file name="index.js" path="C:\Users\Artur\Desktop\activebaby-master\src\components\SliderSmallCard\index.js">
        <metrics statements="0" coveredstatements="0" conditionals="0" coveredconditionals="0" methods="0" coveredmethods="0"/>
      </file>
      <file name="styles.js" path="C:\Users\Artur\Desktop\activebaby-master\src\components\SliderSmallCard\styles.js">
        <metrics statements="8" coveredstatements="5" conditionals="0" coveredconditionals="0" methods="3" coveredmethods="0"/>
        <line num="5" count="29" type="stmt"/>
        <line num="14" count="29" type="stmt"/>
        <line num="19" count="29" type="stmt"/>
        <line num="23" count="0" type="stmt"/>
        <line num="26" count="29" type="stmt"/>
        <line num="31" count="0" type="stmt"/>
        <line num="34" count="29" type="stmt"/>
        <line num="35" count="0" type="stmt"/>
      </file>
    </package>
    <package name="src.components.StripeButton">
      <metrics statements="8" coveredstatements="6" conditionals="0" coveredconditionals="0" methods="2" coveredmethods="1"/>
      <file name="StripeButton.jsx" path="C:\Users\Artur\Desktop\activebaby-master\src\components\StripeButton\StripeButton.jsx">
        <metrics statements="8" coveredstatements="6" conditionals="0" coveredconditionals="0" methods="2" coveredmethods="1"/>
        <line num="6" count="28" type="stmt"/>
        <line num="7" count="1" type="stmt"/>
        <line num="8" count="1" type="stmt"/>
        <line num="10" count="1" type="stmt"/>
        <line num="11" count="0" type="stmt"/>
        <line num="12" count="0" type="stmt"/>
        <line num="15" count="1" type="stmt"/>
        <line num="33" count="28" type="stmt"/>
      </file>
      <file name="index.js" path="C:\Users\Artur\Desktop\activebaby-master\src\components\StripeButton\index.js">
        <metrics statements="0" coveredstatements="0" conditionals="0" coveredconditionals="0" methods="0" coveredmethods="0"/>
      </file>
    </package>
    <package name="src.components.SuspenseComponent">
      <metrics statements="12" coveredstatements="5" conditionals="0" coveredconditionals="0" methods="8" coveredmethods="1"/>
      <file name="SuspenseComponent.jsx" path="C:\Users\Artur\Desktop\activebaby-master\src\components\SuspenseComponent\SuspenseComponent.jsx">
        <metrics statements="2" coveredstatements="2" conditionals="0" coveredconditionals="0" methods="1" coveredmethods="1"/>
        <line num="5" count="28" type="stmt"/>
        <line num="6" count="1" type="stmt"/>
      </file>
      <file name="index.js" path="C:\Users\Artur\Desktop\activebaby-master\src\components\SuspenseComponent\index.js">
        <metrics statements="0" coveredstatements="0" conditionals="0" coveredconditionals="0" methods="0" coveredmethods="0"/>
      </file>
      <file name="styled.js" path="C:\Users\Artur\Desktop\activebaby-master\src\components\SuspenseComponent\styled.js">
        <metrics statements="10" coveredstatements="3" conditionals="0" coveredconditionals="0" methods="7" coveredmethods="0"/>
        <line num="3" count="28" type="stmt"/>
        <line num="13" count="28" type="stmt"/>
        <line num="16" count="0" type="stmt"/>
        <line num="17" count="0" type="stmt"/>
        <line num="22" count="0" type="stmt"/>
        <line num="23" count="0" type="stmt"/>
        <line num="24" count="0" type="stmt"/>
        <line num="25" count="0" type="stmt"/>
        <line num="28" count="0" type="stmt"/>
        <line num="41" count="28" type="stmt"/>
      </file>
    </package>
    <package name="src.components.VisitUsContainer">
      <metrics statements="7" coveredstatements="7" conditionals="0" coveredconditionals="0" methods="1" coveredmethods="1"/>
      <file name="VisitUsContainer.jsx" path="C:\Users\Artur\Desktop\activebaby-master\src\components\VisitUsContainer\VisitUsContainer.jsx">
        <metrics statements="2" coveredstatements="2" conditionals="0" coveredconditionals="0" methods="1" coveredmethods="1"/>
        <line num="11" count="27" type="stmt"/>
        <line num="12" count="1" type="stmt"/>
      </file>
      <file name="index.js" path="C:\Users\Artur\Desktop\activebaby-master\src\components\VisitUsContainer\index.js">
        <metrics statements="0" coveredstatements="0" conditionals="0" coveredconditionals="0" methods="0" coveredmethods="0"/>
      </file>
      <file name="styles.js" path="C:\Users\Artur\Desktop\activebaby-master\src\components\VisitUsContainer\styles.js">
        <metrics statements="5" coveredstatements="5" conditionals="0" coveredconditionals="0" methods="0" coveredmethods="0"/>
        <line num="8" count="27" type="stmt"/>
        <line num="16" count="27" type="stmt"/>
        <line num="30" count="27" type="stmt"/>
        <line num="39" count="27" type="stmt"/>
        <line num="46" count="27" type="stmt"/>
      </file>
    </package>
    <package name="src.components.icons">
      <metrics statements="24" coveredstatements="24" conditionals="18" coveredconditionals="18" methods="9" coveredmethods="9"/>
      <file name="CheckedIcon.jsx" path="C:\Users\Artur\Desktop\activebaby-master\src\components\icons\CheckedIcon.jsx">
        <metrics statements="3" coveredstatements="3" conditionals="3" coveredconditionals="3" methods="1" coveredmethods="1"/>
        <line num="4" count="32" type="cond" truecount="3" falsecount="0"/>
        <line num="5" count="1" type="stmt"/>
        <line num="17" count="32" type="stmt"/>
      </file>
      <file name="CloseIcon.jsx" path="C:\Users\Artur\Desktop\activebaby-master\src\components\icons\CloseIcon.jsx">
        <metrics statements="3" coveredstatements="3" conditionals="3" coveredconditionals="3" methods="1" coveredmethods="1"/>
        <line num="4" count="32" type="cond" truecount="3" falsecount="0"/>
        <line num="6" count="1" type="stmt"/>
        <line num="14" count="32" type="stmt"/>
      </file>
      <file name="FailIcon.jsx" path="C:\Users\Artur\Desktop\activebaby-master\src\components\icons\FailIcon.jsx">
        <metrics statements="3" coveredstatements="3" conditionals="3" coveredconditionals="3" methods="1" coveredmethods="1"/>
        <line num="4" count="32" type="cond" truecount="3" falsecount="0"/>
        <line num="5" count="1" type="stmt"/>
        <line num="15" count="32" type="stmt"/>
      </file>
      <file name="InstagramIcon.jsx" path="C:\Users\Artur\Desktop\activebaby-master\src\components\icons\InstagramIcon.jsx">
        <metrics statements="3" coveredstatements="3" conditionals="3" coveredconditionals="3" methods="1" coveredmethods="1"/>
        <line num="4" count="32" type="cond" truecount="3" falsecount="0"/>
        <line num="5" count="1" type="stmt"/>
        <line num="13" count="32" type="stmt"/>
      </file>
      <file name="LocationMarkerIcon.jsx" path="C:\Users\Artur\Desktop\activebaby-master\src\components\icons\LocationMarkerIcon.jsx">
        <metrics statements="2" coveredstatements="2" conditionals="0" coveredconditionals="0" methods="1" coveredmethods="1"/>
        <line num="3" count="32" type="stmt"/>
        <line num="4" count="1" type="stmt"/>
      </file>
      <file name="LoginIcon.jsx" path="C:\Users\Artur\Desktop\activebaby-master\src\components\icons\LoginIcon.jsx">
        <metrics statements="2" coveredstatements="2" conditionals="0" coveredconditionals="0" methods="1" coveredmethods="1"/>
        <line num="3" count="32" type="stmt"/>
        <line num="4" count="1" type="stmt"/>
      </file>
      <file name="SearchIcon.jsx" path="C:\Users\Artur\Desktop\activebaby-master\src\components\icons\SearchIcon.jsx">
        <metrics statements="3" coveredstatements="3" conditionals="3" coveredconditionals="3" methods="1" coveredmethods="1"/>
        <line num="5" count="32" type="cond" truecount="3" falsecount="0"/>
        <line num="6" count="1" type="stmt"/>
        <line num="14" count="32" type="stmt"/>
      </file>
      <file name="ShopCartIcon.jsx" path="C:\Users\Artur\Desktop\activebaby-master\src\components\icons\ShopCartIcon.jsx">
        <metrics statements="2" coveredstatements="2" conditionals="0" coveredconditionals="0" methods="1" coveredmethods="1"/>
        <line num="3" count="32" type="stmt"/>
        <line num="4" count="1" type="stmt"/>
      </file>
      <file name="VkIcon.jsx" path="C:\Users\Artur\Desktop\activebaby-master\src\components\icons\VkIcon.jsx">
        <metrics statements="3" coveredstatements="3" conditionals="3" coveredconditionals="3" methods="1" coveredmethods="1"/>
        <line num="4" count="32" type="cond" truecount="3" falsecount="0"/>
        <line num="5" count="1" type="stmt"/>
        <line num="13" count="32" type="stmt"/>
      </file>
      <file name="index.js" path="C:\Users\Artur\Desktop\activebaby-master\src\components\icons\index.js">
        <metrics statements="0" coveredstatements="0" conditionals="0" coveredconditionals="0" methods="0" coveredmethods="0"/>
      </file>
    </package>
    <package name="src.core">
      <metrics statements="53" coveredstatements="12" conditionals="8" coveredconditionals="0" methods="12" coveredmethods="0"/>
      <file name="firebase.js" path="C:\Users\Artur\Desktop\activebaby-master\src\core\firebase.js">
        <metrics statements="49" coveredstatements="12" conditionals="8" coveredconditionals="0" methods="11" coveredmethods="0"/>
        <line num="5" count="4" type="stmt"/>
        <line num="16" count="4" type="stmt"/>
        <line num="17" count="0" type="cond" truecount="0" falsecount="2"/>
        <line num="19" count="0" type="stmt"/>
        <line num="21" count="0" type="stmt"/>
        <line num="22" count="0" type="cond" truecount="0" falsecount="2"/>
        <line num="23" count="0" type="stmt"/>
        <line num="24" count="0" type="stmt"/>
        <line num="26" count="0" type="stmt"/>
        <line num="27" count="0" type="stmt"/>
        <line num="34" count="0" type="stmt"/>
        <line num="38" count="0" type="stmt"/>
        <line num="42" count="4" type="stmt"/>
        <line num="43" count="0" type="stmt"/>
        <line num="44" count="0" type="stmt"/>
        <line num="46" count="0" type="stmt"/>
        <line num="54" count="0" type="stmt"/>
        <line num="55" count="0" type="stmt"/>
        <line num="56" count="0" type="stmt"/>
        <line num="61" count="4" type="stmt"/>
        <line num="62" count="0" type="stmt"/>
        <line num="63" count="0" type="stmt"/>
        <line num="64" count="0" type="stmt"/>
        <line num="65" count="0" type="stmt"/>
        <line num="71" count="4" type="stmt"/>
        <line num="72" count="0" type="stmt"/>
        <line num="73" count="0" type="stmt"/>
        <line num="74" count="0" type="stmt"/>
        <line num="76" count="0" type="cond" truecount="0" falsecount="2"/>
        <line num="77" count="0" type="stmt"/>
        <line num="80" count="0" type="cond" truecount="0" falsecount="2"/>
        <line num="81" count="0" type="stmt"/>
        <line num="82" count="0" type="stmt"/>
        <line num="83" count="0" type="stmt"/>
        <line num="88" count="0" type="stmt"/>
        <line num="91" count="0" type="stmt"/>
        <line num="94" count="4" type="stmt"/>
        <line num="95" count="0" type="stmt"/>
        <line num="97" count="0" type="stmt"/>
        <line num="98" count="0" type="stmt"/>
        <line num="99" count="0" type="stmt"/>
        <line num="100" count="0" type="stmt"/>
        <line num="103" count="0" type="stmt"/>
        <line num="107" count="4" type="stmt"/>
        <line num="109" count="4" type="stmt"/>
        <line num="110" count="4" type="stmt"/>
        <line num="112" count="4" type="stmt"/>
        <line num="113" count="4" type="stmt"/>
        <line num="115" count="4" type="stmt"/>
      </file>
      <file name="i18n.js" path="C:\Users\Artur\Desktop\activebaby-master\src\core\i18n.js">
        <metrics statements="1" coveredstatements="0" conditionals="0" coveredconditionals="0" methods="0" coveredmethods="0"/>
        <line num="10" count="0" type="stmt"/>
      </file>
      <file name="swiper.jsx" path="C:\Users\Artur\Desktop\activebaby-master\src\core\swiper.jsx">
        <metrics statements="1" coveredstatements="0" conditionals="0" coveredconditionals="0" methods="1" coveredmethods="0"/>
        <line num="6" count="0" type="stmt"/>
      </file>
      <file name="theme.js" path="C:\Users\Artur\Desktop\activebaby-master\src\core\theme.js">
        <metrics statements="2" coveredstatements="0" conditionals="0" coveredconditionals="0" methods="0" coveredmethods="0"/>
        <line num="1" count="0" type="stmt"/>
        <line num="18" count="0" type="stmt"/>
      </file>
    </package>
    <package name="src.data">
      <metrics statements="24" coveredstatements="0" conditionals="0" coveredconditionals="0" methods="0" coveredmethods="0"/>
      <file name="shop.data.js" path="C:\Users\Artur\Desktop\activebaby-master\src\data\shop.data.js">
        <metrics statements="24" coveredstatements="0" conditionals="0" coveredconditionals="0" methods="0" coveredmethods="0"/>
        <line num="3" count="0" type="stmt"/>
        <line num="4" count="0" type="stmt"/>
        <line num="5" count="0" type="stmt"/>
        <line num="6" count="0" type="stmt"/>
        <line num="7" count="0" type="stmt"/>
        <line num="8" count="0" type="stmt"/>
        <line num="9" count="0" type="stmt"/>
        <line num="10" count="0" type="stmt"/>
        <line num="11" count="0" type="stmt"/>
        <line num="12" count="0" type="stmt"/>
        <line num="13" count="0" type="stmt"/>
        <line num="14" count="0" type="stmt"/>
        <line num="15" count="0" type="stmt"/>
        <line num="16" count="0" type="stmt"/>
        <line num="17" count="0" type="stmt"/>
        <line num="18" count="0" type="stmt"/>
        <line num="19" count="0" type="stmt"/>
        <line num="20" count="0" type="stmt"/>
        <line num="21" count="0" type="stmt"/>
        <line num="22" count="0" type="stmt"/>
        <line num="23" count="0" type="stmt"/>
        <line num="24" count="0" type="stmt"/>
        <line num="25" count="0" type="stmt"/>
        <line num="28" count="0" type="stmt"/>
      </file>
    </package>
    <package name="src.pages">
      <metrics statements="0" coveredstatements="0" conditionals="0" coveredconditionals="0" methods="0" coveredmethods="0"/>
      <file name="index.js" path="C:\Users\Artur\Desktop\activebaby-master\src\pages\index.js">
        <metrics statements="0" coveredstatements="0" conditionals="0" coveredconditionals="0" methods="0" coveredmethods="0"/>
      </file>
    </package>
    <package name="src.pages.Articles">
      <metrics statements="4" coveredstatements="4" conditionals="0" coveredconditionals="0" methods="1" coveredmethods="1"/>
      <file name="Articles.jsx" path="C:\Users\Artur\Desktop\activebaby-master\src\pages\Articles\Articles.jsx">
        <metrics statements="3" coveredstatements="3" conditionals="0" coveredconditionals="0" methods="1" coveredmethods="1"/>
        <line num="7" count="1" type="stmt"/>
        <line num="8" count="1" type="stmt"/>
        <line num="16" count="1" type="stmt"/>
      </file>
      <file name="index.js" path="C:\Users\Artur\Desktop\activebaby-master\src\pages\Articles\index.js">
[...]
        <metrics statements="4" coveredstatements="0" conditionals="2" coveredconditionals="0" methods="1" coveredmethods="0"/>
        <line num="3" count="0" type="stmt"/>
        <line num="7" count="0" type="cond" truecount="0" falsecount="1"/>
        <line num="8" count="0" type="cond" truecount="0" falsecount="1"/>
        <line num="10" count="0" type="stmt"/>
      </file>
      <file name="categories.selectors.js" path="C:\Users\Artur\Desktop\activebaby-master\src\redux\categories\categories.selectors.js">
        <metrics statements="3" coveredstatements="2" conditionals="0" coveredconditionals="0" methods="2" coveredmethods="0"/>
        <line num="3" count="2" type="stmt"/>
        <line num="5" count="2" type="stmt"/>
        <line num="7" count="0" type="stmt"/>
      </file>
    </package>
    <package name="src.redux.header">
      <metrics statements="11" coveredstatements="3" conditionals="2" coveredconditionals="0" methods="4" coveredmethods="0"/>
      <file name="header.data.js" path="C:\Users\Artur\Desktop\activebaby-master\src\redux\header\header.data.js">
        <metrics statements="2" coveredstatements="0" conditionals="0" coveredconditionals="0" methods="0" coveredmethods="0"/>
        <line num="2" count="0" type="stmt"/>
        <line num="99" count="0" type="stmt"/>
      </file>
      <file name="header.reducer.js" path="C:\Users\Artur\Desktop\activebaby-master\src\redux\header\header.reducer.js">
        <metrics statements="4" coveredstatements="0" conditionals="2" coveredconditionals="0" methods="1" coveredmethods="0"/>
        <line num="3" count="0" type="stmt"/>
        <line num="8" count="0" type="cond" truecount="0" falsecount="1"/>
        <line num="9" count="0" type="cond" truecount="0" falsecount="1"/>
        <line num="11" count="0" type="stmt"/>
      </file>
      <file name="header.selectors.js" path="C:\Users\Artur\Desktop\activebaby-master\src\redux\header\header.selectors.js">
        <metrics statements="5" coveredstatements="3" conditionals="0" coveredconditionals="0" methods="3" coveredmethods="0"/>
        <line num="3" count="27" type="stmt"/>
        <line num="5" count="27" type="stmt"/>
        <line num="7" count="0" type="stmt"/>
        <line num="10" count="27" type="stmt"/>
        <line num="12" count="0" type="stmt"/>
      </file>
    </package>
    <package name="src.redux.homeData">
      <metrics statements="24" coveredstatements="6" conditionals="6" coveredconditionals="0" methods="15" coveredmethods="0"/>
      <file name="cardContainerData.js" path="C:\Users\Artur\Desktop\activebaby-master\src\redux\homeData\cardContainerData.js">
        <metrics statements="1" coveredstatements="0" conditionals="0" coveredconditionals="0" methods="0" coveredmethods="0"/>
        <line num="3" count="0" type="stmt"/>
      </file>
      <file name="homeData.reducer.js" path="C:\Users\Artur\Desktop\activebaby-master\src\redux\homeData\homeData.reducer.js">
        <metrics statements="4" coveredstatements="0" conditionals="2" coveredconditionals="0" methods="1" coveredmethods="0"/>
        <line num="7" count="0" type="stmt"/>
        <line num="15" count="0" type="cond" truecount="0" falsecount="1"/>
        <line num="16" count="0" type="cond" truecount="0" falsecount="1"/>
        <line num="18" count="0" type="stmt"/>
      </file>
      <file name="homeData.selectors.js" path="C:\Users\Artur\Desktop\activebaby-master\src\redux\homeData\homeData.selectors.js">
        <metrics statements="11" coveredstatements="6" conditionals="0" coveredconditionals="0" methods="6" coveredmethods="0"/>
        <line num="3" count="27" type="stmt"/>
        <line num="5" count="27" type="stmt"/>
        <line num="7" count="0" type="stmt"/>
        <line num="10" count="27" type="stmt"/>
        <line num="12" count="0" type="stmt"/>
        <line num="15" count="27" type="stmt"/>
        <line num="17" count="0" type="stmt"/>
        <line num="20" count="27" type="stmt"/>
        <line num="22" count="0" type="stmt"/>
        <line num="25" count="27" type="stmt"/>
        <line num="27" count="0" type="stmt"/>
      </file>
      <file name="sliderHugeFirstData.js" path="C:\Users\Artur\Desktop\activebaby-master\src\redux\homeData\sliderHugeFirstData.js">
        <metrics statements="2" coveredstatements="0" conditionals="1" coveredconditionals="0" methods="2" coveredmethods="0"/>
        <line num="5" count="0" type="stmt"/>
        <line num="53" count="0" type="stmt"/>
      </file>
      <file name="sliderHugeSecondData.js" path="C:\Users\Artur\Desktop\activebaby-master\src\redux\homeData\sliderHugeSecondData.js">
        <metrics statements="2" coveredstatements="0" conditionals="1" coveredconditionals="0" methods="2" coveredmethods="0"/>
        <line num="5" count="0" type="stmt"/>
        <line num="53" count="0" type="stmt"/>
      </file>
      <file name="sliderSmallFirstData.js" path="C:\Users\Artur\Desktop\activebaby-master\src\redux\homeData\sliderSmallFirstData.js">
        <metrics statements="2" coveredstatements="0" conditionals="1" coveredconditionals="0" methods="2" coveredmethods="0"/>
        <line num="7" count="0" type="stmt"/>
        <line num="66" count="0" type="stmt"/>
      </file>
      <file name="sliderSmallSecondData.js" path="C:\Users\Artur\Desktop\activebaby-master\src\redux\homeData\sliderSmallSecondData.js">
        <metrics statements="2" coveredstatements="0" conditionals="1" coveredconditionals="0" methods="2" coveredmethods="0"/>
        <line num="7" count="0" type="stmt"/>
        <line num="61" count="0" type="stmt"/>
      </file>
    </package>
    <package name="src.redux.menu">
      <metrics statements="8" coveredstatements="2" conditionals="2" coveredconditionals="0" methods="3" coveredmethods="0"/>
      <file name="menu.data.js" path="C:\Users\Artur\Desktop\activebaby-master\src\redux\menu\menu.data.js">
        <metrics statements="1" coveredstatements="0" conditionals="0" coveredconditionals="0" methods="0" coveredmethods="0"/>
        <line num="1" count="0" type="stmt"/>
      </file>
      <file name="menu.reducer.js" path="C:\Users\Artur\Desktop\activebaby-master\src\redux\menu\menu.reducer.js">
        <metrics statements="4" coveredstatements="0" conditionals="2" coveredconditionals="0" methods="1" coveredmethods="0"/>
        <line num="3" count="0" type="stmt"/>
        <line num="7" count="0" type="cond" truecount="0" falsecount="1"/>
        <line num="8" count="0" type="cond" truecount="0" falsecount="1"/>
        <line num="10" count="0" type="stmt"/>
      </file>
      <file name="menu.selectors.js" path="C:\Users\Artur\Desktop\activebaby-master\src\redux\menu\menu.selectors.js">
        <metrics statements="3" coveredstatements="2" conditionals="0" coveredconditionals="0" methods="2" coveredmethods="0"/>
        <line num="3" count="27" type="stmt"/>
        <line num="5" count="27" type="stmt"/>
        <line num="7" count="0" type="stmt"/>
      </file>
    </package>
    <package name="src.redux.previewItem">
      <metrics statements="18" coveredstatements="8" conditionals="5" coveredconditionals="0" methods="8" coveredmethods="0"/>
      <file name="previewItem.actions.js" path="C:\Users\Artur\Desktop\activebaby-master\src\redux\previewItem\previewItem.actions.js">
        <metrics statements="3" coveredstatements="3" conditionals="0" coveredconditionals="0" methods="3" coveredmethods="0"/>
        <line num="3" count="28" type="stmt"/>
        <line num="9" count="28" type="stmt"/>
        <line num="13" count="28" type="stmt"/>
      </file>
      <file name="previewItem.reducer.js" path="C:\Users\Artur\Desktop\activebaby-master\src\redux\previewItem\previewItem.reducer.js">
        <metrics statements="7" coveredstatements="0" conditionals="5" coveredconditionals="0" methods="1" coveredmethods="0"/>
        <line num="3" count="0" type="stmt"/>
        <line num="9" count="0" type="cond" truecount="0" falsecount="1"/>
        <line num="10" count="0" type="cond" truecount="0" falsecount="4"/>
        <line num="12" count="0" type="stmt"/>
        <line num="18" count="0" type="stmt"/>
        <line num="23" count="0" type="stmt"/>
        <line num="28" count="0" type="stmt"/>
      </file>
      <file name="previewItem.selectors.js" path="C:\Users\Artur\Desktop\activebaby-master\src\redux\previewItem\previewItem.selectors.js">
        <metrics statements="7" coveredstatements="4" conditionals="0" coveredconditionals="0" methods="4" coveredmethods="0"/>
        <line num="3" count="27" type="stmt"/>
        <line num="5" count="27" type="stmt"/>
        <line num="7" count="0" type="stmt"/>
        <line num="10" count="27" type="stmt"/>
        <line num="12" count="0" type="stmt"/>
        <line num="15" count="27" type="stmt"/>
        <line num="17" count="0" type="stmt"/>
      </file>
      <file name="previewItem.types.js" path="C:\Users\Artur\Desktop\activebaby-master\src\redux\previewItem\previewItem.types.js">
        <metrics statements="1" coveredstatements="1" conditionals="0" coveredconditionals="0" methods="0" coveredmethods="0"/>
        <line num="1" count="28" type="stmt"/>
      </file>
    </package>
    <package name="src.redux.shop">
      <metrics statements="37" coveredstatements="10" conditionals="7" coveredconditionals="0" methods="18" coveredmethods="0"/>
      <file name="shop.actions.js" path="C:\Users\Artur\Desktop\activebaby-master\src\redux\shop\shop.actions.js">
        <metrics statements="11" coveredstatements="4" conditionals="0" coveredconditionals="0" methods="7" coveredmethods="0"/>
        <line num="4" count="1" type="stmt"/>
        <line num="8" count="1" type="stmt"/>
        <line num="13" count="1" type="stmt"/>
        <line num="18" count="1" type="stmt"/>
        <line num="19" count="0" type="stmt"/>
        <line num="20" count="0" type="stmt"/>
        <line num="21" count="0" type="stmt"/>
        <line num="25" count="0" type="stmt"/>
        <line num="26" count="0" type="stmt"/>
        <line num="27" count="0" type="stmt"/>
        <line num="29" count="0" type="stmt"/>
      </file>
      <file name="shop.reducer.js" path="C:\Users\Artur\Desktop\activebaby-master\src\redux\shop\shop.reducer.js">
        <metrics statements="7" coveredstatements="0" conditionals="5" coveredconditionals="0" methods="1" coveredmethods="0"/>
        <line num="5" count="0" type="stmt"/>
        <line num="11" count="0" type="cond" truecount="0" falsecount="1"/>
        <line num="12" count="0" type="cond" truecount="0" falsecount="4"/>
        <line num="14" count="0" type="stmt"/>
        <line num="19" count="0" type="stmt"/>
        <line num="25" count="0" type="stmt"/>
        <line num="31" count="0" type="stmt"/>
      </file>
      <file name="shop.sagas.js" path="C:\Users\Artur\Desktop\activebaby-master\src\redux\shop\shop.sagas.js">
        <metrics statements="8" coveredstatements="0" conditionals="0" coveredconditionals="0" methods="3" coveredmethods="0"/>
        <line num="9" count="0" type="stmt"/>
        <line num="10" count="0" type="stmt"/>
        <line num="11" count="0" type="stmt"/>
        <line num="13" count="0" type="stmt"/>
        <line num="15" count="0" type="stmt"/>
        <line num="17" count="0" type="stmt"/>
        <line num="23" count="0" type="stmt"/>
        <line num="30" count="0" type="stmt"/>
      </file>
      <file name="shop.selecors.js" path="C:\Users\Artur\Desktop\activebaby-master\src\redux\shop\shop.selecors.js">
        <metrics statements="10" coveredstatements="5" conditionals="2" coveredconditionals="0" methods="7" coveredmethods="0"/>
        <line num="3" count="3" type="stmt"/>
        <line num="5" count="3" type="stmt"/>
        <line num="7" count="0" type="stmt"/>
        <line num="10" count="3" type="stmt"/>
        <line num="11" count="0" type="stmt"/>
        <line num="13" count="0" type="stmt"/>
        <line num="17" count="3" type="stmt"/>
        <line num="20" count="0" type="cond" truecount="0" falsecount="2"/>
        <line num="23" count="3" type="stmt"/>
        <line num="25" count="0" type="stmt"/>
      </file>
      <file name="shop.types.js" path="C:\Users\Artur\Desktop\activebaby-master\src\redux\shop\shop.types.js">
        <metrics statements="1" coveredstatements="1" conditionals="0" coveredconditionals="0" methods="0" coveredmethods="0"/>
        <line num="1" count="1" type="stmt"/>
      </file>
    </package>
    <package name="src.redux.user">
      <metrics statements="78" coveredstatements="15" conditionals="18" coveredconditionals="0" methods="29" coveredmethods="0"/>
      <file name="user.actions.js" path="C:\Users\Artur\Desktop\activebaby-master\src\redux\user\user.actions.js">
        <metrics statements="12" coveredstatements="12" conditionals="0" coveredconditionals="0" methods="12" coveredmethods="0"/>
        <line num="4" count="27" type="stmt"/>
        <line num="8" count="27" type="stmt"/>
        <line num="13" count="27" type="stmt"/>
        <line num="18" count="27" type="stmt"/>
        <line num="23" count="27" type="stmt"/>
        <line num="28" count="27" type="stmt"/>
        <line num="32" count="27" type="stmt"/>
        <line num="35" count="27" type="stmt"/>
        <line num="41" count="27" type="stmt"/>
        <line num="46" count="27" type="stmt"/>
        <line num="51" count="27" type="stmt"/>
        <line num="57" count="27" type="stmt"/>
      </file>
      <file name="user.reducer.js" path="C:\Users\Artur\Desktop\activebaby-master\src\redux\user\user.reducer.js">
        <metrics statements="7" coveredstatements="0" conditionals="8" coveredconditionals="0" methods="1" coveredmethods="0"/>
        <line num="3" count="0" type="stmt"/>
        <line num="8" count="0" type="cond" truecount="0" falsecount="1"/>
        <line num="9" count="0" type="cond" truecount="0" falsecount="7"/>
        <line num="13" count="0" type="stmt"/>
        <line num="20" count="0" type="stmt"/>
        <line num="29" count="0" type="stmt"/>
        <line num="35" count="0" type="stmt"/>
      </file>
      <file name="user.sagas.js" path="C:\Users\Artur\Desktop\activebaby-master\src\redux\user\user.sagas.js">
        <metrics statements="55" coveredstatements="0" conditionals="10" coveredconditionals="0" methods="14" coveredmethods="0"/>
        <line num="17" count="0" type="stmt"/>
        <line num="18" count="0" type="stmt"/>
        <line num="19" count="0" type="stmt"/>
        <line num="20" count="0" type="stmt"/>
        <line num="24" count="0" type="stmt"/>
        <line num="29" count="0" type="stmt"/>
        <line num="31" count="0" type="stmt"/>
        <line num="33" count="0" type="stmt"/>
        <line num="34" count="0" type="stmt"/>
        <line num="36" count="0" type="stmt"/>
        <line num="37" count="0" type="stmt"/>
        <line num="42" count="0" type="stmt"/>
        <line num="47" count="0" type="stmt"/>
        <line num="48" count="0" type="stmt"/>
        <line num="49" count="0" type="stmt"/>
        <line num="50" count="0" type="stmt"/>
        <line num="52" count="0" type="cond" truecount="0" falsecount="2"/>
        <line num="53" count="0" type="stmt"/>
        <line num="55" count="0" type="stmt"/>
        <line num="57" count="0" type="stmt"/>
        <line num="62" count="0" type="stmt"/>
        <line num="67" count="0" type="stmt"/>
        <line num="68" count="0" type="stmt"/>
        <line num="69" count="0" type="cond" truecount="0" falsecount="2"/>
        <line num="70" count="0" type="stmt"/>
        <line num="71" count="0" type="stmt"/>
        <line num="73" count="0" type="stmt"/>
        <line num="78" count="0" type="stmt"/>
        <line num="83" count="0" type="stmt"/>
        <line num="84" count="0" type="stmt"/>
        <line num="85" count="0" type="stmt"/>
        <line num="86" count="0" type="stmt"/>
        <line num="88" count="0" type="stmt"/>
        <line num="89" count="0" type="stmt"/>
        <line num="94" count="0" type="stmt"/>
        <line num="99" count="0" type="stmt"/>
        <line num="100" count="0" type="stmt"/>
        <line num="101" count="0" type="stmt"/>
        <line num="102" count="0" type="stmt"/>
        <line num="103" count="0" type="stmt"/>
        <line num="105" count="0" type="cond" truecount="0" falsecount="2"/>
        <line num="106" count="0" type="stmt"/>
        <line num="108" count="0" type="cond" truecount="0" falsecount="2"/>
        <line num="109" count="0" type="stmt"/>
        <line num="111" count="0" type="stmt"/>
        <line num="113" count="0" type="stmt"/>
        <line num="119" count="0" type="stmt"/>
        <line num="124" count="0" type="stmt"/>
        <line num="125" count="0" type="stmt"/>
        <line num="127" count="0" type="cond" truecount="0" falsecount="2"/>
        <line num="128" count="0" type="stmt"/>
        <line num="131" count="0" type="stmt"/>
        <line num="133" count="0" type="stmt"/>
        <line num="138" count="0" type="stmt"/>
        <line num="143" count="0" type="stmt"/>
      </file>
      <file name="user.selectors.js" path="C:\Users\Artur\Desktop\activebaby-master\src\redux\user\user.selectors.js">
        <metrics statements="3" coveredstatements="2" conditionals="0" coveredconditionals="0" methods="2" coveredmethods="0"/>
        <line num="3" count="27" type="stmt"/>
        <line num="5" count="27" type="stmt"/>
        <line num="7" count="0" type="stmt"/>
      </file>
      <file name="user.types.js" path="C:\Users\Artur\Desktop\activebaby-master\src\redux\user\user.types.js">
        <metrics statements="1" coveredstatements="1" conditionals="0" coveredconditionals="0" methods="0" coveredmethods="0"/>
        <line num="1" count="27" type="stmt"/>
      </file>
    </package>
    <package name="src.styles">
      <metrics statements="17" coveredstatements="13" conditionals="0" coveredconditionals="0" methods="4" coveredmethods="0"/>
      <file name="commonStylesAndStyledComponents.js" path="C:\Users\Artur\Desktop\activebaby-master\src\styles\commonStylesAndStyledComponents.js">
        <metrics statements="14" coveredstatements="13" conditionals="0" coveredconditionals="0" methods="1" coveredmethods="0"/>
        <line num="3" count="43" type="stmt"/>
        <line num="4" count="0" type="stmt"/>
        <line num="7" count="43" type="stmt"/>
        <line num="11" count="43" type="stmt"/>
        <line num="17" count="43" type="stmt"/>
        <line num="22" count="43" type="stmt"/>
        <line num="27" count="43" type="stmt"/>
        <line num="31" count="43" type="stmt"/>
        <line num="35" count="43" type="stmt"/>
        <line num="39" count="43" type="stmt"/>
        <line num="44" count="43" type="stmt"/>
        <line num="53" count="43" type="stmt"/>
        <line num="59" count="43" type="stmt"/>
        <line num="69" count="43" type="stmt"/>
      </file>
      <file name="globalStyles.js" path="C:\Users\Artur\Desktop\activebaby-master\src\styles\globalStyles.js">
        <metrics statements="3" coveredstatements="0" conditionals="0" coveredconditionals="0" methods="3" coveredmethods="0"/>
        <line num="30" count="0" type="stmt"/>
        <line num="31" count="0" type="stmt"/>
        <line num="62" count="0" type="stmt"/>
      </file>
    </package>
    <package name="src.utils">
      <metrics statements="3" coveredstatements="3" conditionals="0" coveredconditionals="0" methods="0" coveredmethods="0"/>
      <file name="media.js" path="C:\Users\Artur\Desktop\activebaby-master\src\utils\media.js">
        <metrics statements="3" coveredstatements="3" conditionals="0" coveredconditionals="0" methods="0" coveredmethods="0"/>
        <line num="2" count="35" type="stmt"/>
        <line num="3" count="35" type="stmt"/>
        <line num="4" count="35" type="stmt"/>
      </file>
    </package>
  </project>
</coverage>
