{"C:\\Users\\Artur\\Desktop\\activebaby-master\\src\\index.jsx": {"path":"C:\\Users\\Artur\\Desktop\\activebaby-master\\src\\index.jsx","statementMap":{"0":{"start":{"line":18,"column":0},"end":{"line":34,"column":2}}},"fnMap":{},"branchMap":{},"s":{"0":0},"f":{},"b":{}}
,"C:\\Users\\Artur\\Desktop\\activebaby-master\\src\\Root\\Root.jsx": {"path":"C:\\Users\\Artur\\Desktop\\activebaby-master\\src\\Root\\Root.jsx","statementMap":{"0":{"start":{"line":16,"column":13},"end":{"line":18,"column":34}},"1":{"start":{"line":17,"column":2},"end":{"line":18,"column":32}},"2":{"start":{"line":18,"column":4},"end":{"line":18,"column":30}},"3":{"start":{"line":22,"column":13},"end":{"line":104,"column":1}},"4":{"start":{"line":23,"column":54},"end":{"line":23,"column":72}},"5":{"start":{"line":26,"column":2},"end":{"line":31,"column":4}},"6":{"start":{"line":29,"column":6},"end":{"line":29,"column":26}},"7":{"start":{"line":63,"column":17},"end":{"line":63,"column":30}},"8":{"start":{"line":64,"column":23},"end":{"line":71,"column":3}},"9":{"start":{"line":65,"column":4},"end":{"line":70,"column":5}},"10":{"start":{"line":66,"column":6},"end":{"line":66,"column":42}},"11":{"start":{"line":69,"column":6},"end":{"line":69,"column":43}},"12":{"start":{"line":74,"column":2},"end":{"line":103,"column":4}},"13":{"start":{"line":91,"column":16},"end":{"line":91,"column":60}},"14":{"start":{"line":107,"column":24},"end":{"line":110,"column":3}},"15":{"start":{"line":112,"column":27},"end":{"line":114,"column":2}},"16":{"start":{"line":112,"column":40},"end":{"line":114,"column":1}},"17":{"start":{"line":113,"column":26},"end":{"line":113,"column":58}},"18":{"start":{"line":118,"column":0},"end":{"line":122,"column":2}}},"fnMap":{"0":{"name":"(anonymous_0)","decl":{"start":{"line":16,"column":37},"end":{"line":16,"column":38}},"loc":{"start":{"line":17,"column":2},"end":{"line":18,"column":32}},"line":17},"1":{"name":"(anonymous_1)","decl":{"start":{"line":17,"column":15},"end":{"line":17,"column":16}},"loc":{"start":{"line":18,"column":4},"end":{"line":18,"column":30}},"line":18},"2":{"name":"(anonymous_2)","decl":{"start":{"line":22,"column":13},"end":{"line":22,"column":14}},"loc":{"start":{"line":22,"column":54},"end":{"line":104,"column":1}},"line":22},"3":{"name":"(anonymous_3)","decl":{"start":{"line":27,"column":4},"end":{"line":27,"column":5}},"loc":{"start":{"line":27,"column":10},"end":{"line":30,"column":5}},"line":27},"4":{"name":"(anonymous_4)","decl":{"start":{"line":64,"column":23},"end":{"line":64,"column":24}},"loc":{"start":{"line":64,"column":35},"end":{"line":71,"column":3}},"line":64},"5":{"name":"(anonymous_5)","decl":{"start":{"line":90,"column":43},"end":{"line":90,"column":44}},"loc":{"start":{"line":91,"column":16},"end":{"line":91,"column":60}},"line":91},"6":{"name":"(anonymous_6)","decl":{"start":{"line":112,"column":27},"end":{"line":112,"column":28}},"loc":{"start":{"line":112,"column":40},"end":{"line":114,"column":1}},"line":112},"7":{"name":"(anonymous_7)","decl":{"start":{"line":113,"column":20},"end":{"line":113,"column":21}},"loc":{"start":{"line":113,"column":26},"end":{"line":113,"column":58}},"line":113}},"branchMap":{"0":{"loc":{"start":{"line":65,"column":4},"end":{"line":70,"column":5}},"type":"if","locations":[{"start":{"line":65,"column":4},"end":{"line":70,"column":5}},{"start":{"line":65,"column":4},"end":{"line":70,"column":5}}],"line":65},"1":{"loc":{"start":{"line":91,"column":16},"end":{"line":91,"column":60}},"type":"cond-expr","locations":[{"start":{"line":91,"column":30},"end":{"line":91,"column":49}},{"start":{"line":91,"column":52},"end":{"line":91,"column":60}}],"line":91}},"s":{"0":1,"1":0,"2":0,"3":1,"4":0,"5":0,"6":0,"7":0,"8":0,"9":0,"10":0,"11":0,"12":0,"13":0,"14":1,"15":1,"16":0,"17":0,"18":1},"f":{"0":0,"1":0,"2":0,"3":0,"4":0,"5":0,"6":0,"7":0},"b":{"0":[0,0],"1":[0,0]},"_coverageSchema":"1a1c01bbd47fc00a2c39e90264f33305004495a9","hash":"ae5f495c7a24251f506dbd8923e5efbfcd3d6315"}
,"C:\\Users\\Artur\\Desktop\\activebaby-master\\src\\Root\\styles.js": {"path":"C:\\Users\\Artur\\Desktop\\activebaby-master\\src\\Root\\styles.js","statementMap":{"0":{"start":{"line":3,"column":22},"end":{"line":12,"column":1}},"1":{"start":{"line":14,"column":34},"end":{"line":19,"column":1}}},"fnMap":{},"branchMap":{},"s":{"0":1,"1":1},"f":{},"b":{},"_coverageSchema":"1a1c01bbd47fc00a2c39e90264f33305004495a9","hash":"239db2243bde7fa22231a66c2306bc6fa6219990"}
,"C:\\Users\\Artur\\Desktop\\activebaby-master\\src\\assets\\cardsHover\\index.js": {"path":"C:\\Users\\Artur\\Desktop\\activebaby-master\\src\\assets\\cardsHover\\index.js","statementMap":{},"fnMap":{},"branchMap":{},"s":{},"f":{},"b":{},"_coverageSchema":"1a1c01bbd47fc00a2c39e90264f33305004495a9","hash":"7794be2166c10ef2dfbe261b80108f10d0a3489f"}
,"C:\\Users\\Artur\\Desktop\\activebaby-master\\src\\assets\\categories\\index.js": {"path":"C:\\Users\\Artur\\Desktop\\activebaby-master\\src\\assets\\categories\\index.js","statementMap":{},"fnMap":{},"branchMap":{},"s":{},"f":{},"b":{}}
,"C:\\Users\\Artur\\Desktop\\activebaby-master\\src\\assets\\sliderHugeFirst\\index.js": {"path":"C:\\Users\\Artur\\Desktop\\activebaby-master\\src\\assets\\sliderHugeFirst\\index.js","statementMap":{},"fnMap":{},"branchMap":{},"s":{},"f":{},"b":{}}
,"C:\\Users\\Artur\\Desktop\\activebaby-master\\src\\assets\\sliderHugeSecond\\index.js": {"path":"C:\\Users\\Artur\\Desktop\\activebaby-master\\src\\assets\\sliderHugeSecond\\index.js","statementMap":{},"fnMap":{},"branchMap":{},"s":{},"f":{},"b":{},"_coverageSchema":"1a1c01bbd47fc00a2c39e90264f33305004495a9","hash":"4ddd6f2c54e41ffb1f0e47504a48f620e4825332"}
,"C:\\Users\\Artur\\Desktop\\activebaby-master\\src\\assets\\sliderMain\\index.js": {"path":"C:\\Users\\Artur\\Desktop\\activebaby-master\\src\\assets\\sliderMain\\index.js","statementMap":{},"fnMap":{},"branchMap":{},"s":{},"f":{},"b":{}}
,"C:\\Users\\Artur\\Desktop\\activebaby-master\\src\\assets\\sliderSmallFirst\\index.js": {"path":"C:\\Users\\Artur\\Desktop\\activebaby-master\\src\\assets\\sliderSmallFirst\\index.js","statementMap":{},"fnMap":{},"branchMap":{},"s":{},"f":{},"b":{},"_coverageSchema":"1a1c01bbd47fc00a2c39e90264f33305004495a9","hash":"1ff6914b83c321f82645be1e5c2f7911731c0ad8"}
,"C:\\Users\\Artur\\Desktop\\activebaby-master\\src\\assets\\sliderSmallSecond\\index.js": {"path":"C:\\Users\\Artur\\Desktop\\activebaby-master\\src\\assets\\sliderSmallSecond\\index.js","statementMap":{},"fnMap":{},"branchMap":{},"s":{},"f":{},"b":{}}
,"C:\\Users\\Artur\\Desktop\\activebaby-master\\src\\assets\\stripe\\index.js": {"path":"C:\\Users\\Artur\\Desktop\\activebaby-master\\src\\assets\\stripe\\index.js","statementMap":{},"fnMap":{},"branchMap":{},"s":{},"f":{},"b":{},"_coverageSchema":"1a1c01bbd47fc00a2c39e90264f33305004495a9","hash":"39cce38d08adfb3dd24f9d20918100ca5d6b44c1"}
,"C:\\Users\\Artur\\Desktop\\activebaby-master\\src\\assets\\visitUs\\index.js": {"path":"C:\\Users\\Artur\\Desktop\\activebaby-master\\src\\assets\\visitUs\\index.js","statementMap":{},"fnMap":{},"branchMap":{},"s":{},"f":{},"b":{},"_coverageSchema":"1a1c01bbd47fc00a2c39e90264f33305004495a9","hash":"852d1119235390955f62c52c0def607d217f2694"}
,"C:\\Users\\Artur\\Desktop\\activebaby-master\\src\\components\\index.js": {"path":"C:\\Users\\Artur\\Desktop\\activebaby-master\\src\\components\\index.js","statementMap":{},"fnMap":{},"branchMap":{},"s":{},"f":{},"b":{},"_coverageSchema":"1a1c01bbd47fc00a2c39e90264f33305004495a9","hash":"7e279f4dee69af30c58e8ba6b3dca855e55e99f2"}
,"C:\\Users\\Artur\\Desktop\\activebaby-master\\src\\components\\BurgerMenu\\BurgerMenu.jsx": {"path":"C:\\Users\\Artur\\Desktop\\activebaby-master\\src\\components\\BurgerMenu\\BurgerMenu.jsx","statementMap":{"0":{"start":{"line":22,"column":19},"end":{"line":90,"column":1}},"1":{"start":{"line":23,"column":47},"end":{"line":23,"column":65}},"2":{"start":{"line":24,"column":16},"end":{"line":24,"column":33}},"3":{"start":{"line":25,"column":26},"end":{"line":35,"column":22}},"4":{"start":{"line":27,"column":4},"end":{"line":33,"column":7}},"5":{"start":{"line":28,"column":6},"end":{"line":32,"column":8}},"6":{"start":{"line":37,"column":22},"end":{"line":40,"column":3}},"7":{"start":{"line":38,"column":4},"end":{"line":38,"column":26}},"8":{"start":{"line":39,"column":4},"end":{"line":39,"column":38}},"9":{"start":{"line":42,"column":2},"end":{"line":89,"column":4}},"10":{"start":{"line":53,"column":70},"end":{"line":53,"column":106}},"11":{"start":{"line":58,"column":10},"end":{"line":64,"column":27}},"12":{"start":{"line":61,"column":28},"end":{"line":61,"column":54}},"13":{"start":{"line":82,"column":30},"end":{"line":82,"column":56}},"14":{"start":{"line":93,"column":24},"end":{"line":96,"column":3}},"15":{"start":{"line":98,"column":27},"end":{"line":100,"column":2}},"16":{"start":{"line":98,"column":40},"end":{"line":100,"column":1}},"17":{"start":{"line":99,"column":22},"end":{"line":99,"column":50}},"18":{"start":{"line":104,"column":0},"end":{"line":108,"column":2}},"19":{"start":{"line":105,"column":45},"end":{"line":105,"column":49}}},"fnMap":{"0":{"name":"(anonymous_0)","decl":{"start":{"line":22,"column":19},"end":{"line":22,"column":20}},"loc":{"start":{"line":22,"column":66},"end":{"line":90,"column":1}},"line":22},"1":{"name":"(anonymous_1)","decl":{"start":{"line":25,"column":36},"end":{"line":25,"column":37}},"loc":{"start":{"line":27,"column":4},"end":{"line":33,"column":7}},"line":27},"2":{"name":"(anonymous_2)","decl":{"start":{"line":27,"column":19},"end":{"line":27,"column":20}},"loc":{"start":{"line":27,"column":36},"end":{"line":33,"column":5}},"line":27},"3":{"name":"(anonymous_3)","decl":{"start":{"line":37,"column":22},"end":{"line":37,"column":23}},"loc":{"start":{"line":37,"column":34},"end":{"line":40,"column":3}},"line":37},"4":{"name":"(anonymous_4)","decl":{"start":{"line":53,"column":64},"end":{"line":53,"column":65}},"loc":{"start":{"line":53,"column":70},"end":{"line":53,"column":106}},"line":53},"5":{"name":"(anonymous_5)","decl":{"start":{"line":57,"column":32},"end":{"line":57,"column":33}},"loc":{"start":{"line":58,"column":10},"end":{"line":64,"column":27}},"line":58},"6":{"name":"(anonymous_6)","decl":{"start":{"line":61,"column":22},"end":{"line":61,"column":23}},"loc":{"start":{"line":61,"column":28},"end":{"line":61,"column":54}},"line":61},"7":{"name":"(anonymous_7)","decl":{"start":{"line":82,"column":24},"end":{"line":82,"column":25}},"loc":{"start":{"line":82,"column":30},"end":{"line":82,"column":56}},"line":82},"8":{"name":"(anonymous_8)","decl":{"start":{"line":98,"column":27},"end":{"line":98,"column":28}},"loc":{"start":{"line":98,"column":40},"end":{"line":100,"column":1}},"line":98},"9":{"name":"(anonymous_9)","decl":{"start":{"line":99,"column":16},"end":{"line":99,"column":17}},"loc":{"start":{"line":99,"column":22},"end":{"line":99,"column":50}},"line":99},"10":{"name":"(anonymous_10)","decl":{"start":{"line":105,"column":39},"end":{"line":105,"column":40}},"loc":{"start":{"line":105,"column":45},"end":{"line":105,"column":49}},"line":105}},"branchMap":{"0":{"loc":{"start":{"line":75,"column":10},"end":{"line":85,"column":30}},"type":"cond-expr","locations":[{"start":{"line":76,"column":13},"end":{"line":78,"column":29}},{"start":{"line":80,"column":13},"end":{"line":85,"column":29}}],"line":75}},"s":{"0":27,"1":0,"2":0,"3":0,"4":0,"5":0,"6":0,"7":0,"8":0,"9":0,"10":0,"11":0,"12":0,"13":0,"14":27,"15":27,"16":0,"17":0,"18":27,"19":0},"f":{"0":0,"1":0,"2":0,"3":0,"4":0,"5":0,"6":0,"7":0,"8":0,"9":0,"10":0},"b":{"0":[0,0]},"_coverageSchema":"1a1c01bbd47fc00a2c39e90264f33305004495a9","hash":"7c95935aaa0d27988916f1ec20e77f5493418bf1"}
,"C:\\Users\\Artur\\Desktop\\activebaby-master\\src\\components\\BurgerMenu\\index.js": {"path":"C:\\Users\\Artur\\Desktop\\activebaby-master\\src\\components\\BurgerMenu\\index.js","statementMap":{},"fnMap":{},"branchMap":{},"s":{},"f":{},"b":{},"_coverageSchema":"1a1c01bbd47fc00a2c39e90264f33305004495a9","hash":"2228df385bca10d34f31a40e9dac4ad0bc100483"}
,"C:\\Users\\Artur\\Desktop\\activebaby-master\\src\\components\\BurgerMenu\\styles.js": {"path":"C:\\Users\\Artur\\Desktop\\activebaby-master\\src\\components\\BurgerMenu\\styles.js","statementMap":{"0":{"start":{"line":7,"column":31},"end":{"line":13,"column":1}},"1":{"start":{"line":15,"column":33},"end":{"line":25,"column":1}},"2":{"start":{"line":27,"column":29},"end":{"line":29,"column":1}},"3":{"start":{"line":31,"column":38},"end":{"line":41,"column":1}},"4":{"start":{"line":43,"column":30},"end":{"line":52,"column":1}},"5":{"start":{"line":46,"column":40},"end":{"line":46,"column":77}},"6":{"start":{"line":54,"column":29},"end":{"line":62,"column":1}},"7":{"start":{"line":65,"column":31},"end":{"line":76,"column":1}},"8":{"start":{"line":78,"column":29},"end":{"line":92,"column":1}},"9":{"start":{"line":86,"column":36},"end":{"line":86,"column":72}},"10":{"start":{"line":97,"column":30},"end":{"line":102,"column":1}},"11":{"start":{"line":104,"column":28},"end":{"line":109,"column":1}}},"fnMap":{"0":{"name":"(anonymous_0)","decl":{"start":{"line":46,"column":23},"end":{"line":46,"column":24}},"loc":{"start":{"line":46,"column":40},"end":{"line":46,"column":77}},"line":46},"1":{"name":"(anonymous_1)","decl":{"start":{"line":86,"column":19},"end":{"line":86,"column":20}},"loc":{"start":{"line":86,"column":36},"end":{"line":86,"column":72}},"line":86}},"branchMap":{},"s":{"0":27,"1":27,"2":27,"3":27,"4":27,"5":0,"6":27,"7":27,"8":27,"9":0,"10":27,"11":27},"f":{"0":0,"1":0},"b":{},"_coverageSchema":"1a1c01bbd47fc00a2c39e90264f33305004495a9","hash":"60b38cc20c6ed68de14abcea80d263167a6c2c80"}
,"C:\\Users\\Artur\\Desktop\\activebaby-master\\src\\components\\CardContainer\\CardContainer.jsx": {"path":"C:\\Users\\Artur\\Desktop\\activebaby-master\\src\\components\\CardContainer\\CardContainer.jsx","statementMap":{"0":{"start":{"line":10,"column":22},"end":{"line":19,"column":1}},"1":{"start":{"line":12,"column":2},"end":{"line":18,"column":4}},"2":{"start":{"line":15,"column":8},"end":{"line":15,"column":50}},"3":{"start":{"line":21,"column":24},"end":{"line":23,"column":3}},"4":{"start":{"line":27,"column":0},"end":{"line":29,"column":2}}},"fnMap":{"0":{"name":"(anonymous_0)","decl":{"start":{"line":10,"column":22},"end":{"line":10,"column":23}},"loc":{"start":{"line":10,"column":42},"end":{"line":19,"column":1}},"line":10},"1":{"name":"(anonymous_1)","decl":{"start":{"line":14,"column":23},"end":{"line":14,"column":24}},"loc":{"start":{"line":15,"column":8},"end":{"line":15,"column":50}},"line":15}},"branchMap":{},"s":{"0":27,"1":0,"2":0,"3":27,"4":27},"f":{"0":0,"1":0},"b":{},"_coverageSchema":"1a1c01bbd47fc00a2c39e90264f33305004495a9","hash":"8c0f666768dea4aa2326046b6f4b0a903f6ab253"}
,"C:\\Users\\Artur\\Desktop\\activebaby-master\\src\\components\\CardContainer\\index.js": {"path":"C:\\Users\\Artur\\Desktop\\activebaby-master\\src\\components\\CardContainer\\index.js","statementMap":{},"fnMap":{},"branchMap":{},"s":{},"f":{},"b":{},"_coverageSchema":"1a1c01bbd47fc00a2c39e90264f33305004495a9","hash":"8a56df6d20cfb30f936d858c2069f9dc7e6e6f6a"}
,"C:\\Users\\Artur\\Desktop\\activebaby-master\\src\\components\\CardContainer\\styles.js": {"path":"C:\\Users\\Artur\\Desktop\\activebaby-master\\src\\components\\CardContainer\\styles.js","statementMap":{"0":{"start":{"line":4,"column":27},"end":{"line":22,"column":1}}},"fnMap":{},"branchMap":{},"s":{"0":27},"f":{},"b":{},"_coverageSchema":"1a1c01bbd47fc00a2c39e90264f33305004495a9","hash":"836349a10ae2a275ff84c6a395d500baa3451888"}
,"C:\\Users\\Artur\\Desktop\\activebaby-master\\src\\components\\CheckoutItem\\CheckoutItem.jsx": {"path":"C:\\Users\\Artur\\Desktop\\activebaby-master\\src\\components\\CheckoutItem\\CheckoutItem.jsx","statementMap":{"0":{"start":{"line":13,"column":21},"end":{"line":33,"column":1}},"1":{"start":{"line":14,"column":45},"end":{"line":14,"column":53}},"2":{"start":{"line":16,"column":2},"end":{"line":32,"column":4}},"3":{"start":{"line":23,"column":29},"end":{"line":23,"column":52}},"4":{"start":{"line":25,"column":29},"end":{"line":25,"column":49}},"5":{"start":{"line":28,"column":45},"end":{"line":28,"column":67}},"6":{"start":{"line":35,"column":27},"end":{"line":39,"column":2}},"7":{"start":{"line":35,"column":40},"end":{"line":39,"column":1}},"8":{"start":{"line":36,"column":21},"end":{"line":36,"column":60}},"9":{"start":{"line":37,"column":19},"end":{"line":37,"column":48}},"10":{"start":{"line":38,"column":22},"end":{"line":38,"column":54}},"11":{"start":{"line":44,"column":0},"end":{"line":49,"column":2}}},"fnMap":{"0":{"name":"(anonymous_0)","decl":{"start":{"line":13,"column":21},"end":{"line":13,"column":22}},"loc":{"start":{"line":13,"column":73},"end":{"line":33,"column":1}},"line":13},"1":{"name":"(anonymous_1)","decl":{"start":{"line":23,"column":23},"end":{"line":23,"column":24}},"loc":{"start":{"line":23,"column":29},"end":{"line":23,"column":52}},"line":23},"2":{"name":"(anonymous_2)","decl":{"start":{"line":25,"column":23},"end":{"line":25,"column":24}},"loc":{"start":{"line":25,"column":29},"end":{"line":25,"column":49}},"line":25},"3":{"name":"(anonymous_3)","decl":{"start":{"line":28,"column":39},"end":{"line":28,"column":40}},"loc":{"start":{"line":28,"column":45},"end":{"line":28,"column":67}},"line":28},"4":{"name":"(anonymous_4)","decl":{"start":{"line":35,"column":27},"end":{"line":35,"column":28}},"loc":{"start":{"line":35,"column":40},"end":{"line":39,"column":1}},"line":35},"5":{"name":"(anonymous_5)","decl":{"start":{"line":36,"column":13},"end":{"line":36,"column":14}},"loc":{"start":{"line":36,"column":21},"end":{"line":36,"column":60}},"line":36},"6":{"name":"(anonymous_6)","decl":{"start":{"line":37,"column":11},"end":{"line":37,"column":12}},"loc":{"start":{"line":37,"column":19},"end":{"line":37,"column":48}},"line":37},"7":{"name":"(anonymous_7)","decl":{"start":{"line":38,"column":14},"end":{"line":38,"column":15}},"loc":{"start":{"line":38,"column":22},"end":{"line":38,"column":54}},"line":38}},"branchMap":{},"s":{"0":28,"1":0,"2":0,"3":0,"4":0,"5":0,"6":28,"7":0,"8":0,"9":0,"10":0,"11":28},"f":{"0":0,"1":0,"2":0,"3":0,"4":0,"5":0,"6":0,"7":0},"b":{},"_coverageSchema":"1a1c01bbd47fc00a2c39e90264f33305004495a9","hash":"85448e13e1daabae117dba2b4dfbd0a32eed2f84"}
,"C:\\Users\\Artur\\Desktop\\activebaby-master\\src\\components\\CheckoutItem\\index.js": {"path":"C:\\Users\\Artur\\Desktop\\activebaby-master\\src\\components\\CheckoutItem\\index.js","statementMap":{},"fnMap":{},"branchMap":{},"s":{},"f":{},"b":{},"_coverageSchema":"1a1c01bbd47fc00a2c39e90264f33305004495a9","hash":"fbcfebf382ddcf9145ed3caa911d36f60d066472"}
,"C:\\Users\\Artur\\Desktop\\activebaby-master\\src\\components\\CheckoutItem\\styles.js": {"path":"C:\\Users\\Artur\\Desktop\\activebaby-master\\src\\components\\CheckoutItem\\styles.js","statementMap":{"0":{"start":{"line":3,"column":37},"end":{"line":12,"column":1}},"1":{"start":{"line":7,"column":47},"end":{"line":7,"column":61}},"2":{"start":{"line":14,"column":30},"end":{"line":22,"column":1}},"3":{"start":{"line":24,"column":29},"end":{"line":26,"column":1}},"4":{"start":{"line":28,"column":33},"end":{"line":38,"column":1}},"5":{"start":{"line":40,"column":37},"end":{"line":43,"column":1}}},"fnMap":{"0":{"name":"(anonymous_0)","decl":{"start":{"line":7,"column":30},"end":{"line":7,"column":31}},"loc":{"start":{"line":7,"column":47},"end":{"line":7,"column":61}},"line":7}},"branchMap":{},"s":{"0":28,"1":0,"2":28,"3":28,"4":28,"5":28},"f":{"0":0},"b":{},"_coverageSchema":"1a1c01bbd47fc00a2c39e90264f33305004495a9","hash":"fc4d6eb6ad522d23e2ed32d1a3380e1dcb91dde4"}
,"C:\\Users\\Artur\\Desktop\\activebaby-master\\src\\components\\CollectionOverviewItem\\CollectionOverviewItem.jsx": {"path":"C:\\Users\\Artur\\Desktop\\activebaby-master\\src\\components\\CollectionOverviewItem\\CollectionOverviewItem.jsx","statementMap":{"0":{"start":{"line":19,"column":31},"end":{"line":41,"column":1}},"1":{"start":{"line":20,"column":16},"end":{"line":20,"column":33}},"2":{"start":{"line":22,"column":21},"end":{"line":22,"column":25}},"3":{"start":{"line":24,"column":27},"end":{"line":27,"column":3}},"4":{"start":{"line":25,"column":4},"end":{"line":25,"column":40}},"5":{"start":{"line":26,"column":4},"end":{"line":26,"column":34}},"6":{"start":{"line":29,"column":2},"end":{"line":40,"column":4}},"7":{"start":{"line":35,"column":40},"end":{"line":35,"column":56}},"8":{"start":{"line":44,"column":27},"end":{"line":48,"column":2}},"9":{"start":{"line":44,"column":40},"end":{"line":48,"column":1}},"10":{"start":{"line":45,"column":19},"end":{"line":45,"column":48}},"11":{"start":{"line":46,"column":36},"end":{"line":46,"column":89}},"12":{"start":{"line":47,"column":31},"end":{"line":47,"column":68}},"13":{"start":{"line":53,"column":0},"end":{"line":59,"column":2}}},"fnMap":{"0":{"name":"(anonymous_0)","decl":{"start":{"line":19,"column":31},"end":{"line":19,"column":32}},"loc":{"start":{"line":19,"column":101},"end":{"line":41,"column":1}},"line":19},"1":{"name":"(anonymous_1)","decl":{"start":{"line":24,"column":27},"end":{"line":24,"column":28}},"loc":{"start":{"line":24,"column":39},"end":{"line":27,"column":3}},"line":24},"2":{"name":"(anonymous_2)","decl":{"start":{"line":35,"column":34},"end":{"line":35,"column":35}},"loc":{"start":{"line":35,"column":40},"end":{"line":35,"column":56}},"line":35},"3":{"name":"(anonymous_3)","decl":{"start":{"line":44,"column":27},"end":{"line":44,"column":28}},"loc":{"start":{"line":44,"column":40},"end":{"line":48,"column":1}},"line":44},"4":{"name":"(anonymous_4)","decl":{"start":{"line":45,"column":11},"end":{"line":45,"column":12}},"loc":{"start":{"line":45,"column":19},"end":{"line":45,"column":48}},"line":45},"5":{"name":"(anonymous_5)","decl":{"start":{"line":46,"column":18},"end":{"line":46,"column":19}},"loc":{"start":{"line":46,"column":36},"end":{"line":46,"column":89}},"line":46},"6":{"name":"(anonymous_6)","decl":{"start":{"line":47,"column":25},"end":{"line":47,"column":26}},"loc":{"start":{"line":47,"column":31},"end":{"line":47,"column":68}},"line":47}},"branchMap":{},"s":{"0":28,"1":0,"2":0,"3":0,"4":0,"5":0,"6":0,"7":0,"8":28,"9":0,"10":0,"11":0,"12":0,"13":28},"f":{"0":0,"1":0,"2":0,"3":0,"4":0,"5":0,"6":0},"b":{},"_coverageSchema":"1a1c01bbd47fc00a2c39e90264f33305004495a9","hash":"928cc34eef9f062626fba6c8265143d01ef1d4fc"}
,"C:\\Users\\Artur\\Desktop\\activebaby-master\\src\\components\\CollectionOverviewItem\\index.js": {"path":"C:\\Users\\Artur\\Desktop\\activebaby-master\\src\\components\\CollectionOverviewItem\\index.js","statementMap":{},"fnMap":{},"branchMap":{},"s":{},"f":{},"b":{},"_coverageSchema":"1a1c01bbd47fc00a2c39e90264f33305004495a9","hash":"5cbdcd61d6161d80abba482b9604ac3fc1823429"}
,"C:\\Users\\Artur\\Desktop\\activebaby-master\\src\\components\\CollectionOverviewItem\\styles.js": {"path":"C:\\Users\\Artur\\Desktop\\activebaby-master\\src\\components\\CollectionOverviewItem\\styles.js","statementMap":{"0":{"start":{"line":6,"column":28},"end":{"line":21,"column":1}},"1":{"start":{"line":19,"column":53},"end":{"line":19,"column":64}},"2":{"start":{"line":23,"column":37},"end":{"line":29,"column":1}},"3":{"start":{"line":25,"column":36},"end":{"line":25,"column":52}},"4":{"start":{"line":32,"column":32},"end":{"line":35,"column":1}},"5":{"start":{"line":37,"column":37},"end":{"line":40,"column":1}},"6":{"start":{"line":42,"column":39},"end":{"line":47,"column":1}},"7":{"start":{"line":49,"column":47},"end":{"line":56,"column":1}},"8":{"start":{"line":53,"column":34},"end":{"line":53,"column":56}}},"fnMap":{"0":{"name":"(anonymous_0)","decl":{"start":{"line":19,"column":36},"end":{"line":19,"column":37}},"loc":{"start":{"line":19,"column":53},"end":{"line":19,"column":64}},"line":19},"1":{"name":"(anonymous_1)","decl":{"start":{"line":25,"column":27},"end":{"line":25,"column":28}},"loc":{"start":{"line":25,"column":36},"end":{"line":25,"column":52}},"line":25},"2":{"name":"(anonymous_2)","decl":{"start":{"line":53,"column":17},"end":{"line":53,"column":18}},"loc":{"start":{"line":53,"column":34},"end":{"line":53,"column":56}},"line":53}},"branchMap":{},"s":{"0":28,"1":0,"2":28,"3":0,"4":28,"5":28,"6":28,"7":28,"8":0},"f":{"0":0,"1":0,"2":0},"b":{},"_coverageSchema":"1a1c01bbd47fc00a2c39e90264f33305004495a9","hash":"50b24f6e1825071b9827ca18c70f3ede6da4e68c"}
,"C:\\Users\\Artur\\Desktop\\activebaby-master\\src\\components\\CollectionPreviewItem\\CollectionPreviewItem.jsx": {"path":"C:\\Users\\Artur\\Desktop\\activebaby-master\\src\\components\\CollectionPreviewItem\\CollectionPreviewItem.jsx","statementMap":{"0":{"start":{"line":30,"column":30},"end":{"line":65,"column":1}},"1":{"start":{"line":32,"column":16},"end":{"line":32,"column":33}},"2":{"start":{"line":33,"column":2},"end":{"line":64,"column":4}},"3":{"start":{"line":57,"column":37},"end":{"line":57,"column":50}},"4":{"start":{"line":68,"column":24},"end":{"line":72,"column":2}},"5":{"start":{"line":75,"column":27},"end":{"line":78,"column":2}},"6":{"start":{"line":75,"column":40},"end":{"line":78,"column":1}},"7":{"start":{"line":76,"column":32},"end":{"line":76,"column":70}},"8":{"start":{"line":77,"column":19},"end":{"line":77,"column":48}},"9":{"start":{"line":82,"column":0},"end":{"line":87,"column":2}}},"fnMap":{"0":{"name":"(anonymous_0)","decl":{"start":{"line":30,"column":30},"end":{"line":30,"column":31}},"loc":{"start":{"line":30,"column":85},"end":{"line":65,"column":1}},"line":30},"1":{"name":"(anonymous_1)","decl":{"start":{"line":57,"column":33},"end":{"line":57,"column":34}},"loc":{"start":{"line":57,"column":37},"end":{"line":57,"column":50}},"line":57},"2":{"name":"(anonymous_2)","decl":{"start":{"line":75,"column":27},"end":{"line":75,"column":28}},"loc":{"start":{"line":75,"column":40},"end":{"line":78,"column":1}},"line":75},"3":{"name":"(anonymous_3)","decl":{"start":{"line":76,"column":26},"end":{"line":76,"column":27}},"loc":{"start":{"line":76,"column":32},"end":{"line":76,"column":70}},"line":76},"4":{"name":"(anonymous_4)","decl":{"start":{"line":77,"column":11},"end":{"line":77,"column":12}},"loc":{"start":{"line":77,"column":19},"end":{"line":77,"column":48}},"line":77}},"branchMap":{},"s":{"0":27,"1":0,"2":0,"3":0,"4":27,"5":27,"6":0,"7":0,"8":0,"9":27},"f":{"0":0,"1":0,"2":0,"3":0,"4":0},"b":{},"_coverageSchema":"1a1c01bbd47fc00a2c39e90264f33305004495a9","hash":"a3bd1a0ef4374f84827ffb6716da0965165b2e43"}
,"C:\\Users\\Artur\\Desktop\\activebaby-master\\src\\components\\CollectionPreviewItem\\index.js": {"path":"C:\\Users\\Artur\\Desktop\\activebaby-master\\src\\components\\CollectionPreviewItem\\index.js","statementMap":{},"fnMap":{},"branchMap":{},"s":{},"f":{},"b":{},"_coverageSchema":"1a1c01bbd47fc00a2c39e90264f33305004495a9","hash":"d7513dc539bd8427c2497543ee3b42b02eea035a"}
,"C:\\Users\\Artur\\Desktop\\activebaby-master\\src\\components\\CollectionPreviewItem\\styles.js": {"path":"C:\\Users\\Artur\\Desktop\\activebaby-master\\src\\components\\CollectionPreviewItem\\styles.js","statementMap":{"0":{"start":{"line":9,"column":46},"end":{"line":28,"column":1}},"1":{"start":{"line":18,"column":40},"end":{"line":18,"column":56}},"2":{"start":{"line":30,"column":42},"end":{"line":33,"column":1}},"3":{"start":{"line":36,"column":42},"end":{"line":40,"column":1}},"4":{"start":{"line":37,"column":36},"end":{"line":37,"column":52}},"5":{"start":{"line":42,"column":43},"end":{"line":45,"column":1}},"6":{"start":{"line":47,"column":32},"end":{"line":53,"column":1}},"7":{"start":{"line":55,"column":49},"end":{"line":63,"column":1}},"8":{"start":{"line":65,"column":32},"end":{"line":68,"column":1}},"9":{"start":{"line":70,"column":44},"end":{"line":74,"column":1}},"10":{"start":{"line":76,"column":41},"end":{"line":78,"column":1}},"11":{"start":{"line":80,"column":39},"end":{"line":82,"column":1}},"12":{"start":{"line":84,"column":38},"end":{"line":92,"column":1}},"13":{"start":{"line":94,"column":46},"end":{"line":105,"column":1}},"14":{"start":{"line":102,"column":34},"end":{"line":102,"column":56}}},"fnMap":{"0":{"name":"(anonymous_0)","decl":{"start":{"line":18,"column":23},"end":{"line":18,"column":24}},"loc":{"start":{"line":18,"column":40},"end":{"line":18,"column":56}},"line":18},"1":{"name":"(anonymous_1)","decl":{"start":{"line":37,"column":27},"end":{"line":37,"column":28}},"loc":{"start":{"line":37,"column":36},"end":{"line":37,"column":52}},"line":37},"2":{"name":"(anonymous_2)","decl":{"start":{"line":102,"column":17},"end":{"line":102,"column":18}},"loc":{"start":{"line":102,"column":34},"end":{"line":102,"column":56}},"line":102}},"branchMap":{},"s":{"0":27,"1":0,"2":27,"3":27,"4":0,"5":27,"6":27,"7":27,"8":27,"9":27,"10":27,"11":27,"12":27,"13":27,"14":0},"f":{"0":0,"1":0,"2":0},"b":{},"_coverageSchema":"1a1c01bbd47fc00a2c39e90264f33305004495a9","hash":"60013606071ae335f973b99a8dfc7ab788e57184"}
,"C:\\Users\\Artur\\Desktop\\activebaby-master\\src\\components\\CustomAlert\\CustomAlert.jsx": {"path":"C:\\Users\\Artur\\Desktop\\activebaby-master\\src\\components\\CustomAlert\\CustomAlert.jsx","statementMap":{"0":{"start":{"line":10,"column":20},"end":{"line":16,"column":1}},"1":{"start":{"line":11,"column":2},"end":{"line":15,"column":5}},"2":{"start":{"line":19,"column":24},"end":{"line":21,"column":3}},"3":{"start":{"line":25,"column":0},"end":{"line":27,"column":2}}},"fnMap":{"0":{"name":"(anonymous_0)","decl":{"start":{"line":10,"column":20},"end":{"line":10,"column":21}},"loc":{"start":{"line":11,"column":2},"end":{"line":15,"column":5}},"line":11}},"branchMap":{"0":{"loc":{"start":{"line":13,"column":6},"end":{"line":13,"column":60}},"type":"binary-expr","locations":[{"start":{"line":13,"column":6},"end":{"line":13,"column":26}},{"start":{"line":13,"column":30},"end":{"line":13,"column":60}}],"line":13}},"s":{"0":28,"1":0,"2":28,"3":28},"f":{"0":0},"b":{"0":[0,0]},"_coverageSchema":"1a1c01bbd47fc00a2c39e90264f33305004495a9","hash":"ca9e26369b87fc823365244abd8e83e5eaea4591"}
,"C:\\Users\\Artur\\Desktop\\activebaby-master\\src\\components\\CustomAlert\\index.js": {"path":"C:\\Users\\Artur\\Desktop\\activebaby-master\\src\\components\\CustomAlert\\index.js","statementMap":{},"fnMap":{},"branchMap":{},"s":{},"f":{},"b":{},"_coverageSchema":"1a1c01bbd47fc00a2c39e90264f33305004495a9","hash":"3c4f5b78c6190bb29100956a0155e816de57208d"}
,"C:\\Users\\Artur\\Desktop\\activebaby-master\\src\\components\\CustomAlert\\styles.js": {"path":"C:\\Users\\Artur\\Desktop\\activebaby-master\\src\\components\\CustomAlert\\styles.js","statementMap":{"0":{"start":{"line":4,"column":30},"end":{"line":20,"column":1}},"1":{"start":{"line":15,"column":34},"end":{"line":15,"column":50}},"2":{"start":{"line":22,"column":25},"end":{"line":24,"column":1}}},"fnMap":{"0":{"name":"(anonymous_0)","decl":{"start":{"line":15,"column":17},"end":{"line":15,"column":18}},"loc":{"start":{"line":15,"column":34},"end":{"line":15,"column":50}},"line":15}},"branchMap":{},"s":{"0":29,"1":0,"2":29},"f":{"0":0},"b":{},"_coverageSchema":"1a1c01bbd47fc00a2c39e90264f33305004495a9","hash":"b7ca1dd1a9b056ff08c67ef0cf78c2de56fe343f"}
,"C:\\Users\\Artur\\Desktop\\activebaby-master\\src\\components\\CustomAlert\\internal\\index.js": {"path":"C:\\Users\\Artur\\Desktop\\activebaby-master\\src\\components\\CustomAlert\\internal\\index.js","statementMap":{},"fnMap":{},"branchMap":{},"s":{},"f":{},"b":{},"_coverageSchema":"1a1c01bbd47fc00a2c39e90264f33305004495a9","hash":"2d3449a2c16fdce096f96e6089ef7d24197a7cd7"}
,"C:\\Users\\Artur\\Desktop\\activebaby-master\\src\\components\\CustomAlert\\internal\\Alert\\Alert.jsx": {"path":"C:\\Users\\Artur\\Desktop\\activebaby-master\\src\\components\\CustomAlert\\internal\\Alert\\Alert.jsx","statementMap":{"0":{"start":{"line":10,"column":14},"end":{"line":28,"column":1}},"1":{"start":{"line":11,"column":16},"end":{"line":11,"column":33}},"2":{"start":{"line":12,"column":2},"end":{"line":27,"column":4}},"3":{"start":{"line":16,"column":10},"end":{"line":23,"column":27}},"4":{"start":{"line":30,"column":24},"end":{"line":32,"column":3}},"5":{"start":{"line":36,"column":0},"end":{"line":38,"column":2}}},"fnMap":{"0":{"name":"(anonymous_0)","decl":{"start":{"line":10,"column":14},"end":{"line":10,"column":15}},"loc":{"start":{"line":10,"column":31},"end":{"line":28,"column":1}},"line":10},"1":{"name":"(anonymous_1)","decl":{"start":{"line":15,"column":20},"end":{"line":15,"column":21}},"loc":{"start":{"line":16,"column":10},"end":{"line":23,"column":27}},"line":16}},"branchMap":{"0":{"loc":{"start":{"line":19,"column":14},"end":{"line":22,"column":44}},"type":"cond-expr","locations":[{"start":{"line":20,"column":16},"end":{"line":20,"column":47}},{"start":{"line":22,"column":16},"end":{"line":22,"column":44}}],"line":19}},"s":{"0":29,"1":0,"2":0,"3":0,"4":29,"5":29},"f":{"0":0,"1":0},"b":{"0":[0,0]},"_coverageSchema":"1a1c01bbd47fc00a2c39e90264f33305004495a9","hash":"5cf15044e0d16a7336ea19a20298e6a6f64d9e91"}
,"C:\\Users\\Artur\\Desktop\\activebaby-master\\src\\components\\CustomAlert\\internal\\Alert\\index.js": {"path":"C:\\Users\\Artur\\Desktop\\activebaby-master\\src\\components\\CustomAlert\\internal\\Alert\\index.js","statementMap":{},"fnMap":{},"branchMap":{},"s":{},"f":{},"b":{},"_coverageSchema":"1a1c01bbd47fc00a2c39e90264f33305004495a9","hash":"03fcbbafbdf1b010aee6abd4e3612689149b92cd"}
,"C:\\Users\\Artur\\Desktop\\activebaby-master\\src\\components\\CustomButton\\CustomButton.jsx": {"path":"C:\\Users\\Artur\\Desktop\\activebaby-master\\src\\components\\CustomButton\\CustomButton.jsx","statementMap":{"0":{"start":{"line":5,"column":21},"end":{"line":9,"column":1}},"1":{"start":{"line":6,"column":2},"end":{"line":8,"column":11}},"2":{"start":{"line":13,"column":0},"end":{"line":15,"column":2}}},"fnMap":{"0":{"name":"(anonymous_0)","decl":{"start":{"line":5,"column":21},"end":{"line":5,"column":22}},"loc":{"start":{"line":6,"column":2},"end":{"line":8,"column":11}},"line":6}},"branchMap":{},"s":{"0":29,"1":1,"2":29},"f":{"0":1},"b":{},"_coverageSchema":"1a1c01bbd47fc00a2c39e90264f33305004495a9","hash":"867c12d99e0aa0db86c86f9ea2bb25f1cd0673a9"}
,"C:\\Users\\Artur\\Desktop\\activebaby-master\\src\\components\\CustomButton\\index.js": {"path":"C:\\Users\\Artur\\Desktop\\activebaby-master\\src\\components\\CustomButton\\index.js","statementMap":{},"fnMap":{},"branchMap":{},"s":{},"f":{},"b":{},"_coverageSchema":"1a1c01bbd47fc00a2c39e90264f33305004495a9","hash":"b2fbe80ae05b9c643f3611e384d9e6831be21237"}
,"C:\\Users\\Artur\\Desktop\\activebaby-master\\src\\components\\CustomButton\\styles.js": {"path":"C:\\Users\\Artur\\Desktop\\activebaby-master\\src\\components\\CustomButton\\styles.js","statementMap":{"0":{"start":{"line":5,"column":28},"end":{"line":10,"column":1}},"1":{"start":{"line":12,"column":20},"end":{"line":20,"column":1}},"2":{"start":{"line":13,"column":29},"end":{"line":13,"column":65}},"3":{"start":{"line":14,"column":40},"end":{"line":14,"column":82}},"4":{"start":{"line":15,"column":40},"end":{"line":15,"column":51}},"5":{"start":{"line":17,"column":31},"end":{"line":17,"column":42}},"6":{"start":{"line":18,"column":36},"end":{"line":18,"column":47}},"7":{"start":{"line":22,"column":30},"end":{"line":31,"column":1}},"8":{"start":{"line":23,"column":29},"end":{"line":23,"column":40}},"9":{"start":{"line":24,"column":33},"end":{"line":24,"column":49}},"10":{"start":{"line":27,"column":31},"end":{"line":27,"column":47}},"11":{"start":{"line":28,"column":37},"end":{"line":28,"column":48}},"12":{"start":{"line":29,"column":42},"end":{"line":29,"column":58}},"13":{"start":{"line":33,"column":27},"end":{"line":42,"column":1}},"14":{"start":{"line":34,"column":40},"end":{"line":34,"column":63}},"15":{"start":{"line":35,"column":29},"end":{"line":35,"column":40}},"16":{"start":{"line":38,"column":42},"end":{"line":38,"column":53}},"17":{"start":{"line":39,"column":31},"end":{"line":39,"column":54}},"18":{"start":{"line":40,"column":43},"end":{"line":40,"column":66}},"19":{"start":{"line":44,"column":23},"end":{"line":52,"column":1}},"20":{"start":{"line":45,"column":2},"end":{"line":47,"column":3}},"21":{"start":{"line":46,"column":4},"end":{"line":46,"column":33}},"22":{"start":{"line":48,"column":2},"end":{"line":50,"column":3}},"23":{"start":{"line":49,"column":4},"end":{"line":49,"column":30}},"24":{"start":{"line":51,"column":2},"end":{"line":51,"column":21}},"25":{"start":{"line":54,"column":27},"end":{"line":56,"column":1}},"26":{"start":{"line":58,"column":36},"end":{"line":62,"column":1}},"27":{"start":{"line":64,"column":22},"end":{"line":69,"column":1}},"28":{"start":{"line":65,"column":2},"end":{"line":67,"column":3}},"29":{"start":{"line":66,"column":4},"end":{"line":66,"column":39}},"30":{"start":{"line":68,"column":2},"end":{"line":68,"column":9}},"31":{"start":{"line":71,"column":35},"end":{"line":76,"column":1}},"32":{"start":{"line":72,"column":2},"end":{"line":74,"column":3}},"33":{"start":{"line":73,"column":4},"end":{"line":73,"column":30}},"34":{"start":{"line":75,"column":2},"end":{"line":75,"column":9}},"35":{"start":{"line":79,"column":22},"end":{"line":95,"column":1}},"36":{"start":{"line":85,"column":29},"end":{"line":85,"column":44}},"37":{"start":{"line":86,"column":32},"end":{"line":86,"column":50}},"38":{"start":{"line":87,"column":31},"end":{"line":87,"column":48}},"39":{"start":{"line":88,"column":30},"end":{"line":88,"column":46}},"40":{"start":{"line":89,"column":28},"end":{"line":89,"column":42}},"41":{"start":{"line":90,"column":24},"end":{"line":90,"column":35}},"42":{"start":{"line":91,"column":25},"end":{"line":91,"column":37}}},"fnMap":{"0":{"name":"(anonymous_0)","decl":{"start":{"line":13,"column":12},"end":{"line":13,"column":13}},"loc":{"start":{"line":13,"column":29},"end":{"line":13,"column":65}},"line":13},"1":{"name":"(anonymous_1)","decl":{"start":{"line":14,"column":23},"end":{"line":14,"column":24}},"loc":{"start":{"line":14,"column":40},"end":{"line":14,"column":82}},"line":14},"2":{"name":"(anonymous_2)","decl":{"start":{"line":15,"column":23},"end":{"line":15,"column":24}},"loc":{"start":{"line":15,"column":40},"end":{"line":15,"column":51}},"line":15},"3":{"name":"(anonymous_3)","decl":{"start":{"line":17,"column":14},"end":{"line":17,"column":15}},"loc":{"start":{"line":17,"column":31},"end":{"line":17,"column":42}},"line":17},"4":{"name":"(anonymous_4)","decl":{"start":{"line":18,"column":19},"end":{"line":18,"column":20}},"loc":{"start":{"line":18,"column":36},"end":{"line":18,"column":47}},"line":18},"5":{"name":"(anonymous_5)","decl":{"start":{"line":23,"column":12},"end":{"line":23,"column":13}},"loc":{"start":{"line":23,"column":29},"end":{"line":23,"column":40}},"line":23},"6":{"name":"(anonymous_6)","decl":{"start":{"line":24,"column":16},"end":{"line":24,"column":17}},"loc":{"start":{"line":24,"column":33},"end":{"line":24,"column":49}},"line":24},"7":{"name":"(anonymous_7)","decl":{"start":{"line":27,"column":14},"end":{"line":27,"column":15}},"loc":{"start":{"line":27,"column":31},"end":{"line":27,"column":47}},"line":27},"8":{"name":"(anonymous_8)","decl":{"start":{"line":28,"column":20},"end":{"line":28,"column":21}},"loc":{"start":{"line":28,"column":37},"end":{"line":28,"column":48}},"line":28},"9":{"name":"(anonymous_9)","decl":{"start":{"line":29,"column":25},"end":{"line":29,"column":26}},"loc":{"start":{"line":29,"column":42},"end":{"line":29,"column":58}},"line":29},"10":{"name":"(anonymous_10)","decl":{"start":{"line":34,"column":23},"end":{"line":34,"column":24}},"loc":{"start":{"line":34,"column":40},"end":{"line":34,"column":63}},"line":34},"11":{"name":"(anonymous_11)","decl":{"start":{"line":35,"column":12},"end":{"line":35,"column":13}},"loc":{"start":{"line":35,"column":29},"end":{"line":35,"column":40}},"line":35},"12":{"name":"(anonymous_12)","decl":{"start":{"line":38,"column":25},"end":{"line":38,"column":26}},"loc":{"start":{"line":38,"column":42},"end":{"line":38,"column":53}},"line":38},"13":{"name":"(anonymous_13)","decl":{"start":{"line":39,"column":14},"end":{"line":39,"column":15}},"loc":{"start":{"line":39,"column":31},"end":{"line":39,"column":54}},"line":39},"14":{"name":"(anonymous_14)","decl":{"start":{"line":40,"column":26},"end":{"line":40,"column":27}},"loc":{"start":{"line":40,"column":43},"end":{"line":40,"column":66}},"line":40},"15":{"name":"(anonymous_15)","decl":{"start":{"line":44,"column":23},"end":{"line":44,"column":24}},"loc":{"start":{"line":44,"column":36},"end":{"line":52,"column":1}},"line":44},"16":{"name":"(anonymous_16)","decl":{"start":{"line":64,"column":22},"end":{"line":64,"column":23}},"loc":{"start":{"line":64,"column":35},"end":{"line":69,"column":1}},"line":64},"17":{"name":"(anonymous_17)","decl":{"start":{"line":71,"column":35},"end":{"line":71,"column":36}},"loc":{"start":{"line":71,"column":48},"end":{"line":76,"column":1}},"line":71},"18":{"name":"(anonymous_18)","decl":{"start":{"line":85,"column":20},"end":{"line":85,"column":21}},"loc":{"start":{"line":85,"column":29},"end":{"line":85,"column":44}},"line":85},"19":{"name":"(anonymous_19)","decl":{"start":{"line":86,"column":23},"end":{"line":86,"column":24}},"loc":{"start":{"line":86,"column":32},"end":{"line":86,"column":50}},"line":86},"20":{"name":"(anonymous_20)","decl":{"start":{"line":87,"column":22},"end":{"line":87,"column":23}},"loc":{"start":{"line":87,"column":31},"end":{"line":87,"column":48}},"line":87},"21":{"name":"(anonymous_21)","decl":{"start":{"line":88,"column":21},"end":{"line":88,"column":22}},"loc":{"start":{"line":88,"column":30},"end":{"line":88,"column":46}},"line":88},"22":{"name":"(anonymous_22)","decl":{"start":{"line":89,"column":19},"end":{"line":89,"column":20}},"loc":{"start":{"line":89,"column":28},"end":{"line":89,"column":42}},"line":89},"23":{"name":"(anonymous_23)","decl":{"start":{"line":90,"column":15},"end":{"line":90,"column":16}},"loc":{"start":{"line":90,"column":24},"end":{"line":90,"column":35}},"line":90},"24":{"name":"(anonymous_24)","decl":{"start":{"line":91,"column":16},"end":{"line":91,"column":17}},"loc":{"start":{"line":91,"column":25},"end":{"line":91,"column":37}},"line":91}},"branchMap":{"0":{"loc":{"start":{"line":45,"column":2},"end":{"line":47,"column":3}},"type":"if","locations":[{"start":{"line":45,"column":2},"end":{"line":47,"column":3}},{"start":{"line":45,"column":2},"end":{"line":47,"column":3}}],"line":45},"1":{"loc":{"start":{"line":48,"column":2},"end":{"line":50,"column":3}},"type":"if","locations":[{"start":{"line":48,"column":2},"end":{"line":50,"column":3}},{"start":{"line":48,"column":2},"end":{"line":50,"column":3}}],"line":48},"2":{"loc":{"start":{"line":65,"column":2},"end":{"line":67,"column":3}},"type":"if","locations":[{"start":{"line":65,"column":2},"end":{"line":67,"column":3}},{"start":{"line":65,"column":2},"end":{"line":67,"column":3}}],"line":65},"3":{"loc":{"start":{"line":72,"column":2},"end":{"line":74,"column":3}},"type":"if","locations":[{"start":{"line":72,"column":2},"end":{"line":74,"column":3}},{"start":{"line":72,"column":2},"end":{"line":74,"column":3}}],"line":72}},"s":{"0":29,"1":29,"2":0,"3":0,"4":0,"5":0,"6":0,"7":29,"8":0,"9":0,"10":0,"11":0,"12":0,"13":29,"14":0,"15":0,"16":0,"17":0,"18":0,"19":29,"20":0,"21":0,"22":0,"23":0,"24":0,"25":29,"26":29,"27":29,"28":0,"29":0,"30":0,"31":29,"32":0,"33":0,"34":0,"35":29,"36":0,"37":0,"38":0,"39":0,"40":0,"41":0,"42":0},"f":{"0":0,"1":0,"2":0,"3":0,"4":0,"5":0,"6":0,"7":0,"8":0,"9":0,"10":0,"11":0,"12":0,"13":0,"14":0,"15":0,"16":0,"17":0,"18":0,"19":0,"20":0,"21":0,"22":0,"23":0,"24":0},"b":{"0":[0,0],"1":[0,0],"2":[0,0],"3":[0,0]},"_coverageSchema":"1a1c01bbd47fc00a2c39e90264f33305004495a9","hash":"67251ead0fe1208a1989791faa1bdc7e0f92c99b"}
,"C:\\Users\\Artur\\Desktop\\activebaby-master\\src\\components\\CustomForm\\CustomForm.jsx": {"path":"C:\\Users\\Artur\\Desktop\\activebaby-master\\src\\components\\CustomForm\\CustomForm.jsx","statementMap":{"0":{"start":{"line":5,"column":19},"end":{"line":9,"column":1}},"1":{"start":{"line":6,"column":2},"end":{"line":8,"column":9}},"2":{"start":{"line":13,"column":0},"end":{"line":18,"column":2}}},"fnMap":{"0":{"name":"(anonymous_0)","decl":{"start":{"line":5,"column":19},"end":{"line":5,"column":20}},"loc":{"start":{"line":6,"column":2},"end":{"line":8,"column":9}},"line":6}},"branchMap":{},"s":{"0":28,"1":1,"2":28},"f":{"0":1},"b":{},"_coverageSchema":"1a1c01bbd47fc00a2c39e90264f33305004495a9","hash":"3a19cc9d5457b6a5f596ac44eb174ec1ad68f74b"}
,"C:\\Users\\Artur\\Desktop\\activebaby-master\\src\\components\\CustomForm\\index.js": {"path":"C:\\Users\\Artur\\Desktop\\activebaby-master\\src\\components\\CustomForm\\index.js","statementMap":{},"fnMap":{},"branchMap":{},"s":{},"f":{},"b":{},"_coverageSchema":"1a1c01bbd47fc00a2c39e90264f33305004495a9","hash":"17a6d79ad40e7f2e684ac77207dc19f62104f186"}
,"C:\\Users\\Artur\\Desktop\\activebaby-master\\src\\components\\CustomForm\\styles.js": {"path":"C:\\Users\\Artur\\Desktop\\activebaby-master\\src\\components\\CustomForm\\styles.js","statementMap":{"0":{"start":{"line":3,"column":20},"end":{"line":11,"column":1}},"1":{"start":{"line":7,"column":26},"end":{"line":7,"column":41}},"2":{"start":{"line":8,"column":29},"end":{"line":8,"column":47}},"3":{"start":{"line":9,"column":28},"end":{"line":9,"column":45}},"4":{"start":{"line":10,"column":27},"end":{"line":10,"column":43}}},"fnMap":{"0":{"name":"(anonymous_0)","decl":{"start":{"line":7,"column":17},"end":{"line":7,"column":18}},"loc":{"start":{"line":7,"column":26},"end":{"line":7,"column":41}},"line":7},"1":{"name":"(anonymous_1)","decl":{"start":{"line":8,"column":20},"end":{"line":8,"column":21}},"loc":{"start":{"line":8,"column":29},"end":{"line":8,"column":47}},"line":8},"2":{"name":"(anonymous_2)","decl":{"start":{"line":9,"column":19},"end":{"line":9,"column":20}},"loc":{"start":{"line":9,"column":28},"end":{"line":9,"column":45}},"line":9},"3":{"name":"(anonymous_3)","decl":{"start":{"line":10,"column":18},"end":{"line":10,"column":19}},"loc":{"start":{"line":10,"column":27},"end":{"line":10,"column":43}},"line":10}},"branchMap":{},"s":{"0":28,"1":0,"2":0,"3":0,"4":0},"f":{"0":0,"1":0,"2":0,"3":0},"b":{},"_coverageSchema":"1a1c01bbd47fc00a2c39e90264f33305004495a9","hash":"c86ac9ad9af324d1e76aa97ea199393452bdd056"}
,"C:\\Users\\Artur\\Desktop\\activebaby-master\\src\\components\\CustomInput\\CustomInput.jsx": {"path":"C:\\Users\\Artur\\Desktop\\activebaby-master\\src\\components\\CustomInput\\CustomInput.jsx","statementMap":{"0":{"start":{"line":7,"column":20},"end":{"line":13,"column":1}},"1":{"start":{"line":8,"column":2},"end":{"line":12,"column":17}},"2":{"start":{"line":17,"column":0},"end":{"line":20,"column":2}}},"fnMap":{"0":{"name":"(anonymous_0)","decl":{"start":{"line":7,"column":20},"end":{"line":7,"column":21}},"loc":{"start":{"line":8,"column":2},"end":{"line":12,"column":17}},"line":8}},"branchMap":{},"s":{"0":28,"1":1,"2":28},"f":{"0":1},"b":{},"_coverageSchema":"1a1c01bbd47fc00a2c39e90264f33305004495a9","hash":"bc81ee07f7580e1835585bac203e54ef1bd18986"}
,"C:\\Users\\Artur\\Desktop\\activebaby-master\\src\\components\\CustomInput\\index.js": {"path":"C:\\Users\\Artur\\Desktop\\activebaby-master\\src\\components\\CustomInput\\index.js","statementMap":{},"fnMap":{},"branchMap":{},"s":{},"f":{},"b":{},"_coverageSchema":"1a1c01bbd47fc00a2c39e90264f33305004495a9","hash":"8bc7f4158322ddb675aa4c0921068af96860baf8"}
,"C:\\Users\\Artur\\Desktop\\activebaby-master\\src\\components\\CustomInput\\styles.js": {"path":"C:\\Users\\Artur\\Desktop\\activebaby-master\\src\\components\\CustomInput\\styles.js","statementMap":{"0":{"start":{"line":4,"column":25},"end":{"line":6,"column":1}},"1":{"start":{"line":8,"column":23},"end":{"line":13,"column":1}},"2":{"start":{"line":9,"column":2},"end":{"line":11,"column":3}},"3":{"start":{"line":10,"column":4},"end":{"line":10,"column":28}},"4":{"start":{"line":12,"column":2},"end":{"line":12,"column":9}},"5":{"start":{"line":15,"column":27},"end":{"line":18,"column":1}},"6":{"start":{"line":20,"column":22},"end":{"line":25,"column":1}},"7":{"start":{"line":21,"column":2},"end":{"line":23,"column":3}},"8":{"start":{"line":22,"column":4},"end":{"line":22,"column":30}},"9":{"start":{"line":24,"column":2},"end":{"line":24,"column":9}},"10":{"start":{"line":28,"column":21},"end":{"line":46,"column":1}},"11":{"start":{"line":33,"column":43},"end":{"line":33,"column":57}},"12":{"start":{"line":34,"column":25},"end":{"line":34,"column":39}},"13":{"start":{"line":35,"column":29},"end":{"line":35,"column":51}},"14":{"start":{"line":44,"column":31},"end":{"line":44,"column":59}}},"fnMap":{"0":{"name":"(anonymous_0)","decl":{"start":{"line":8,"column":23},"end":{"line":8,"column":24}},"loc":{"start":{"line":8,"column":36},"end":{"line":13,"column":1}},"line":8},"1":{"name":"(anonymous_1)","decl":{"start":{"line":20,"column":22},"end":{"line":20,"column":23}},"loc":{"start":{"line":20,"column":35},"end":{"line":25,"column":1}},"line":20},"2":{"name":"(anonymous_2)","decl":{"start":{"line":33,"column":26},"end":{"line":33,"column":27}},"loc":{"start":{"line":33,"column":43},"end":{"line":33,"column":57}},"line":33},"3":{"name":"(anonymous_3)","decl":{"start":{"line":34,"column":16},"end":{"line":34,"column":17}},"loc":{"start":{"line":34,"column":25},"end":{"line":34,"column":39}},"line":34},"4":{"name":"(anonymous_4)","decl":{"start":{"line":35,"column":12},"end":{"line":35,"column":13}},"loc":{"start":{"line":35,"column":29},"end":{"line":35,"column":51}},"line":35},"5":{"name":"(anonymous_5)","decl":{"start":{"line":44,"column":14},"end":{"line":44,"column":15}},"loc":{"start":{"line":44,"column":31},"end":{"line":44,"column":59}},"line":44}},"branchMap":{"0":{"loc":{"start":{"line":9,"column":2},"end":{"line":11,"column":3}},"type":"if","locations":[{"start":{"line":9,"column":2},"end":{"line":11,"column":3}},{"start":{"line":9,"column":2},"end":{"line":11,"column":3}}],"line":9},"1":{"loc":{"start":{"line":21,"column":2},"end":{"line":23,"column":3}},"type":"if","locations":[{"start":{"line":21,"column":2},"end":{"line":23,"column":3}},{"start":{"line":21,"column":2},"end":{"line":23,"column":3}}],"line":21}},"s":{"0":28,"1":28,"2":0,"3":0,"4":0,"5":28,"6":28,"7":0,"8":0,"9":0,"10":28,"11":0,"12":0,"13":0,"14":0},"f":{"0":0,"1":0,"2":0,"3":0,"4":0,"5":0},"b":{"0":[0,0],"1":[0,0]},"_coverageSchema":"1a1c01bbd47fc00a2c39e90264f33305004495a9","hash":"2b2d769391e3402c7aef41422ce8e822bb687acf"}
,"C:\\Users\\Artur\\Desktop\\activebaby-master\\src\\components\\CustomLabel\\CustomLabel.jsx": {"path":"C:\\Users\\Artur\\Desktop\\activebaby-master\\src\\components\\CustomLabel\\CustomLabel.jsx","statementMap":{"0":{"start":{"line":5,"column":20},"end":{"line":9,"column":1}},"1":{"start":{"line":6,"column":2},"end":{"line":8,"column":10}},"2":{"start":{"line":13,"column":0},"end":{"line":15,"column":2}}},"fnMap":{"0":{"name":"(anonymous_0)","decl":{"start":{"line":5,"column":20},"end":{"line":5,"column":21}},"loc":{"start":{"line":6,"column":2},"end":{"line":8,"column":10}},"line":6}},"branchMap":{},"s":{"0":29,"1":1,"2":29},"f":{"0":1},"b":{},"_coverageSchema":"1a1c01bbd47fc00a2c39e90264f33305004495a9","hash":"53baac90b7aa1d435dd777152984adc5e0bd2c55"}
,"C:\\Users\\Artur\\Desktop\\activebaby-master\\src\\components\\CustomLabel\\index.js": {"path":"C:\\Users\\Artur\\Desktop\\activebaby-master\\src\\components\\CustomLabel\\index.js","statementMap":{},"fnMap":{},"branchMap":{},"s":{},"f":{},"b":{},"_coverageSchema":"1a1c01bbd47fc00a2c39e90264f33305004495a9","hash":"354adc14bfc6b2104584d6b34d94d0414b639f7a"}
,"C:\\Users\\Artur\\Desktop\\activebaby-master\\src\\components\\CustomLabel\\styles.js": {"path":"C:\\Users\\Artur\\Desktop\\activebaby-master\\src\\components\\CustomLabel\\styles.js","statementMap":{"0":{"start":{"line":6,"column":21},"end":{"line":17,"column":1}},"1":{"start":{"line":12,"column":26},"end":{"line":12,"column":41}},"2":{"start":{"line":13,"column":29},"end":{"line":13,"column":47}},"3":{"start":{"line":14,"column":28},"end":{"line":14,"column":45}},"4":{"start":{"line":15,"column":27},"end":{"line":15,"column":43}},"5":{"start":{"line":16,"column":25},"end":{"line":16,"column":39}}},"fnMap":{"0":{"name":"(anonymous_0)","decl":{"start":{"line":12,"column":17},"end":{"line":12,"column":18}},"loc":{"start":{"line":12,"column":26},"end":{"line":12,"column":41}},"line":12},"1":{"name":"(anonymous_1)","decl":{"start":{"line":13,"column":20},"end":{"line":13,"column":21}},"loc":{"start":{"line":13,"column":29},"end":{"line":13,"column":47}},"line":13},"2":{"name":"(anonymous_2)","decl":{"start":{"line":14,"column":19},"end":{"line":14,"column":20}},"loc":{"start":{"line":14,"column":28},"end":{"line":14,"column":45}},"line":14},"3":{"name":"(anonymous_3)","decl":{"start":{"line":15,"column":18},"end":{"line":15,"column":19}},"loc":{"start":{"line":15,"column":27},"end":{"line":15,"column":43}},"line":15},"4":{"name":"(anonymous_4)","decl":{"start":{"line":16,"column":16},"end":{"line":16,"column":17}},"loc":{"start":{"line":16,"column":25},"end":{"line":16,"column":39}},"line":16}},"branchMap":{},"s":{"0":29,"1":0,"2":0,"3":0,"4":0,"5":0},"f":{"0":0,"1":0,"2":0,"3":0,"4":0},"b":{},"_coverageSchema":"1a1c01bbd47fc00a2c39e90264f33305004495a9","hash":"2cd6eaa78ae4352cf93eeb7ad8688caab0980311"}
,"C:\\Users\\Artur\\Desktop\\activebaby-master\\src\\components\\CustomLinkLikeButton\\CustomLinkLikeButton.jsx": {"path":"C:\\Users\\Artur\\Desktop\\activebaby-master\\src\\components\\CustomLinkLikeButton\\CustomLinkLikeButton.jsx","statementMap":{"0":{"start":{"line":5,"column":29},"end":{"line":9,"column":1}},"1":{"start":{"line":6,"column":2},"end":{"line":8,"column":15}},"2":{"start":{"line":13,"column":0},"end":{"line":15,"column":2}}},"fnMap":{"0":{"name":"(anonymous_0)","decl":{"start":{"line":5,"column":29},"end":{"line":5,"column":30}},"loc":{"start":{"line":6,"column":2},"end":{"line":8,"column":15}},"line":6}},"branchMap":{},"s":{"0":28,"1":1,"2":28},"f":{"0":1},"b":{},"_coverageSchema":"1a1c01bbd47fc00a2c39e90264f33305004495a9","hash":"abc2e7dedeb89b143f4576612438b3fd3453f63e"}
,"C:\\Users\\Artur\\Desktop\\activebaby-master\\src\\components\\CustomLinkLikeButton\\index.js": {"path":"C:\\Users\\Artur\\Desktop\\activebaby-master\\src\\components\\CustomLinkLikeButton\\index.js","statementMap":{},"fnMap":{},"branchMap":{},"s":{},"f":{},"b":{},"_coverageSchema":"1a1c01bbd47fc00a2c39e90264f33305004495a9","hash":"5b265fe59675539f7660358a9d35840d2fde07c4"}
,"C:\\Users\\Artur\\Desktop\\activebaby-master\\src\\components\\CustomLinkLikeButton\\styles.js": {"path":"C:\\Users\\Artur\\Desktop\\activebaby-master\\src\\components\\CustomLinkLikeButton\\styles.js","statementMap":{"0":{"start":{"line":5,"column":36},"end":{"line":20,"column":1}},"1":{"start":{"line":8,"column":29},"end":{"line":8,"column":65}},"2":{"start":{"line":9,"column":40},"end":{"line":9,"column":82}},"3":{"start":{"line":10,"column":40},"end":{"line":10,"column":51}},"4":{"start":{"line":17,"column":36},"end":{"line":17,"column":47}},"5":{"start":{"line":18,"column":31},"end":{"line":18,"column":42}},"6":{"start":{"line":23,"column":26},"end":{"line":25,"column":1}}},"fnMap":{"0":{"name":"(anonymous_0)","decl":{"start":{"line":8,"column":12},"end":{"line":8,"column":13}},"loc":{"start":{"line":8,"column":29},"end":{"line":8,"column":65}},"line":8},"1":{"name":"(anonymous_1)","decl":{"start":{"line":9,"column":23},"end":{"line":9,"column":24}},"loc":{"start":{"line":9,"column":40},"end":{"line":9,"column":82}},"line":9},"2":{"name":"(anonymous_2)","decl":{"start":{"line":10,"column":23},"end":{"line":10,"column":24}},"loc":{"start":{"line":10,"column":40},"end":{"line":10,"column":51}},"line":10},"3":{"name":"(anonymous_3)","decl":{"start":{"line":17,"column":19},"end":{"line":17,"column":20}},"loc":{"start":{"line":17,"column":36},"end":{"line":17,"column":47}},"line":17},"4":{"name":"(anonymous_4)","decl":{"start":{"line":18,"column":14},"end":{"line":18,"column":15}},"loc":{"start":{"line":18,"column":31},"end":{"line":18,"column":42}},"line":18}},"branchMap":{},"s":{"0":28,"1":0,"2":0,"3":0,"4":0,"5":0,"6":28},"f":{"0":0,"1":0,"2":0,"3":0,"4":0},"b":{},"_coverageSchema":"1a1c01bbd47fc00a2c39e90264f33305004495a9","hash":"a63285544da5e9da0340d0f423b2554b64375078"}
,"C:\\Users\\Artur\\Desktop\\activebaby-master\\src\\components\\ErrorBoundary\\ErrorBoundry.jsx": {"path":"C:\\Users\\Artur\\Desktop\\activebaby-master\\src\\components\\ErrorBoundary\\ErrorBoundry.jsx","statementMap":{"0":{"start":{"line":7,"column":4},"end":{"line":7,"column":13}},"1":{"start":{"line":8,"column":4},"end":{"line":10,"column":6}},"2":{"start":{"line":16,"column":4},"end":{"line":16,"column":32}},"3":{"start":{"line":21,"column":4},"end":{"line":21,"column":26}},"4":{"start":{"line":25,"column":4},"end":{"line":32,"column":5}},"5":{"start":{"line":26,"column":6},"end":{"line":31,"column":8}},"6":{"start":{"line":33,"column":4},"end":{"line":33,"column":31}}},"fnMap":{"0":{"name":"(anonymous_0)","decl":{"start":{"line":6,"column":2},"end":{"line":6,"column":3}},"loc":{"start":{"line":6,"column":17},"end":{"line":11,"column":3}},"line":6},"1":{"name":"(anonymous_1)","decl":{"start":{"line":13,"column":2},"end":{"line":13,"column":3}},"loc":{"start":{"line":13,"column":44},"end":{"line":17,"column":3}},"line":13},"2":{"name":"(anonymous_2)","decl":{"start":{"line":20,"column":2},"end":{"line":20,"column":3}},"loc":{"start":{"line":20,"column":36},"end":{"line":22,"column":3}},"line":20},"3":{"name":"(anonymous_3)","decl":{"start":{"line":24,"column":2},"end":{"line":24,"column":3}},"loc":{"start":{"line":24,"column":12},"end":{"line":34,"column":3}},"line":24}},"branchMap":{"0":{"loc":{"start":{"line":25,"column":4},"end":{"line":32,"column":5}},"type":"if","locations":[{"start":{"line":25,"column":4},"end":{"line":32,"column":5}},{"start":{"line":25,"column":4},"end":{"line":32,"column":5}}],"line":25}},"s":{"0":0,"1":0,"2":0,"3":0,"4":0,"5":0,"6":0},"f":{"0":0,"1":0,"2":0,"3":0},"b":{"0":[0,0]},"_coverageSchema":"1a1c01bbd47fc00a2c39e90264f33305004495a9","hash":"7cdf3b7b11ad189ca2a8f4c997c989adffa61671"}
,"C:\\Users\\Artur\\Desktop\\activebaby-master\\src\\components\\ErrorBoundary\\index.js": {"path":"C:\\Users\\Artur\\Desktop\\activebaby-master\\src\\components\\ErrorBoundary\\index.js","statementMap":{},"fnMap":{},"branchMap":{},"s":{},"f":{},"b":{},"_coverageSchema":"1a1c01bbd47fc00a2c39e90264f33305004495a9","hash":"fa1485bd64bee3b60b0c6e1d6b8db3de39d726f0"}
,"C:\\Users\\Artur\\Desktop\\activebaby-master\\src\\components\\ErrorBoundary\\styles.js": {"path":"C:\\Users\\Artur\\Desktop\\activebaby-master\\src\\components\\ErrorBoundary\\styles.js","statementMap":{"0":{"start":{"line":4,"column":38},"end":{"line":13,"column":1}},"1":{"start":{"line":15,"column":35},"end":{"line":22,"column":1}},"2":{"start":{"line":17,"column":43},"end":{"line":17,"column":63}},"3":{"start":{"line":24,"column":30},"end":{"line":29,"column":1}},"4":{"start":{"line":27,"column":30},"end":{"line":27,"column":44}}},"fnMap":{"0":{"name":"(anonymous_0)","decl":{"start":{"line":17,"column":23},"end":{"line":17,"column":24}},"loc":{"start":{"line":17,"column":43},"end":{"line":17,"column":63}},"line":17},"1":{"name":"(anonymous_1)","decl":{"start":{"line":27,"column":13},"end":{"line":27,"column":14}},"loc":{"start":{"line":27,"column":30},"end":{"line":27,"column":44}},"line":27}},"branchMap":{},"s":{"0":1,"1":1,"2":0,"3":1,"4":0},"f":{"0":0,"1":0},"b":{},"_coverageSchema":"1a1c01bbd47fc00a2c39e90264f33305004495a9","hash":"4b3b965967edbd9c3bb83ec347403f4a19a155fc"}
,"C:\\Users\\Artur\\Desktop\\activebaby-master\\src\\components\\Footer\\Footer.jsx": {"path":"C:\\Users\\Artur\\Desktop\\activebaby-master\\src\\components\\Footer\\Footer.jsx","statementMap":{"0":{"start":{"line":24,"column":15},"end":{"line":113,"column":1}},"1":{"start":{"line":25,"column":38},"end":{"line":25,"column":64}},"2":{"start":{"line":26,"column":22},"end":{"line":26,"column":39}},"3":{"start":{"line":27,"column":25},"end":{"line":37,"column":24}},"4":{"start":{"line":29,"column":4},"end":{"line":35,"column":7}},"5":{"start":{"line":30,"column":6},"end":{"line":34,"column":8}},"6":{"start":{"line":40,"column":20},"end":{"line":40,"column":29}},"7":{"start":{"line":42,"column":23},"end":{"line":46,"column":3}},"8":{"start":{"line":43,"column":4},"end":{"line":43,"column":28}},"9":{"start":{"line":44,"column":4},"end":{"line":44,"column":34}},"10":{"start":{"line":45,"column":4},"end":{"line":45,"column":35}},"11":{"start":{"line":48,"column":23},"end":{"line":51,"column":3}},"12":{"start":{"line":49,"column":28},"end":{"line":49,"column":40}},"13":{"start":{"line":50,"column":4},"end":{"line":50,"column":48}},"14":{"start":{"line":54,"column":2},"end":{"line":112,"column":4}},"15":{"start":{"line":67,"column":16},"end":{"line":69,"column":32}},"16":{"start":{"line":115,"column":24},"end":{"line":117,"column":3}},"17":{"start":{"line":119,"column":27},"end":{"line":121,"column":2}},"18":{"start":{"line":119,"column":40},"end":{"line":121,"column":1}},"19":{"start":{"line":120,"column":26},"end":{"line":120,"column":62}},"20":{"start":{"line":126,"column":0},"end":{"line":129,"column":2}}},"fnMap":{"0":{"name":"(anonymous_0)","decl":{"start":{"line":24,"column":15},"end":{"line":24,"column":16}},"loc":{"start":{"line":24,"column":50},"end":{"line":113,"column":1}},"line":24},"1":{"name":"(anonymous_1)","decl":{"start":{"line":27,"column":35},"end":{"line":27,"column":36}},"loc":{"start":{"line":29,"column":4},"end":{"line":35,"column":7}},"line":29},"2":{"name":"(anonymous_2)","decl":{"start":{"line":29,"column":19},"end":{"line":29,"column":20}},"loc":{"start":{"line":29,"column":36},"end":{"line":35,"column":5}},"line":29},"3":{"name":"(anonymous_3)","decl":{"start":{"line":42,"column":23},"end":{"line":42,"column":24}},"loc":{"start":{"line":42,"column":42},"end":{"line":46,"column":3}},"line":42},"4":{"name":"(anonymous_4)","decl":{"start":{"line":48,"column":23},"end":{"line":48,"column":24}},"loc":{"start":{"line":48,"column":36},"end":{"line":51,"column":3}},"line":48},"5":{"name":"(anonymous_5)","decl":{"start":{"line":66,"column":37},"end":{"line":66,"column":38}},"loc":{"start":{"line":67,"column":16},"end":{"line":69,"column":32}},"line":67},"6":{"name":"(anonymous_6)","decl":{"start":{"line":119,"column":27},"end":{"line":119,"column":28}},"loc":{"start":{"line":119,"column":40},"end":{"line":121,"column":1}},"line":119},"7":{"name":"(anonymous_7)","decl":{"start":{"line":120,"column":17},"end":{"line":120,"column":18}},"loc":{"start":{"line":120,"column":26},"end":{"line":120,"column":62}},"line":120}},"branchMap":{},"s":{"0":27,"1":0,"2":0,"3":0,"4":0,"5":0,"6":0,"7":0,"8":0,"9":0,"10":0,"11":0,"12":0,"13":0,"14":0,"15":0,"16":27,"17":27,"18":0,"19":0,"20":27},"f":{"0":0,"1":0,"2":0,"3":0,"4":0,"5":0,"6":0,"7":0},"b":{},"_coverageSchema":"1a1c01bbd47fc00a2c39e90264f33305004495a9","hash":"9c4f35c466a11cabfb9360bac12a93faf3b5ee10"}
,"C:\\Users\\Artur\\Desktop\\activebaby-master\\src\\components\\Footer\\data.js": {"path":"C:\\Users\\Artur\\Desktop\\activebaby-master\\src\\components\\Footer\\data.js","statementMap":{"0":{"start":{"line":1,"column":40},"end":{"line":6,"column":3}}},"fnMap":{},"branchMap":{},"s":{"0":28},"f":{},"b":{},"_coverageSchema":"1a1c01bbd47fc00a2c39e90264f33305004495a9","hash":"24966481301f71a95a1a4a143616cb07f8d3f9e2"}
,"C:\\Users\\Artur\\Desktop\\activebaby-master\\src\\components\\Footer\\index.js": {"path":"C:\\Users\\Artur\\Desktop\\activebaby-master\\src\\components\\Footer\\index.js","statementMap":{},"fnMap":{},"branchMap":{},"s":{},"f":{},"b":{},"_coverageSchema":"1a1c01bbd47fc00a2c39e90264f33305004495a9","hash":"185afa135aa8fb4f39cbde9343f10054d11db778"}
,"C:\\Users\\Artur\\Desktop\\activebaby-master\\src\\components\\Footer\\styles.js": {"path":"C:\\Users\\Artur\\Desktop\\activebaby-master\\src\\components\\Footer\\styles.js","statementMap":{"0":{"start":{"line":6,"column":31},"end":{"line":11,"column":1}},"1":{"start":{"line":9,"column":34},"end":{"line":9,"column":63}},"2":{"start":{"line":10,"column":29},"end":{"line":10,"column":53}},"3":{"start":{"line":13,"column":29},"end":{"line":16,"column":1}},"4":{"start":{"line":18,"column":29},"end":{"line":25,"column":1}},"5":{"start":{"line":21,"column":47},"end":{"line":21,"column":61}},"6":{"start":{"line":27,"column":26},"end":{"line":36,"column":1}},"7":{"start":{"line":34,"column":34},"end":{"line":34,"column":65}},"8":{"start":{"line":38,"column":27},"end":{"line":43,"column":1}},"9":{"start":{"line":45,"column":35},"end":{"line":51,"column":1}},"10":{"start":{"line":48,"column":32},"end":{"line":48,"column":57}},"11":{"start":{"line":53,"column":33},"end":{"line":58,"column":1}},"12":{"start":{"line":60,"column":29},"end":{"line":69,"column":1}},"13":{"start":{"line":63,"column":29},"end":{"line":63,"column":53}},"14":{"start":{"line":67,"column":34},"end":{"line":67,"column":65}},"15":{"start":{"line":72,"column":31},"end":{"line":78,"column":1}},"16":{"start":{"line":73,"column":29},"end":{"line":73,"column":40}},"17":{"start":{"line":80,"column":33},"end":{"line":86,"column":1}},"18":{"start":{"line":88,"column":39},"end":{"line":93,"column":1}},"19":{"start":{"line":95,"column":38},"end":{"line":102,"column":1}},"20":{"start":{"line":104,"column":41},"end":{"line":114,"column":1}}},"fnMap":{"0":{"name":"(anonymous_0)","decl":{"start":{"line":9,"column":17},"end":{"line":9,"column":18}},"loc":{"start":{"line":9,"column":34},"end":{"line":9,"column":63}},"line":9},"1":{"name":"(anonymous_1)","decl":{"start":{"line":10,"column":12},"end":{"line":10,"column":13}},"loc":{"start":{"line":10,"column":29},"end":{"line":10,"column":53}},"line":10},"2":{"name":"(anonymous_2)","decl":{"start":{"line":21,"column":30},"end":{"line":21,"column":31}},"loc":{"start":{"line":21,"column":47},"end":{"line":21,"column":61}},"line":21},"3":{"name":"(anonymous_3)","decl":{"start":{"line":34,"column":17},"end":{"line":34,"column":18}},"loc":{"start":{"line":34,"column":34},"end":{"line":34,"column":65}},"line":34},"4":{"name":"(anonymous_4)","decl":{"start":{"line":48,"column":15},"end":{"line":48,"column":16}},"loc":{"start":{"line":48,"column":32},"end":{"line":48,"column":57}},"line":48},"5":{"name":"(anonymous_5)","decl":{"start":{"line":63,"column":12},"end":{"line":63,"column":13}},"loc":{"start":{"line":63,"column":29},"end":{"line":63,"column":53}},"line":63},"6":{"name":"(anonymous_6)","decl":{"start":{"line":67,"column":17},"end":{"line":67,"column":18}},"loc":{"start":{"line":67,"column":34},"end":{"line":67,"column":65}},"line":67},"7":{"name":"(anonymous_7)","decl":{"start":{"line":73,"column":12},"end":{"line":73,"column":13}},"loc":{"start":{"line":73,"column":29},"end":{"line":73,"column":40}},"line":73}},"branchMap":{},"s":{"0":28,"1":0,"2":0,"3":28,"4":28,"5":0,"6":28,"7":0,"8":28,"9":28,"10":0,"11":28,"12":28,"13":0,"14":0,"15":28,"16":0,"17":28,"18":28,"19":28,"20":28},"f":{"0":0,"1":0,"2":0,"3":0,"4":0,"5":0,"6":0,"7":0},"b":{},"_coverageSchema":"1a1c01bbd47fc00a2c39e90264f33305004495a9","hash":"72768c04656a7a84e20a448fa700e8b5899e182a"}
,"C:\\Users\\Artur\\Desktop\\activebaby-master\\src\\components\\Footer\\internal\\index.js": {"path":"C:\\Users\\Artur\\Desktop\\activebaby-master\\src\\components\\Footer\\internal\\index.js","statementMap":{},"fnMap":{},"branchMap":{},"s":{},"f":{},"b":{},"_coverageSchema":"1a1c01bbd47fc00a2c39e90264f33305004495a9","hash":"38ce06199b76231355e0d5c34a60d71b8d8773f0"}
,"C:\\Users\\Artur\\Desktop\\activebaby-master\\src\\components\\Footer\\internal\\SocialLinksComponent\\SocialLinksComponent.jsx": {"path":"C:\\Users\\Artur\\Desktop\\activebaby-master\\src\\components\\Footer\\internal\\SocialLinksComponent\\SocialLinksComponent.jsx","statementMap":{"0":{"start":{"line":6,"column":29},"end":{"line":15,"column":1}},"1":{"start":{"line":7,"column":2},"end":{"line":14,"column":16}}},"fnMap":{"0":{"name":"(anonymous_0)","decl":{"start":{"line":6,"column":29},"end":{"line":6,"column":30}},"loc":{"start":{"line":7,"column":2},"end":{"line":14,"column":16}},"line":7}},"branchMap":{},"s":{"0":28,"1":1},"f":{"0":1},"b":{},"_coverageSchema":"1a1c01bbd47fc00a2c39e90264f33305004495a9","hash":"6fae1898346a070d48b161a7fb2cd984cb794751"}
,"C:\\Users\\Artur\\Desktop\\activebaby-master\\src\\components\\Footer\\internal\\SocialLinksComponent\\index.js": {"path":"C:\\Users\\Artur\\Desktop\\activebaby-master\\src\\components\\Footer\\internal\\SocialLinksComponent\\index.js","statementMap":{},"fnMap":{},"branchMap":{},"s":{},"f":{},"b":{},"_coverageSchema":"1a1c01bbd47fc00a2c39e90264f33305004495a9","hash":"01c59df9cd8cef2aec6905772cef167fc2f2dc66"}
,"C:\\Users\\Artur\\Desktop\\activebaby-master\\src\\components\\GoogleMaps\\GoogleMaps.jsx": {"path":"C:\\Users\\Artur\\Desktop\\activebaby-master\\src\\components\\GoogleMaps\\GoogleMaps.jsx","statementMap":{"0":{"start":{"line":9,"column":12},"end":{"line":30,"column":1}},"1":{"start":{"line":10,"column":40},"end":{"line":10,"column":58}},"2":{"start":{"line":11,"column":16},"end":{"line":11,"column":33}},"3":{"start":{"line":12,"column":2},"end":{"line":29,"column":4}},"4":{"start":{"line":16,"column":78},"end":{"line":16,"column":100}},"5":{"start":{"line":18,"column":87},"end":{"line":18,"column":110}},"6":{"start":{"line":32,"column":25},"end":{"line":39,"column":1}},"7":{"start":{"line":41,"column":19},"end":{"line":41,"column":57}},"8":{"start":{"line":42,"column":12},"end":{"line":42,"column":37}},"9":{"start":{"line":43,"column":19},"end":{"line":50,"column":1}},"10":{"start":{"line":44,"column":2},"end":{"line":49,"column":4}}},"fnMap":{"0":{"name":"(anonymous_0)","decl":{"start":{"line":9,"column":12},"end":{"line":9,"column":13}},"loc":{"start":{"line":9,"column":18},"end":{"line":30,"column":1}},"line":9},"1":{"name":"(anonymous_1)","decl":{"start":{"line":16,"column":72},"end":{"line":16,"column":73}},"loc":{"start":{"line":16,"column":78},"end":{"line":16,"column":100}},"line":16},"2":{"name":"(anonymous_2)","decl":{"start":{"line":18,"column":81},"end":{"line":18,"column":82}},"loc":{"start":{"line":18,"column":87},"end":{"line":18,"column":110}},"line":18},"3":{"name":"(anonymous_3)","decl":{"start":{"line":43,"column":19},"end":{"line":43,"column":20}},"loc":{"start":{"line":44,"column":2},"end":{"line":49,"column":4}},"line":44}},"branchMap":{"0":{"loc":{"start":{"line":17,"column":8},"end":{"line":26,"column":19}},"type":"binary-expr","locations":[{"start":{"line":17,"column":8},"end":{"line":17,"column":18}},{"start":{"line":18,"column":6},"end":{"line":26,"column":19}}],"line":17}},"s":{"0":29,"1":0,"2":0,"3":0,"4":0,"5":0,"6":29,"7":29,"8":29,"9":29,"10":1},"f":{"0":0,"1":0,"2":0,"3":1},"b":{"0":[0,0]},"_coverageSchema":"1a1c01bbd47fc00a2c39e90264f33305004495a9","hash":"d9200913024f30bb46b92c7992b85ac0320c3188"}
,"C:\\Users\\Artur\\Desktop\\activebaby-master\\src\\components\\GoogleMaps\\index.js": {"path":"C:\\Users\\Artur\\Desktop\\activebaby-master\\src\\components\\GoogleMaps\\index.js","statementMap":{},"fnMap":{},"branchMap":{},"s":{},"f":{},"b":{},"_coverageSchema":"1a1c01bbd47fc00a2c39e90264f33305004495a9","hash":"2f9c60d714a4a41c34a1d6d6b38c772985bf90ee"}
,"C:\\Users\\Artur\\Desktop\\activebaby-master\\src\\components\\GoogleMaps\\styles.js": {"path":"C:\\Users\\Artur\\Desktop\\activebaby-master\\src\\components\\GoogleMaps\\styles.js","statementMap":{"0":{"start":{"line":3,"column":25},"end":{"line":5,"column":1}},"1":{"start":{"line":7,"column":31},"end":{"line":8,"column":1}},"2":{"start":{"line":10,"column":35},"end":{"line":18,"column":1}},"3":{"start":{"line":13,"column":29},"end":{"line":13,"column":39}},"4":{"start":{"line":16,"column":29},"end":{"line":16,"column":39}}},"fnMap":{"0":{"name":"(anonymous_0)","decl":{"start":{"line":13,"column":12},"end":{"line":13,"column":13}},"loc":{"start":{"line":13,"column":29},"end":{"line":13,"column":39}},"line":13},"1":{"name":"(anonymous_1)","decl":{"start":{"line":16,"column":12},"end":{"line":16,"column":13}},"loc":{"start":{"line":16,"column":29},"end":{"line":16,"column":39}},"line":16}},"branchMap":{},"s":{"0":29,"1":29,"2":29,"3":0,"4":0},"f":{"0":0,"1":0},"b":{},"_coverageSchema":"1a1c01bbd47fc00a2c39e90264f33305004495a9","hash":"702eafb6fec9528cdaddfe3dabfb7ad6899acf79"}
,"C:\\Users\\Artur\\Desktop\\activebaby-master\\src\\components\\Header\\Header.jsx": {"path":"C:\\Users\\Artur\\Desktop\\activebaby-master\\src\\components\\Header\\Header.jsx","statementMap":{"0":{"start":{"line":26,"column":15},"end":{"line":69,"column":1}},"1":{"start":{"line":27,"column":2},"end":{"line":68,"column":4}},"2":{"start":{"line":48,"column":43},"end":{"line":48,"column":63}},"3":{"start":{"line":74,"column":0},"end":{"line":76,"column":2}}},"fnMap":{"0":{"name":"(anonymous_0)","decl":{"start":{"line":26,"column":15},"end":{"line":26,"column":16}},"loc":{"start":{"line":26,"column":34},"end":{"line":69,"column":1}},"line":26},"1":{"name":"(anonymous_1)","decl":{"start":{"line":48,"column":37},"end":{"line":48,"column":38}},"loc":{"start":{"line":48,"column":43},"end":{"line":48,"column":63}},"line":48}},"branchMap":{},"s":{"0":27,"1":0,"2":0,"3":27},"f":{"0":0,"1":0},"b":{},"_coverageSchema":"1a1c01bbd47fc00a2c39e90264f33305004495a9","hash":"b7fd8e6fb3d64ffd7e13fd09f17d05cfccb688ba"}
,"C:\\Users\\Artur\\Desktop\\activebaby-master\\src\\components\\Header\\index.js": {"path":"C:\\Users\\Artur\\Desktop\\activebaby-master\\src\\components\\Header\\index.js","statementMap":{},"fnMap":{},"branchMap":{},"s":{},"f":{},"b":{},"_coverageSchema":"1a1c01bbd47fc00a2c39e90264f33305004495a9","hash":"c70bb656531a397482314e1e8df74b626c502fbe"}
,"C:\\Users\\Artur\\Desktop\\activebaby-master\\src\\components\\Header\\styles.js": {"path":"C:\\Users\\Artur\\Desktop\\activebaby-master\\src\\components\\Header\\styles.js","statementMap":{"0":{"start":{"line":7,"column":25},"end":{"line":19,"column":1}},"1":{"start":{"line":12,"column":29},"end":{"line":12,"column":51}},"2":{"start":{"line":16,"column":33},"end":{"line":16,"column":58}},"3":{"start":{"line":21,"column":35},"end":{"line":28,"column":1}},"4":{"start":{"line":32,"column":33},"end":{"line":38,"column":1}},"5":{"start":{"line":36,"column":40},"end":{"line":36,"column":76}},"6":{"start":{"line":40,"column":35},"end":{"line":43,"column":3}},"7":{"start":{"line":45,"column":32},"end":{"line":52,"column":1}},"8":{"start":{"line":46,"column":29},"end":{"line":46,"column":40}},"9":{"start":{"line":54,"column":39},"end":{"line":57,"column":1}},"10":{"start":{"line":59,"column":38},"end":{"line":62,"column":1}},"11":{"start":{"line":65,"column":31},"end":{"line":74,"column":1}},"12":{"start":{"line":72,"column":34},"end":{"line":72,"column":59}},"13":{"start":{"line":76,"column":31},"end":{"line":83,"column":1}},"14":{"start":{"line":85,"column":26},"end":{"line":91,"column":1}},"15":{"start":{"line":95,"column":32},"end":{"line":97,"column":1}},"16":{"start":{"line":99,"column":29},"end":{"line":106,"column":1}},"17":{"start":{"line":101,"column":47},"end":{"line":101,"column":58}},"18":{"start":{"line":104,"column":49},"end":{"line":104,"column":74}},"19":{"start":{"line":108,"column":28},"end":{"line":111,"column":1}},"20":{"start":{"line":113,"column":25},"end":{"line":123,"column":1}},"21":{"start":{"line":116,"column":40},"end":{"line":116,"column":72}},"22":{"start":{"line":125,"column":20},"end":{"line":131,"column":1}},"23":{"start":{"line":133,"column":24},"end":{"line":148,"column":1}},"24":{"start":{"line":139,"column":45},"end":{"line":139,"column":56}},"25":{"start":{"line":143,"column":34},"end":{"line":143,"column":65}},"26":{"start":{"line":150,"column":36},"end":{"line":154,"column":1}},"27":{"start":{"line":156,"column":29},"end":{"line":164,"column":1}},"28":{"start":{"line":159,"column":47},"end":{"line":159,"column":80}},"29":{"start":{"line":162,"column":47},"end":{"line":162,"column":85}},"30":{"start":{"line":166,"column":36},"end":{"line":167,"column":1}},"31":{"start":{"line":170,"column":24},"end":{"line":178,"column":1}},"32":{"start":{"line":180,"column":33},"end":{"line":192,"column":1}},"33":{"start":{"line":196,"column":34},"end":{"line":201,"column":1}},"34":{"start":{"line":203,"column":33},"end":{"line":206,"column":1}},"35":{"start":{"line":209,"column":26},"end":{"line":216,"column":1}},"36":{"start":{"line":211,"column":29},"end":{"line":211,"column":40}},"37":{"start":{"line":214,"column":31},"end":{"line":214,"column":41}}},"fnMap":{"0":{"name":"(anonymous_0)","decl":{"start":{"line":12,"column":12},"end":{"line":12,"column":13}},"loc":{"start":{"line":12,"column":29},"end":{"line":12,"column":51}},"line":12},"1":{"name":"(anonymous_1)","decl":{"start":{"line":16,"column":16},"end":{"line":16,"column":17}},"loc":{"start":{"line":16,"column":33},"end":{"line":16,"column":58}},"line":16},"2":{"name":"(anonymous_2)","decl":{"start":{"line":36,"column":23},"end":{"line":36,"column":24}},"loc":{"start":{"line":36,"column":40},"end":{"line":36,"column":76}},"line":36},"3":{"name":"(anonymous_3)","decl":{"start":{"line":46,"column":12},"end":{"line":46,"column":13}},"loc":{"start":{"line":46,"column":29},"end":{"line":46,"column":40}},"line":46},"4":{"name":"(anonymous_4)","decl":{"start":{"line":72,"column":17},"end":{"line":72,"column":18}},"loc":{"start":{"line":72,"column":34},"end":{"line":72,"column":59}},"line":72},"5":{"name":"(anonymous_5)","decl":{"start":{"line":101,"column":30},"end":{"line":101,"column":31}},"loc":{"start":{"line":101,"column":47},"end":{"line":101,"column":58}},"line":101},"6":{"name":"(anonymous_6)","decl":{"start":{"line":104,"column":32},"end":{"line":104,"column":33}},"loc":{"start":{"line":104,"column":49},"end":{"line":104,"column":74}},"line":104},"7":{"name":"(anonymous_7)","decl":{"start":{"line":116,"column":23},"end":{"line":116,"column":24}},"loc":{"start":{"line":116,"column":40},"end":{"line":116,"column":72}},"line":116},"8":{"name":"(anonymous_8)","decl":{"start":{"line":139,"column":28},"end":{"line":139,"column":29}},"loc":{"start":{"line":139,"column":45},"end":{"line":139,"column":56}},"line":139},"9":{"name":"(anonymous_9)","decl":{"start":{"line":143,"column":17},"end":{"line":143,"column":18}},"loc":{"start":{"line":143,"column":34},"end":{"line":143,"column":65}},"line":143},"10":{"name":"(anonymous_10)","decl":{"start":{"line":159,"column":30},"end":{"line":159,"column":31}},"loc":{"start":{"line":159,"column":47},"end":{"line":159,"column":80}},"line":159},"11":{"name":"(anonymous_11)","decl":{"start":{"line":162,"column":30},"end":{"line":162,"column":31}},"loc":{"start":{"line":162,"column":47},"end":{"line":162,"column":85}},"line":162},"12":{"name":"(anonymous_12)","decl":{"start":{"line":211,"column":12},"end":{"line":211,"column":13}},"loc":{"start":{"line":211,"column":29},"end":{"line":211,"column":40}},"line":211},"13":{"name":"(anonymous_13)","decl":{"start":{"line":214,"column":14},"end":{"line":214,"column":15}},"loc":{"start":{"line":214,"column":31},"end":{"line":214,"column":41}},"line":214}},"branchMap":{},"s":{"0":27,"1":0,"2":0,"3":27,"4":27,"5":0,"6":27,"7":27,"8":0,"9":27,"10":27,"11":27,"12":0,"13":27,"14":27,"15":27,"16":27,"17":0,"18":0,"19":27,"20":27,"21":0,"22":27,"23":27,"24":0,"25":0,"26":27,"27":27,"28":0,"29":0,"30":27,"31":27,"32":27,"33":27,"34":27,"35":27,"36":0,"37":0},"f":{"0":0,"1":0,"2":0,"3":0,"4":0,"5":0,"6":0,"7":0,"8":0,"9":0,"10":0,"11":0,"12":0,"13":0},"b":{},"_coverageSchema":"1a1c01bbd47fc00a2c39e90264f33305004495a9","hash":"67f43ce98de86d21d12b2926fe7abbb2ab21a82f"}
[...]
,"C:\\Users\\Artur\\Desktop\\activebaby-master\\src\\redux\\shop\\shop.types.js": {"path":"C:\\Users\\Artur\\Desktop\\activebaby-master\\src\\redux\\shop\\shop.types.js","statementMap":{"0":{"start":{"line":1,"column":24},"end":{"line":5,"column":1}}},"fnMap":{},"branchMap":{},"s":{"0":1},"f":{},"b":{},"_coverageSchema":"1a1c01bbd47fc00a2c39e90264f33305004495a9","hash":"e69ebfe06bd573c21ac5665852fe697704a2d476"}
,"C:\\Users\\Artur\\Desktop\\activebaby-master\\src\\redux\\user\\user.actions.js": {"path":"C:\\Users\\Artur\\Desktop\\activebaby-master\\src\\redux\\user\\user.actions.js","statementMap":{"0":{"start":{"line":4,"column":33},"end":{"line":6,"column":2}},"1":{"start":{"line":4,"column":40},"end":{"line":6,"column":1}},"2":{"start":{"line":8,"column":29},"end":{"line":11,"column":2}},"3":{"start":{"line":8,"column":42},"end":{"line":11,"column":1}},"4":{"start":{"line":13,"column":29},"end":{"line":16,"column":2}},"5":{"start":{"line":13,"column":43},"end":{"line":16,"column":1}},"6":{"start":{"line":18,"column":32},"end":{"line":21,"column":2}},"7":{"start":{"line":18,"column":57},"end":{"line":21,"column":1}},"8":{"start":{"line":23,"column":32},"end":{"line":25,"column":2}},"9":{"start":{"line":23,"column":39},"end":{"line":25,"column":1}},"10":{"start":{"line":28,"column":28},"end":{"line":30,"column":2}},"11":{"start":{"line":28,"column":35},"end":{"line":30,"column":1}},"12":{"start":{"line":32,"column":30},"end":{"line":34,"column":2}},"13":{"start":{"line":32,"column":37},"end":{"line":34,"column":1}},"14":{"start":{"line":35,"column":30},"end":{"line":38,"column":2}},"15":{"start":{"line":35,"column":44},"end":{"line":38,"column":1}},"16":{"start":{"line":41,"column":27},"end":{"line":44,"column":2}},"17":{"start":{"line":41,"column":47},"end":{"line":44,"column":1}},"18":{"start":{"line":46,"column":29},"end":{"line":49,"column":2}},"19":{"start":{"line":46,"column":62},"end":{"line":49,"column":1}},"20":{"start":{"line":51,"column":29},"end":{"line":54,"column":2}},"21":{"start":{"line":51,"column":43},"end":{"line":54,"column":1}},"22":{"start":{"line":57,"column":29},"end":{"line":60,"column":2}},"23":{"start":{"line":57,"column":43},"end":{"line":60,"column":1}}},"fnMap":{"0":{"name":"(anonymous_0)","decl":{"start":{"line":4,"column":33},"end":{"line":4,"column":34}},"loc":{"start":{"line":4,"column":40},"end":{"line":6,"column":1}},"line":4},"1":{"name":"(anonymous_1)","decl":{"start":{"line":8,"column":29},"end":{"line":8,"column":30}},"loc":{"start":{"line":8,"column":42},"end":{"line":11,"column":1}},"line":8},"2":{"name":"(anonymous_2)","decl":{"start":{"line":13,"column":29},"end":{"line":13,"column":30}},"loc":{"start":{"line":13,"column":43},"end":{"line":16,"column":1}},"line":13},"3":{"name":"(anonymous_3)","decl":{"start":{"line":18,"column":32},"end":{"line":18,"column":33}},"loc":{"start":{"line":18,"column":57},"end":{"line":21,"column":1}},"line":18},"4":{"name":"(anonymous_4)","decl":{"start":{"line":23,"column":32},"end":{"line":23,"column":33}},"loc":{"start":{"line":23,"column":39},"end":{"line":25,"column":1}},"line":23},"5":{"name":"(anonymous_5)","decl":{"start":{"line":28,"column":28},"end":{"line":28,"column":29}},"loc":{"start":{"line":28,"column":35},"end":{"line":30,"column":1}},"line":28},"6":{"name":"(anonymous_6)","decl":{"start":{"line":32,"column":30},"end":{"line":32,"column":31}},"loc":{"start":{"line":32,"column":37},"end":{"line":34,"column":1}},"line":32},"7":{"name":"(anonymous_7)","decl":{"start":{"line":35,"column":30},"end":{"line":35,"column":31}},"loc":{"start":{"line":35,"column":44},"end":{"line":38,"column":1}},"line":35},"8":{"name":"(anonymous_8)","decl":{"start":{"line":41,"column":27},"end":{"line":41,"column":28}},"loc":{"start":{"line":41,"column":47},"end":{"line":44,"column":1}},"line":41},"9":{"name":"(anonymous_9)","decl":{"start":{"line":46,"column":29},"end":{"line":46,"column":30}},"loc":{"start":{"line":46,"column":62},"end":{"line":49,"column":1}},"line":46},"10":{"name":"(anonymous_10)","decl":{"start":{"line":51,"column":29},"end":{"line":51,"column":30}},"loc":{"start":{"line":51,"column":43},"end":{"line":54,"column":1}},"line":51},"11":{"name":"(anonymous_11)","decl":{"start":{"line":57,"column":29},"end":{"line":57,"column":30}},"loc":{"start":{"line":57,"column":43},"end":{"line":60,"column":1}},"line":57}},"branchMap":{},"s":{"0":27,"1":0,"2":27,"3":0,"4":27,"5":0,"6":27,"7":0,"8":27,"9":0,"10":27,"11":0,"12":27,"13":0,"14":27,"15":0,"16":27,"17":0,"18":27,"19":0,"20":27,"21":0,"22":27,"23":0},"f":{"0":0,"1":0,"2":0,"3":0,"4":0,"5":0,"6":0,"7":0,"8":0,"9":0,"10":0,"11":0},"b":{},"_coverageSchema":"1a1c01bbd47fc00a2c39e90264f33305004495a9","hash":"29a51ab622936d9233033f149bed4163034e7477"}
,"C:\\Users\\Artur\\Desktop\\activebaby-master\\src\\redux\\user\\user.reducer.js": {"path":"C:\\Users\\Artur\\Desktop\\activebaby-master\\src\\redux\\user\\user.reducer.js","statementMap":{"0":{"start":{"line":3,"column":22},"end":{"line":6,"column":1}},"1":{"start":{"line":8,"column":20},"end":{"line":37,"column":1}},"2":{"start":{"line":9,"column":2},"end":{"line":36,"column":3}},"3":{"start":{"line":13,"column":6},"end":{"line":17,"column":8}},"4":{"start":{"line":20,"column":6},"end":{"line":24,"column":8}},"5":{"start":{"line":29,"column":6},"end":{"line":32,"column":8}},"6":{"start":{"line":35,"column":6},"end":{"line":35,"column":19}}},"fnMap":{"0":{"name":"(anonymous_0)","decl":{"start":{"line":8,"column":20},"end":{"line":8,"column":21}},"loc":{"start":{"line":8,"column":55},"end":{"line":37,"column":1}},"line":8}},"branchMap":{"0":{"loc":{"start":{"line":8,"column":21},"end":{"line":8,"column":42}},"type":"default-arg","locations":[{"start":{"line":8,"column":29},"end":{"line":8,"column":42}}],"line":8},"1":{"loc":{"start":{"line":9,"column":2},"end":{"line":36,"column":3}},"type":"switch","locations":[{"start":{"line":11,"column":4},"end":{"line":11,"column":41}},{"start":{"line":12,"column":4},"end":{"line":17,"column":8}},{"start":{"line":19,"column":4},"end":{"line":24,"column":8}},{"start":{"line":26,"column":4},"end":{"line":26,"column":41}},{"start":{"line":27,"column":4},"end":{"line":27,"column":41}},{"start":{"line":28,"column":4},"end":{"line":32,"column":8}},{"start":{"line":34,"column":4},"end":{"line":35,"column":19}}],"line":9}},"s":{"0":0,"1":0,"2":0,"3":0,"4":0,"5":0,"6":0},"f":{"0":0},"b":{"0":[0],"1":[0,0,0,0,0,0,0]}}
,"C:\\Users\\Artur\\Desktop\\activebaby-master\\src\\redux\\user\\user.sagas.js": {"path":"C:\\Users\\Artur\\Desktop\\activebaby-master\\src\\redux\\user\\user.sagas.js","statementMap":{"0":{"start":{"line":17,"column":2},"end":{"line":25,"column":3}},"1":{"start":{"line":18,"column":20},"end":{"line":18,"column":70}},"2":{"start":{"line":19,"column":25},"end":{"line":19,"column":45}},"3":{"start":{"line":20,"column":4},"end":{"line":22,"column":6}},"4":{"start":{"line":24,"column":4},"end":{"line":24,"column":44}},"5":{"start":{"line":29,"column":2},"end":{"line":38,"column":3}},"6":{"start":{"line":31,"column":21},"end":{"line":31,"column":66}},"7":{"start":{"line":33,"column":4},"end":{"line":33,"column":43}},"8":{"start":{"line":34,"column":4},"end":{"line":34,"column":78}},"9":{"start":{"line":36,"column":4},"end":{"line":36,"column":50}},"10":{"start":{"line":37,"column":4},"end":{"line":37,"column":79}},"11":{"start":{"line":42,"column":2},"end":{"line":42,"column":78}},"12":{"start":{"line":47,"column":2},"end":{"line":58,"column":3}},"13":{"start":{"line":48,"column":21},"end":{"line":48,"column":78}},"14":{"start":{"line":49,"column":4},"end":{"line":49,"column":43}},"15":{"start":{"line":50,"column":4},"end":{"line":50,"column":78}},"16":{"start":{"line":52,"column":4},"end":{"line":56,"column":5}},"17":{"start":{"line":53,"column":6},"end":{"line":53,"column":82}},"18":{"start":{"line":55,"column":6},"end":{"line":55,"column":80}},"19":{"start":{"line":57,"column":4},"end":{"line":57,"column":50}},"20":{"start":{"line":62,"column":2},"end":{"line":62,"column":76}},"21":{"start":{"line":67,"column":2},"end":{"line":74,"column":3}},"22":{"start":{"line":68,"column":21},"end":{"line":68,"column":44}},"23":{"start":{"line":69,"column":4},"end":{"line":69,"column":28}},"24":{"start":{"line":69,"column":21},"end":{"line":69,"column":28}},"25":{"start":{"line":70,"column":4},"end":{"line":70,"column":48}},"26":{"start":{"line":71,"column":4},"end":{"line":71,"column":78}},"27":{"start":{"line":73,"column":4},"end":{"line":73,"column":50}},"28":{"start":{"line":78,"column":2},"end":{"line":78,"column":79}},"29":{"start":{"line":83,"column":2},"end":{"line":90,"column":3}},"30":{"start":{"line":84,"column":4},"end":{"line":84,"column":26}},"31":{"start":{"line":85,"column":4},"end":{"line":85,"column":36}},"32":{"start":{"line":86,"column":4},"end":{"line":86,"column":79}},"33":{"start":{"line":88,"column":4},"end":{"line":88,"column":43}},"34":{"start":{"line":89,"column":4},"end":{"line":89,"column":79}},"35":{"start":{"line":94,"column":2},"end":{"line":94,"column":63}},"36":{"start":{"line":99,"column":2},"end":{"line":114,"column":3}},"37":{"start":{"line":100,"column":21},"end":{"line":100,"column":82}},"38":{"start":{"line":101,"column":4},"end":{"line":101,"column":70}},"39":{"start":{"line":102,"column":4},"end":{"line":102,"column":43}},"40":{"start":{"line":103,"column":4},"end":{"line":103,"column":78}},"41":{"start":{"line":105,"column":4},"end":{"line":107,"column":5}},"42":{"start":{"line":106,"column":6},"end":{"line":106,"column":88}},"43":{"start":{"line":108,"column":4},"end":{"line":112,"column":5}},"44":{"start":{"line":109,"column":6},"end":{"line":109,"column":81}},"45":{"start":{"line":111,"column":6},"end":{"line":111,"column":80}},"46":{"start":{"line":113,"column":4},"end":{"line":113,"column":50}},"47":{"start":{"line":119,"column":2},"end":{"line":119,"column":61}},"48":{"start":{"line":124,"column":2},"end":{"line":134,"column":3}},"49":{"start":{"line":125,"column":19},"end":{"line":125,"column":61}},"50":{"start":{"line":127,"column":4},"end":{"line":129,"column":5}},"51":{"start":{"line":128,"column":6},"end":{"line":128,"column":60}},"52":{"start":{"line":131,"column":4},"end":{"line":131,"column":81}},"53":{"start":{"line":133,"column":4},"end":{"line":133,"column":81}},"54":{"start":{"line":138,"column":2},"end":{"line":138,"column":79}},"55":{"start":{"line":143,"column":2},"end":{"line":150,"column":6}}},"fnMap":{"0":{"name":"getSnapshotFromUserAuth","decl":{"start":{"line":16,"column":17},"end":{"line":16,"column":40}},"loc":{"start":{"line":16,"column":54},"end":{"line":26,"column":1}},"line":16},"1":{"name":"signInWithGoogle","decl":{"start":{"line":28,"column":17},"end":{"line":28,"column":33}},"loc":{"start":{"line":28,"column":37},"end":{"line":39,"column":1}},"line":28},"2":{"name":"onGoogleSignInStart","decl":{"start":{"line":41,"column":17},"end":{"line":41,"column":36}},"loc":{"start":{"line":41,"column":40},"end":{"line":43,"column":1}},"line":41},"3":{"name":"signInWithEmail","decl":{"start":{"line":46,"column":10},"end":{"line":46,"column":25}},"loc":{"start":{"line":46,"column":63},"end":{"line":59,"column":1}},"line":46},"4":{"name":"onEmailSignInStart","decl":{"start":{"line":61,"column":10},"end":{"line":61,"column":28}},"loc":{"start":{"line":61,"column":32},"end":{"line":63,"column":1}},"line":61},"5":{"name":"isUserAuthenticated","decl":{"start":{"line":66,"column":10},"end":{"line":66,"column":29}},"loc":{"start":{"line":66,"column":33},"end":{"line":75,"column":1}},"line":66},"6":{"name":"checkUserSession","decl":{"start":{"line":77,"column":10},"end":{"line":77,"column":26}},"loc":{"start":{"line":77,"column":30},"end":{"line":79,"column":1}},"line":77},"7":{"name":"signOut","decl":{"start":{"line":82,"column":10},"end":{"line":82,"column":17}},"loc":{"start":{"line":82,"column":21},"end":{"line":91,"column":1}},"line":82},"8":{"name":"onSignOutStart","decl":{"start":{"line":93,"column":10},"end":{"line":93,"column":24}},"loc":{"start":{"line":93,"column":28},"end":{"line":95,"column":1}},"line":93},"9":{"name":"signUp","decl":{"start":{"line":98,"column":10},"end":{"line":98,"column":16}},"loc":{"start":{"line":98,"column":75},"end":{"line":115,"column":1}},"line":98},"10":{"name":"onSignUpStart","decl":{"start":{"line":118,"column":10},"end":{"line":118,"column":23}},"loc":{"start":{"line":118,"column":27},"end":{"line":120,"column":1}},"line":118},"11":{"name":"subscribeUserSaga","decl":{"start":{"line":123,"column":10},"end":{"line":123,"column":27}},"loc":{"start":{"line":123,"column":44},"end":{"line":135,"column":1}},"line":123},"12":{"name":"onUserSubscribe","decl":{"start":{"line":137,"column":10},"end":{"line":137,"column":25}},"loc":{"start":{"line":137,"column":29},"end":{"line":139,"column":1}},"line":137},"13":{"name":"userSagas","decl":{"start":{"line":142,"column":17},"end":{"line":142,"column":26}},"loc":{"start":{"line":142,"column":30},"end":{"line":151,"column":1}},"line":142}},"branchMap":{"0":{"loc":{"start":{"line":52,"column":4},"end":{"line":56,"column":5}},"type":"if","locations":[{"start":{"line":52,"column":4},"end":{"line":56,"column":5}},{"start":{"line":52,"column":4},"end":{"line":56,"column":5}}],"line":52},"1":{"loc":{"start":{"line":69,"column":4},"end":{"line":69,"column":28}},"type":"if","locations":[{"start":{"line":69,"column":4},"end":{"line":69,"column":28}},{"start":{"line":69,"column":4},"end":{"line":69,"column":28}}],"line":69},"2":{"loc":{"start":{"line":105,"column":4},"end":{"line":107,"column":5}},"type":"if","locations":[{"start":{"line":105,"column":4},"end":{"line":107,"column":5}},{"start":{"line":105,"column":4},"end":{"line":107,"column":5}}],"line":105},"3":{"loc":{"start":{"line":108,"column":4},"end":{"line":112,"column":5}},"type":"if","locations":[{"start":{"line":108,"column":4},"end":{"line":112,"column":5}},{"start":{"line":108,"column":4},"end":{"line":112,"column":5}}],"line":108},"4":{"loc":{"start":{"line":127,"column":4},"end":{"line":129,"column":5}},"type":"if","locations":[{"start":{"line":127,"column":4},"end":{"line":129,"column":5}},{"start":{"line":127,"column":4},"end":{"line":129,"column":5}}],"line":127}},"s":{"0":0,"1":0,"2":0,"3":0,"4":0,"5":0,"6":0,"7":0,"8":0,"9":0,"10":0,"11":0,"12":0,"13":0,"14":0,"15":0,"16":0,"17":0,"18":0,"19":0,"20":0,"21":0,"22":0,"23":0,"24":0,"25":0,"26":0,"27":0,"28":0,"29":0,"30":0,"31":0,"32":0,"33":0,"34":0,"35":0,"36":0,"37":0,"38":0,"39":0,"40":0,"41":0,"42":0,"43":0,"44":0,"45":0,"46":0,"47":0,"48":0,"49":0,"50":0,"51":0,"52":0,"53":0,"54":0,"55":0},"f":{"0":0,"1":0,"2":0,"3":0,"4":0,"5":0,"6":0,"7":0,"8":0,"9":0,"10":0,"11":0,"12":0,"13":0},"b":{"0":[0,0],"1":[0,0],"2":[0,0],"3":[0,0],"4":[0,0]}}
,"C:\\Users\\Artur\\Desktop\\activebaby-master\\src\\redux\\user\\user.selectors.js": {"path":"C:\\Users\\Artur\\Desktop\\activebaby-master\\src\\redux\\user\\user.selectors.js","statementMap":{"0":{"start":{"line":3,"column":19},"end":{"line":3,"column":38}},"1":{"start":{"line":3,"column":28},"end":{"line":3,"column":38}},"2":{"start":{"line":5,"column":33},"end":{"line":8,"column":1}},"3":{"start":{"line":7,"column":10},"end":{"line":7,"column":26}}},"fnMap":{"0":{"name":"(anonymous_0)","decl":{"start":{"line":3,"column":19},"end":{"line":3,"column":20}},"loc":{"start":{"line":3,"column":28},"end":{"line":3,"column":38}},"line":3},"1":{"name":"(anonymous_1)","decl":{"start":{"line":7,"column":2},"end":{"line":7,"column":3}},"loc":{"start":{"line":7,"column":10},"end":{"line":7,"column":26}},"line":7}},"branchMap":{},"s":{"0":27,"1":0,"2":27,"3":0},"f":{"0":0,"1":0},"b":{},"_coverageSchema":"1a1c01bbd47fc00a2c39e90264f33305004495a9","hash":"139e7506bdbd5bb3b7268f83b61f21c55bff72f4"}
,"C:\\Users\\Artur\\Desktop\\activebaby-master\\src\\redux\\user\\user.types.js": {"path":"C:\\Users\\Artur\\Desktop\\activebaby-master\\src\\redux\\user\\user.types.js","statementMap":{"0":{"start":{"line":1,"column":24},"end":{"line":19,"column":1}}},"fnMap":{},"branchMap":{},"s":{"0":27},"f":{},"b":{},"_coverageSchema":"1a1c01bbd47fc00a2c39e90264f33305004495a9","hash":"8880b81fbddf7202b1f39a541fa83082126c4d4c"}
,"C:\\Users\\Artur\\Desktop\\activebaby-master\\src\\styles\\commonStylesAndStyledComponents.js": {"path":"C:\\Users\\Artur\\Desktop\\activebaby-master\\src\\styles\\commonStylesAndStyledComponents.js","statementMap":{"0":{"start":{"line":3,"column":31},"end":{"line":5,"column":1}},"1":{"start":{"line":4,"column":29},"end":{"line":4,"column":43}},"2":{"start":{"line":7,"column":30},"end":{"line":9,"column":1}},"3":{"start":{"line":11,"column":26},"end":{"line":15,"column":1}},"4":{"start":{"line":17,"column":29},"end":{"line":20,"column":1}},"5":{"start":{"line":22,"column":36},"end":{"line":25,"column":1}},"6":{"start":{"line":27,"column":37},"end":{"line":29,"column":1}},"7":{"start":{"line":31,"column":39},"end":{"line":33,"column":1}},"8":{"start":{"line":35,"column":38},"end":{"line":37,"column":1}},"9":{"start":{"line":39,"column":31},"end":{"line":42,"column":1}},"10":{"start":{"line":44,"column":28},"end":{"line":51,"column":1}},"11":{"start":{"line":53,"column":31},"end":{"line":57,"column":1}},"12":{"start":{"line":59,"column":36},"end":{"line":67,"column":1}},"13":{"start":{"line":69,"column":25},"end":{"line":74,"column":1}}},"fnMap":{"0":{"name":"(anonymous_0)","decl":{"start":{"line":4,"column":12},"end":{"line":4,"column":13}},"loc":{"start":{"line":4,"column":29},"end":{"line":4,"column":43}},"line":4}},"branchMap":{},"s":{"0":43,"1":0,"2":43,"3":43,"4":43,"5":43,"6":43,"7":43,"8":43,"9":43,"10":43,"11":43,"12":43,"13":43},"f":{"0":0},"b":{},"_coverageSchema":"1a1c01bbd47fc00a2c39e90264f33305004495a9","hash":"e464e1b086a845b3668e0c64f929bdd552e3dfbd"}
,"C:\\Users\\Artur\\Desktop\\activebaby-master\\src\\styles\\globalStyles.js": {"path":"C:\\Users\\Artur\\Desktop\\activebaby-master\\src\\styles\\globalStyles.js","statementMap":{"0":{"start":{"line":30,"column":27},"end":{"line":30,"column":37}},"1":{"start":{"line":31,"column":38},"end":{"line":31,"column":49}},"2":{"start":{"line":62,"column":80},"end":{"line":62,"column":90}}},"fnMap":{"0":{"name":"(anonymous_0)","decl":{"start":{"line":30,"column":10},"end":{"line":30,"column":11}},"loc":{"start":{"line":30,"column":27},"end":{"line":30,"column":37}},"line":30},"1":{"name":"(anonymous_1)","decl":{"start":{"line":31,"column":21},"end":{"line":31,"column":22}},"loc":{"start":{"line":31,"column":38},"end":{"line":31,"column":49}},"line":31},"2":{"name":"(anonymous_2)","decl":{"start":{"line":62,"column":63},"end":{"line":62,"column":64}},"loc":{"start":{"line":62,"column":80},"end":{"line":62,"column":90}},"line":62}},"branchMap":{},"s":{"0":0,"1":0,"2":0},"f":{"0":0,"1":0,"2":0},"b":{}}
,"C:\\Users\\Artur\\Desktop\\activebaby-master\\src\\utils\\media.js": {"path":"C:\\Users\\Artur\\Desktop\\activebaby-master\\src\\utils\\media.js","statementMap":{"0":{"start":{"line":2,"column":22},"end":{"line":2,"column":49}},"1":{"start":{"line":3,"column":22},"end":{"line":3,"column":50}},"2":{"start":{"line":4,"column":23},"end":{"line":4,"column":50}}},"fnMap":{},"branchMap":{},"s":{"0":35,"1":35,"2":35},"f":{},"b":{},"_coverageSchema":"1a1c01bbd47fc00a2c39e90264f33305004495a9","hash":"341b3a2860ede9f32bf1883405525b54c5cc37aa"}
}
