TN:
SF:src\index.jsx
FNF:0
FNH:0
DA:18,0
LF:1
LH:0
BRF:0
BRH:0
end_of_record
TN:
SF:src\Root\Root.jsx
FN:16,(anonymous_0)
FN:17,(anonymous_1)
FN:22,(anonymous_2)
FN:27,(anonymous_3)
FN:64,(anonymous_4)
FN:90,(anonymous_5)
FN:112,(anonymous_6)
FN:113,(anonymous_7)
FNF:8
FNH:0
FNDA:0,(anonymous_0)
FNDA:0,(anonymous_1)
FNDA:0,(anonymous_2)
FNDA:0,(anonymous_3)
FNDA:0,(anonymous_4)
FNDA:0,(anonymous_5)
FNDA:0,(anonymous_6)
FNDA:0,(anonymous_7)
DA:16,1
DA:17,0
DA:18,0
DA:22,1
DA:23,0
DA:26,0
DA:29,0
DA:63,0
DA:64,0
DA:65,0
DA:66,0
DA:69,0
DA:74,0
DA:91,0
DA:107,1
DA:112,1
DA:113,0
DA:118,1
LF:18
LH:5
BRDA:65,0,0,0
BRDA:65,0,1,0
BRDA:91,1,0,0
BRDA:91,1,1,0
BRF:4
BRH:0
end_of_record
TN:
SF:src\Root\styles.js
FNF:0
FNH:0
DA:3,1
DA:14,1
LF:2
LH:2
BRF:0
BRH:0
end_of_record
TN:
SF:src\assets\cardsHover\index.js
FNF:0
FNH:0
LF:0
LH:0
BRF:0
BRH:0
end_of_record
TN:
SF:src\assets\categories\index.js
FNF:0
FNH:0
LF:0
LH:0
BRF:0
BRH:0
end_of_record
TN:
SF:src\assets\sliderHugeFirst\index.js
FNF:0
FNH:0
LF:0
LH:0
BRF:0
BRH:0
end_of_record
TN:
SF:src\assets\sliderHugeSecond\index.js
FNF:0
FNH:0
LF:0
LH:0
BRF:0
BRH:0
end_of_record
TN:
SF:src\assets\sliderMain\index.js
FNF:0
FNH:0
LF:0
LH:0
BRF:0
BRH:0
end_of_record
TN:
SF:src\assets\sliderSmallFirst\index.js
FNF:0
FNH:0
LF:0
LH:0
BRF:0
BRH:0
end_of_record
TN:
SF:src\assets\sliderSmallSecond\index.js
FNF:0
FNH:0
LF:0
LH:0
BRF:0
BRH:0
end_of_record
TN:
SF:src\assets\stripe\index.js
FNF:0
FNH:0
LF:0
LH:0
BRF:0
BRH:0
end_of_record
TN:
SF:src\assets\visitUs\index.js
FNF:0
FNH:0
LF:0
LH:0
BRF:0
BRH:0
end_of_record
TN:
SF:src\components\index.js
FNF:0
FNH:0
LF:0
LH:0
BRF:0
BRH:0
end_of_record
TN:
SF:src\components\BurgerMenu\BurgerMenu.jsx
FN:22,(anonymous_0)
FN:25,(anonymous_1)
FN:27,(anonymous_2)
FN:37,(anonymous_3)
FN:53,(anonymous_4)
FN:57,(anonymous_5)
FN:61,(anonymous_6)
FN:82,(anonymous_7)
FN:98,(anonymous_8)
FN:99,(anonymous_9)
FN:105,(anonymous_10)
FNF:11
FNH:0
FNDA:0,(anonymous_0)
FNDA:0,(anonymous_1)
FNDA:0,(anonymous_2)
FNDA:0,(anonymous_3)
FNDA:0,(anonymous_4)
FNDA:0,(anonymous_5)
FNDA:0,(anonymous_6)
FNDA:0,(anonymous_7)
FNDA:0,(anonymous_8)
FNDA:0,(anonymous_9)
FNDA:0,(anonymous_10)
DA:22,27
DA:23,0
DA:24,0
DA:25,0
DA:27,0
DA:28,0
DA:37,0
DA:38,0
DA:39,0
DA:42,0
DA:53,0
DA:58,0
DA:61,0
DA:82,0
DA:93,27
DA:98,27
DA:99,0
DA:104,27
DA:105,0
LF:19
LH:4
BRDA:75,0,0,0
BRDA:75,0,1,0
BRF:2
BRH:0
end_of_record
TN:
SF:src\components\BurgerMenu\index.js
FNF:0
FNH:0
LF:0
LH:0
BRF:0
BRH:0
end_of_record
TN:
SF:src\components\BurgerMenu\styles.js
FN:46,(anonymous_0)
FN:86,(anonymous_1)
FNF:2
FNH:0
FNDA:0,(anonymous_0)
FNDA:0,(anonymous_1)
DA:7,27
DA:15,27
DA:27,27
DA:31,27
DA:43,27
DA:46,0
DA:54,27
DA:65,27
DA:78,27
DA:86,0
DA:97,27
DA:104,27
LF:12
LH:10
BRF:0
BRH:0
end_of_record
TN:
SF:src\components\CardContainer\CardContainer.jsx
FN:10,(anonymous_0)
FN:14,(anonymous_1)
FNF:2
FNH:0
FNDA:0,(anonymous_0)
FNDA:0,(anonymous_1)
DA:10,27
DA:12,0
DA:15,0
DA:21,27
DA:27,27
LF:5
LH:3
BRF:0
BRH:0
end_of_record
TN:
SF:src\components\CardContainer\index.js
FNF:0
FNH:0
LF:0
LH:0
BRF:0
BRH:0
end_of_record
TN:
SF:src\components\CardContainer\styles.js
FNF:0
FNH:0
DA:4,27
LF:1
LH:1
BRF:0
BRH:0
end_of_record
TN:
SF:src\components\CheckoutItem\CheckoutItem.jsx
FN:13,(anonymous_0)
FN:23,(anonymous_1)
FN:25,(anonymous_2)
FN:28,(anonymous_3)
FN:35,(anonymous_4)
FN:36,(anonymous_5)
FN:37,(anonymous_6)
FN:38,(anonymous_7)
FNF:8
FNH:0
FNDA:0,(anonymous_0)
FNDA:0,(anonymous_1)
FNDA:0,(anonymous_2)
FNDA:0,(anonymous_3)
FNDA:0,(anonymous_4)
FNDA:0,(anonymous_5)
FNDA:0,(anonymous_6)
FNDA:0,(anonymous_7)
DA:13,28
DA:14,0
DA:16,0
DA:23,0
DA:25,0
DA:28,0
DA:35,28
DA:36,0
DA:37,0
DA:38,0
DA:44,28
LF:11
LH:3
BRF:0
BRH:0
end_of_record
TN:
SF:src\components\CheckoutItem\index.js
FNF:0
FNH:0
LF:0
LH:0
BRF:0
BRH:0
end_of_record
TN:
SF:src\components\CheckoutItem\styles.js
FN:7,(anonymous_0)
FNF:1
FNH:0
FNDA:0,(anonymous_0)
DA:3,28
DA:7,0
DA:14,28
DA:24,28
DA:28,28
DA:40,28
LF:6
LH:5
BRF:0
BRH:0
end_of_record
TN:
SF:src\components\CollectionOverviewItem\CollectionOverviewItem.jsx
FN:19,(anonymous_0)
FN:24,(anonymous_1)
FN:35,(anonymous_2)
FN:44,(anonymous_3)
FN:45,(anonymous_4)
FN:46,(anonymous_5)
FN:47,(anonymous_6)
FNF:7
FNH:0
FNDA:0,(anonymous_0)
FNDA:0,(anonymous_1)
FNDA:0,(anonymous_2)
FNDA:0,(anonymous_3)
FNDA:0,(anonymous_4)
FNDA:0,(anonymous_5)
FNDA:0,(anonymous_6)
DA:19,28
DA:20,0
DA:22,0
DA:24,0
DA:25,0
DA:26,0
DA:29,0
DA:35,0
DA:44,28
DA:45,0
DA:46,0
DA:47,0
DA:53,28
LF:13
LH:3
BRF:0
BRH:0
end_of_record
TN:
SF:src\components\CollectionOverviewItem\index.js
FNF:0
FNH:0
LF:0
LH:0
BRF:0
BRH:0
end_of_record
TN:
SF:src\components\CollectionOverviewItem\styles.js
FN:19,(anonymous_0)
FN:25,(anonymous_1)
FN:53,(anonymous_2)
FNF:3
FNH:0
FNDA:0,(anonymous_0)
FNDA:0,(anonymous_1)
FNDA:0,(anonymous_2)
DA:6,28
DA:19,0
DA:23,28
DA:25,0
DA:32,28
DA:37,28
DA:42,28
DA:49,28
DA:53,0
LF:9
LH:6
BRF:0
BRH:0
end_of_record
TN:
SF:src\components\CollectionPreviewItem\CollectionPreviewItem.jsx
FN:30,(anonymous_0)
FN:57,(anonymous_1)
FN:75,(anonymous_2)
FN:76,(anonymous_3)
FN:77,(anonymous_4)
FNF:5
FNH:0
FNDA:0,(anonymous_0)
FNDA:0,(anonymous_1)
FNDA:0,(anonymous_2)
FNDA:0,(anonymous_3)
FNDA:0,(anonymous_4)
DA:30,27
DA:32,0
DA:33,0
DA:57,0
DA:68,27
DA:75,27
DA:76,0
DA:77,0
DA:82,27
LF:9
LH:4
BRF:0
BRH:0
end_of_record
TN:
SF:src\components\CollectionPreviewItem\index.js
FNF:0
FNH:0
LF:0
LH:0
BRF:0
BRH:0
end_of_record
TN:
SF:src\components\CollectionPreviewItem\styles.js
FN:18,(anonymous_0)
FN:37,(anonymous_1)
FN:102,(anonymous_2)
FNF:3
FNH:0
FNDA:0,(anonymous_0)
FNDA:0,(anonymous_1)
FNDA:0,(anonymous_2)
DA:9,27
DA:18,0
DA:30,27
DA:36,27
DA:37,0
DA:42,27
DA:47,27
DA:55,27
DA:65,27
DA:70,27
DA:76,27
DA:80,27
DA:84,27
DA:94,27
DA:102,0
LF:15
LH:12
BRF:0
BRH:0
end_of_record
TN:
SF:src\components\CustomAlert\CustomAlert.jsx
FN:10,(anonymous_0)
FNF:1
FNH:0
FNDA:0,(anonymous_0)
DA:10,28
DA:11,0
DA:19,28
DA:25,28
LF:4
LH:3
BRDA:13,0,0,0
BRDA:13,0,1,0
BRF:2
BRH:0
end_of_record
TN:
SF:src\components\CustomAlert\index.js
FNF:0
FNH:0
LF:0
LH:0
BRF:0
BRH:0
end_of_record
TN:
SF:src\components\CustomAlert\styles.js
FN:15,(anonymous_0)
FNF:1
FNH:0
FNDA:0,(anonymous_0)
DA:4,29
DA:15,0
DA:22,29
LF:3
LH:2
BRF:0
BRH:0
end_of_record
TN:
SF:src\components\CustomAlert\internal\index.js
FNF:0
FNH:0
LF:0
LH:0
BRF:0
BRH:0
end_of_record
TN:
SF:src\components\CustomAlert\internal\Alert\Alert.jsx
FN:10,(anonymous_0)
FN:15,(anonymous_1)
FNF:2
FNH:0
FNDA:0,(anonymous_0)
FNDA:0,(anonymous_1)
DA:10,29
DA:11,0
DA:12,0
DA:16,0
DA:30,29
DA:36,29
LF:6
LH:3
BRDA:19,0,0,0
BRDA:19,0,1,0
BRF:2
BRH:0
end_of_record
TN:
SF:src\components\CustomAlert\internal\Alert\index.js
FNF:0
FNH:0
LF:0
LH:0
BRF:0
BRH:0
end_of_record
TN:
SF:src\components\CustomButton\CustomButton.jsx
FN:5,(anonymous_0)
FNF:1
FNH:1
FNDA:1,(anonymous_0)
DA:5,29
DA:6,1
DA:13,29
LF:3
LH:3
BRF:0
BRH:0
end_of_record
TN:
SF:src\components\CustomButton\index.js
FNF:0
FNH:0
LF:0
LH:0
BRF:0
BRH:0
end_of_record
TN:
SF:src\components\CustomButton\styles.js
FN:13,(anonymous_0)
FN:14,(anonymous_1)
FN:15,(anonymous_2)
FN:17,(anonymous_3)
FN:18,(anonymous_4)
FN:23,(anonymous_5)
FN:24,(anonymous_6)
FN:27,(anonymous_7)
FN:28,(anonymous_8)
FN:29,(anonymous_9)
FN:34,(anonymous_10)
FN:35,(anonymous_11)
FN:38,(anonymous_12)
FN:39,(anonymous_13)
FN:40,(anonymous_14)
FN:44,(anonymous_15)
FN:64,(anonymous_16)
FN:71,(anonymous_17)
FN:85,(anonymous_18)
FN:86,(anonymous_19)
FN:87,(anonymous_20)
FN:88,(anonymous_21)
FN:89,(anonymous_22)
FN:90,(anonymous_23)
FN:91,(anonymous_24)
FNF:25
FNH:0
FNDA:0,(anonymous_0)
FNDA:0,(anonymous_1)
FNDA:0,(anonymous_2)
FNDA:0,(anonymous_3)
FNDA:0,(anonymous_4)
FNDA:0,(anonymous_5)
FNDA:0,(anonymous_6)
FNDA:0,(anonymous_7)
FNDA:0,(anonymous_8)
FNDA:0,(anonymous_9)
FNDA:0,(anonymous_10)
FNDA:0,(anonymous_11)
FNDA:0,(anonymous_12)
FNDA:0,(anonymous_13)
FNDA:0,(anonymous_14)
FNDA:0,(anonymous_15)
FNDA:0,(anonymous_16)
FNDA:0,(anonymous_17)
FNDA:0,(anonymous_18)
FNDA:0,(anonymous_19)
FNDA:0,(anonymous_20)
FNDA:0,(anonymous_21)
FNDA:0,(anonymous_22)
FNDA:0,(anonymous_23)
FNDA:0,(anonymous_24)
DA:5,29
DA:12,29
DA:13,0
DA:14,0
DA:15,0
DA:17,0
DA:18,0
DA:22,29
DA:23,0
DA:24,0
DA:27,0
DA:28,0
DA:29,0
DA:33,29
DA:34,0
DA:35,0
DA:38,0
DA:39,0
DA:40,0
DA:44,29
DA:45,0
DA:46,0
DA:48,0
DA:49,0
DA:51,0
DA:54,29
DA:58,29
DA:64,29
DA:65,0
DA:66,0
DA:68,0
DA:71,29
DA:72,0
DA:73,0
DA:75,0
DA:79,29
DA:85,0
DA:86,0
DA:87,0
DA:88,0
DA:89,0
DA:90,0
DA:91,0
LF:43
LH:10
BRDA:45,0,0,0
BRDA:45,0,1,0
BRDA:48,1,0,0
BRDA:48,1,1,0
BRDA:65,2,0,0
BRDA:65,2,1,0
BRDA:72,3,0,0
BRDA:72,3,1,0
BRF:8
BRH:0
end_of_record
TN:
SF:src\components\CustomForm\CustomForm.jsx
FN:5,(anonymous_0)
FNF:1
FNH:1
FNDA:1,(anonymous_0)
DA:5,28
DA:6,1
DA:13,28
LF:3
LH:3
BRF:0
BRH:0
end_of_record
TN:
SF:src\components\CustomForm\index.js
FNF:0
FNH:0
LF:0
LH:0
BRF:0
BRH:0
end_of_record
TN:
SF:src\components\CustomForm\styles.js
FN:7,(anonymous_0)
FN:8,(anonymous_1)
FN:9,(anonymous_2)
FN:10,(anonymous_3)
FNF:4
FNH:0
FNDA:0,(anonymous_0)
FNDA:0,(anonymous_1)
FNDA:0,(anonymous_2)
FNDA:0,(anonymous_3)
DA:3,28
DA:7,0
DA:8,0
DA:9,0
DA:10,0
LF:5
LH:1
BRF:0
BRH:0
end_of_record
TN:
SF:src\components\CustomInput\CustomInput.jsx
FN:7,(anonymous_0)
FNF:1
FNH:1
FNDA:1,(anonymous_0)
DA:7,28
DA:8,1
DA:17,28
LF:3
LH:3
BRF:0
BRH:0
end_of_record
TN:
SF:src\components\CustomInput\index.js
FNF:0
FNH:0
LF:0
LH:0
BRF:0
BRH:0
end_of_record
TN:
SF:src\components\CustomInput\styles.js
FN:8,(anonymous_0)
FN:20,(anonymous_1)
FN:33,(anonymous_2)
FN:34,(anonymous_3)
FN:35,(anonymous_4)
FN:44,(anonymous_5)
FNF:6
FNH:0
FNDA:0,(anonymous_0)
FNDA:0,(anonymous_1)
FNDA:0,(anonymous_2)
FNDA:0,(anonymous_3)
FNDA:0,(anonymous_4)
FNDA:0,(anonymous_5)
DA:4,28
DA:8,28
DA:9,0
DA:10,0
DA:12,0
DA:15,28
DA:20,28
DA:21,0
DA:22,0
DA:24,0
DA:28,28
DA:33,0
DA:34,0
DA:35,0
DA:44,0
LF:15
LH:5
BRDA:9,0,0,0
BRDA:9,0,1,0
BRDA:21,1,0,0
BRDA:21,1,1,0
BRF:4
BRH:0
end_of_record
TN:
SF:src\components\CustomLabel\CustomLabel.jsx
FN:5,(anonymous_0)
FNF:1
FNH:1
FNDA:1,(anonymous_0)
DA:5,29
DA:6,1
DA:13,29
LF:3
LH:3
BRF:0
BRH:0
end_of_record
TN:
SF:src\components\CustomLabel\index.js
FNF:0
FNH:0
LF:0
LH:0
BRF:0
BRH:0
end_of_record
TN:
SF:src\components\CustomLabel\styles.js
FN:12,(anonymous_0)
FN:13,(anonymous_1)
FN:14,(anonymous_2)
FN:15,(anonymous_3)
FN:16,(anonymous_4)
FNF:5
FNH:0
FNDA:0,(anonymous_0)
FNDA:0,(anonymous_1)
FNDA:0,(anonymous_2)
FNDA:0,(anonymous_3)
FNDA:0,(anonymous_4)
DA:6,29
DA:12,0
DA:13,0
DA:14,0
DA:15,0
DA:16,0
LF:6
LH:1
BRF:0
BRH:0
end_of_record
TN:
SF:src\components\CustomLinkLikeButton\CustomLinkLikeButton.jsx
FN:5,(anonymous_0)
FNF:1
FNH:1
FNDA:1,(anonymous_0)
DA:5,28
DA:6,1
DA:13,28
LF:3
LH:3
BRF:0
BRH:0
end_of_record
TN:
SF:src\components\CustomLinkLikeButton\index.js
FNF:0
FNH:0
LF:0
LH:0
BRF:0
BRH:0
end_of_record
TN:
SF:src\components\CustomLinkLikeButton\styles.js
FN:8,(anonymous_0)
FN:9,(anonymous_1)
FN:10,(anonymous_2)
FN:17,(anonymous_3)
FN:18,(anonymous_4)
FNF:5
FNH:0
FNDA:0,(anonymous_0)
FNDA:0,(anonymous_1)
FNDA:0,(anonymous_2)
FNDA:0,(anonymous_3)
FNDA:0,(anonymous_4)
DA:5,28
DA:8,0
DA:9,0
DA:10,0
DA:17,0
DA:18,0
DA:23,28
LF:7
LH:2
BRF:0
BRH:0
end_of_record
TN:
SF:src\components\ErrorBoundary\ErrorBoundry.jsx
FN:6,(anonymous_0)
FN:13,(anonymous_1)
FN:20,(anonymous_2)
FN:24,(anonymous_3)
FNF:4
FNH:0
FNDA:0,(anonymous_0)
FNDA:0,(anonymous_1)
FNDA:0,(anonymous_2)
FNDA:0,(anonymous_3)
DA:7,0
DA:8,0
DA:16,0
DA:21,0
DA:25,0
DA:26,0
DA:33,0
LF:7
LH:0
BRDA:25,0,0,0
BRDA:25,0,1,0
BRF:2
BRH:0
end_of_record
TN:
SF:src\components\ErrorBoundary\index.js
FNF:0
FNH:0
LF:0
LH:0
BRF:0
BRH:0
end_of_record
TN:
SF:src\components\ErrorBoundary\styles.js
FN:17,(anonymous_0)
FN:27,(anonymous_1)
FNF:2
FNH:0
FNDA:0,(anonymous_0)
FNDA:0,(anonymous_1)
DA:4,1
DA:15,1
DA:17,0
DA:24,1
DA:27,0
LF:5
LH:3
BRF:0
BRH:0
end_of_record
TN:
SF:src\components\Footer\Footer.jsx
FN:24,(anonymous_0)
FN:27,(anonymous_1)
FN:29,(anonymous_2)
FN:42,(anonymous_3)
FN:48,(anonymous_4)
FN:66,(anonymous_5)
FN:119,(anonymous_6)
FN:120,(anonymous_7)
FNF:8
FNH:0
FNDA:0,(anonymous_0)
FNDA:0,(anonymous_1)
FNDA:0,(anonymous_2)
FNDA:0,(anonymous_3)
FNDA:0,(anonymous_4)
FNDA:0,(anonymous_5)
FNDA:0,(anonymous_6)
FNDA:0,(anonymous_7)
DA:24,27
DA:25,0
DA:26,0
DA:27,0
DA:29,0
DA:30,0
DA:40,0
DA:42,0
DA:43,0
DA:44,0
DA:45,0
DA:48,0
DA:49,0
DA:50,0
DA:54,0
DA:67,0
DA:115,27
DA:119,27
DA:120,0
DA:126,27
LF:20
LH:4
BRF:0
BRH:0
end_of_record
TN:
SF:src\components\Footer\data.js
FNF:0
FNH:0
DA:1,28
LF:1
LH:1
BRF:0
BRH:0
end_of_record
TN:
SF:src\components\Footer\index.js
FNF:0
FNH:0
LF:0
LH:0
BRF:0
BRH:0
end_of_record
TN:
SF:src\components\Footer\styles.js
FN:9,(anonymous_0)
FN:10,(anonymous_1)
FN:21,(anonymous_2)
FN:34,(anonymous_3)
FN:48,(anonymous_4)
FN:63,(anonymous_5)
FN:67,(anonymous_6)
FN:73,(anonymous_7)
FNF:8
FNH:0
FNDA:0,(anonymous_0)
FNDA:0,(anonymous_1)
FNDA:0,(anonymous_2)
FNDA:0,(anonymous_3)
FNDA:0,(anonymous_4)
FNDA:0,(anonymous_5)
FNDA:0,(anonymous_6)
FNDA:0,(anonymous_7)
DA:6,28
DA:9,0
DA:10,0
DA:13,28
DA:18,28
DA:21,0
DA:27,28
DA:34,0
DA:38,28
DA:45,28
DA:48,0
DA:53,28
DA:60,28
DA:63,0
DA:67,0
DA:72,28
DA:73,0
DA:80,28
DA:88,28
DA:95,28
DA:104,28
LF:21
LH:13
BRF:0
BRH:0
end_of_record
TN:
SF:src\components\Footer\internal\index.js
FNF:0
FNH:0
LF:0
LH:0
BRF:0
BRH:0
end_of_record
TN:
SF:src\components\Footer\internal\SocialLinksComponent\SocialLinksComponent.jsx
FN:6,(anonymous_0)
FNF:1
FNH:1
FNDA:1,(anonymous_0)
DA:6,28
DA:7,1
LF:2
LH:2
BRF:0
BRH:0
end_of_record
TN:
SF:src\components\Footer\internal\SocialLinksComponent\index.js
FNF:0
FNH:0
LF:0
LH:0
BRF:0
BRH:0
end_of_record
TN:
SF:src\components\GoogleMaps\GoogleMaps.jsx
FN:9,(anonymous_0)
FN:16,(anonymous_1)
FN:18,(anonymous_2)
FN:43,(anonymous_3)
FNF:4
FNH:1
FNDA:0,(anonymous_0)
FNDA:0,(anonymous_1)
FNDA:0,(anonymous_2)
FNDA:1,(anonymous_3)
DA:9,29
DA:10,0
DA:11,0
DA:12,0
DA:16,0
DA:18,0
DA:32,29
DA:41,29
DA:42,29
DA:43,29
DA:44,1
LF:11
LH:6
BRDA:17,0,0,0
BRDA:17,0,1,0
BRF:2
BRH:0
end_of_record
TN:
SF:src\components\GoogleMaps\index.js
FNF:0
FNH:0
LF:0
LH:0
BRF:0
BRH:0
end_of_record
TN:
SF:src\components\GoogleMaps\styles.js
FN:13,(anonymous_0)
FN:16,(anonymous_1)
FNF:2
FNH:0
FNDA:0,(anonymous_0)
FNDA:0,(anonymous_1)
DA:3,29
DA:7,29
DA:10,29
DA:13,0
DA:16,0
LF:5
LH:3
BRF:0
BRH:0
end_of_record
TN:
SF:src\components\Header\Header.jsx
FN:26,(anonymous_0)
FN:48,(anonymous_1)
FNF:2
FNH:0
FNDA:0,(anonymous_0)
FNDA:0,(anonymous_1)
DA:26,27
DA:27,0
DA:48,0
DA:74,27
LF:4
LH:2
BRF:0
BRH:0
end_of_record
TN:
SF:src\components\Header\index.js
FNF:0
FNH:0
LF:0
LH:0
BRF:0
BRH:0
end_of_record
TN:
SF:src\components\Header\styles.js
FN:12,(anonymous_0)
FN:16,(anonymous_1)
FN:36,(anonymous_2)
FN:46,(anonymous_3)
FN:72,(anonymous_4)
FN:101,(anonymous_5)
FN:104,(anonymous_6)
FN:116,(anonymous_7)
FN:139,(anonymous_8)
FN:143,(anonymous_9)
FN:159,(anonymous_10)
FN:162,(anonymous_11)
FN:211,(anonymous_12)
FN:214,(anonymous_13)
FNF:14
FNH:0
FNDA:0,(anonymous_0)
FNDA:0,(anonymous_1)
FNDA:0,(anonymous_2)
FNDA:0,(anonymous_3)
FNDA:0,(anonymous_4)
FNDA:0,(anonymous_5)
FNDA:0,(anonymous_6)
FNDA:0,(anonymous_7)
FNDA:0,(anonymous_8)
FNDA:0,(anonymous_9)
FNDA:0,(anonymous_10)
FNDA:0,(anonymous_11)
FNDA:0,(anonymous_12)
FNDA:0,(anonymous_13)
DA:7,27
DA:12,0
DA:16,0
DA:21,27
DA:32,27
DA:36,0
DA:40,27
DA:45,27
DA:46,0
DA:54,27
DA:59,27
DA:65,27
DA:72,0
DA:76,27
DA:85,27
DA:95,27
DA:99,27
DA:101,0
DA:104,0
DA:108,27
DA:113,27
DA:116,0
DA:125,27
DA:133,27
DA:139,0
DA:143,0
DA:150,27
DA:156,27
DA:159,0
DA:162,0
DA:166,27
DA:170,27
DA:180,27
DA:196,27
DA:203,27
DA:209,27
DA:211,0
DA:214,0
LF:38
LH:24
BRF:0
BRH:0
end_of_record
TN:
SF:src\components\HeaderNavContainer\HeaderNavContainer.jsx
FN:18,(anonymous_0)
FN:38,(anonymous_1)
FNF:2
FNH:0
FNDA:0,(anonymous_0)
FNDA:0,(anonymous_1)
DA:18,27
DA:20,0
DA:22,0
DA:38,0
DA:66,27
LF:5
LH:2
BRF:0
BRH:0
end_of_record
TN:
SF:src\components\HeaderNavContainer\index.js
FNF:0
FNH:0
LF:0
LH:0
BRF:0
BRH:0
end_of_record
TN:
SF:src\components\HeaderNavContainer\internal\index.js
FNF:0
FNH:0
LF:0
LH:0
BRF:0
BRH:0
end_of_record
TN:
SF:src\components\HeaderNavContainer\internal\HeaderArticles\HeaderArticles.jsx
FN:9,(anonymous_0)
FN:12,(anonymous_1)
FN:13,(anonymous_2)
FN:25,(anonymous_3)
FNF:4
FNH:0
FNDA:0,(anonymous_0)
FNDA:0,(anonymous_1)
FNDA:0,(anonymous_2)
FNDA:0,(anonymous_3)
DA:9,27
DA:10,0
DA:12,0
DA:13,0
DA:14,0
DA:23,0
DA:26,0
DA:36,27
DA:42,27
LF:9
LH:3
BRF:0
BRH:0
end_of_record
TN:
SF:src\components\HeaderNavContainer\internal\HeaderArticles\index.js
FNF:0
FNH:0
LF:0
LH:0
BRF:0
BRH:0
end_of_record
TN:
SF:src\components\HeaderNavContainer\internal\HeaderCategory\HeaderCategory.jsx
FN:9,(anonymous_0)
FN:13,(anonymous_1)
FN:14,(anonymous_2)
FN:17,(anonymous_3)
FN:31,(anonymous_4)
FN:33,(anonymous_5)
FNF:6
FNH:0
FNDA:0,(anonymous_0)
FNDA:0,(anonymous_1)
FNDA:0,(anonymous_2)
FNDA:0,(anonymous_3)
FNDA:0,(anonymous_4)
FNDA:0,(anonymous_5)
DA:9,27
DA:10,0
DA:13,0
DA:14,0
DA:15,0
DA:18,0
DA:29,0
DA:32,0
DA:34,0
DA:44,27
DA:51,27
LF:11
LH:3
BRF:0
BRH:0
end_of_record
TN:
SF:src\components\HeaderNavContainer\internal\HeaderCategory\index.js
FNF:0
FNH:0
LF:0
LH:0
BRF:0
BRH:0
end_of_record
TN:
SF:src\components\HeaderSearchDropdown\HeaderSearchDropdown.jsx
FN:7,(anonymous_0)
FNF:1
FNH:0
FNDA:0,(anonymous_0)
DA:7,27
DA:8,0
DA:9,0
LF:3
LH:1
BRF:0
BRH:0
end_of_record
TN:
SF:src\components\HeaderSearchDropdown\index.js
FNF:0
FNH:0
LF:0
LH:0
BRF:0
BRH:0
end_of_record
TN:
SF:src\components\HeaderSearchDropdown\styles.js
FN:10,(anonymous_0)
FN:35,(anonymous_1)
FN:51,(anonymous_2)
FNF:3
FNH:0
FNDA:0,(anonymous_0)
FNDA:0,(anonymous_1)
FNDA:0,(anonymous_2)
DA:5,27
DA:10,0
DA:16,27
DA:31,27
DA:35,0
DA:43,27
DA:51,0
DA:54,27
LF:8
LH:5
BRF:0
BRH:0
end_of_record
TN:
SF:src\components\LinkCardHover\LinkCardHover.jsx
FN:6,(anonymous_0)
FNF:1
FNH:1
FNDA:1,(anonymous_0)
DA:6,28
DA:7,1
DA:8,1
DA:23,28
LF:4
LH:4
BRF:0
BRH:0
end_of_record
TN:
SF:src\components\LinkCardHover\index.js
FNF:0
FNH:0
LF:0
LH:0
BRF:0
BRH:0
end_of_record
TN:
SF:src\components\LinkCardHover\styles.js
FN:10,(anonymous_0)
FN:13,(anonymous_1)
FN:33,(anonymous_2)
FN:36,(anonymous_3)
FNF:4
FNH:0
FNDA:0,(anonymous_0)
FNDA:0,(anonymous_1)
FNDA:0,(anonymous_2)
FNDA:0,(anonymous_3)
DA:6,28
DA:10,0
DA:13,0
DA:24,28
DA:31,28
DA:33,0
DA:36,0
DA:43,28
DA:73,28
LF:9
LH:5
BRF:0
BRH:0
end_of_record
TN:
SF:src\components\LocationMarkerLink\LocationMarkerLink.jsx
FN:8,(anonymous_0)
FN:9,(anonymous_1)
FNF:2
FNH:0
FNDA:0,(anonymous_0)
FNDA:0,(anonymous_1)
DA:8,27
DA:9,0
DA:16,27
LF:3
LH:2
BRF:0
BRH:0
end_of_record
TN:
SF:src\components\LocationMarkerLink\index.js
FNF:0
FNH:0
LF:0
LH:0
BRF:0
BRH:0
end_of_record
TN:
SF:src\components\LocationMarkerLink\styles.js
FN:13,(anonymous_0)
FNF:1
FNH:0
FNDA:0,(anonymous_0)
DA:3,27
DA:13,0
LF:2
LH:1
BRF:0
BRH:0
end_of_record
TN:
SF:src\components\LoginHeaderLink\LoginHeaderLink.jsx
FN:12,(anonymous_0)
FN:37,(anonymous_1)
FN:38,(anonymous_2)
FN:44,(anonymous_3)
FNF:4
FNH:0
FNDA:0,(anonymous_0)
FNDA:0,(anonymous_1)
FNDA:0,(anonymous_2)
FNDA:0,(anonymous_3)
DA:12,27
DA:13,0
DA:15,0
DA:33,27
DA:37,27
DA:38,0
DA:43,27
DA:44,0
LF:8
LH:4
BRDA:18,0,0,0
BRDA:18,0,1,0
BRF:2
BRH:0
end_of_record
TN:
SF:src\components\LoginHeaderLink\index.js
FNF:0
FNH:0
LF:0
LH:0
BRF:0
BRH:0
end_of_record
TN:
SF:src\components\LoginHeaderLink\styles.js
FN:10,(anonymous_0)
FN:18,(anonymous_1)
FNF:2
FNH:0
FNDA:0,(anonymous_0)
FNDA:0,(anonymous_1)
DA:6,27
DA:10,0
DA:18,0
DA:24,27
LF:4
LH:2
BRF:0
BRH:0
end_of_record
TN:
SF:src\components\Logo\Logo.js
FNF:0
FNH:0
DA:6,27
DA:14,27
DA:23,27
LF:3
LH:3
BRF:0
BRH:0
end_of_record
TN:
SF:src\components\Logo\index.js
FNF:0
FNH:0
LF:0
LH:0
BRF:0
BRH:0
end_of_record
TN:
SF:src\components\OnScrollHeader\OnScrollHeader.jsx
FN:6,(anonymous_0)
FNF:1
FNH:1
FNDA:1,(anonymous_0)
DA:6,27
DA:7,1
DA:14,27
LF:3
LH:3
BRF:0
BRH:0
end_of_record
TN:
SF:src\components\OnScrollHeader\index.js
FNF:0
FNH:0
LF:0
LH:0
BRF:0
BRH:0
end_of_record
TN:
SF:src\components\OnScrollHeader\styles.js
FN:23,(anonymous_0)
FN:36,(anonymous_1)
FNF:2
FNH:0
FNDA:0,(anonymous_0)
FNDA:0,(anonymous_1)
DA:4,27
DA:16,27
DA:23,27
DA:24,0
DA:25,0
DA:27,0
DA:31,27
DA:36,0
LF:8
LH:4
BRDA:24,0,0,0
BRDA:24,0,1,0
BRF:2
BRH:0
end_of_record
TN:
SF:src\components\Portal\Portal.jsx
FN:4,(anonymous_0)
FN:5,(anonymous_1)
FN:9,(anonymous_2)
FN:11,(anonymous_3)
FNF:4
FNH:2
FNDA:1,(anonymous_0)
FNDA:1,(anonymous_1)
FNDA:0,(anonymous_2)
FNDA:0,(anonymous_3)
DA:4,29
DA:5,1
DA:6,1
DA:8,1
DA:9,1
DA:10,0
DA:11,0
DA:12,0
DA:16,1
LF:9
LH:6
BRF:0
BRH:0
end_of_record
TN:
SF:src\components\Portal\index.js
FNF:0
FNH:0
LF:0
LH:0
BRF:0
BRH:0
end_of_record
TN:
SF:src\components\SearchDesktop\Search.jsx
FN:16,(anonymous_0)
FNF:1
FNH:1
FNDA:1,(anonymous_0)
DA:12,27
DA:13,27
DA:16,27
DA:17,1
DA:18,1
LF:5
LH:5
BRF:0
BRH:0
end_of_record
TN:
SF:src\components\SearchDesktop\index.js
FNF:0
FNH:0
LF:0
LH:0
BRF:0
BRH:0
end_of_record
TN:
SF:src\components\SearchDesktop\styles.js
FN:15,(anonymous_0)
FN:22,(anonymous_1)
FN:25,(anonymous_2)
FN:32,(anonymous_3)
FN:34,(anonymous_4)
FNF:5
FNH:0
FNDA:0,(anonymous_0)
FNDA:0,(anonymous_1)
FNDA:0,(anonymous_2)
FNDA:0,(anonymous_3)
FNDA:0,(anonymous_4)
DA:5,27
DA:15,0
DA:18,27
DA:22,0
DA:25,0
DA:28,27
DA:32,0
DA:34,0
DA:44,27
LF:9
LH:4
BRF:0
BRH:0
end_of_record
TN:
SF:src\components\SearchMobile\SearchMobile.jsx
FN:6,(anonymous_0)
FNF:1
FNH:1
FNDA:1,(anonymous_0)
DA:6,27
DA:7,1
LF:2
LH:2
BRF:0
BRH:0
end_of_record
TN:
SF:src\components\SearchMobile\index.js
FNF:0
FNH:0
LF:0
LH:0
BRF:0
BRH:0
end_of_record
TN:
SF:src\components\SearchMobile\styles.js
FNF:0
FNH:0
DA:4,27
LF:1
LH:1
BRF:0
BRH:0
end_of_record
TN:
SF:src\components\ShopCart\ShopCart.jsx
FN:12,(anonymous_0)
FN:17,(anonymous_1)
FNF:2
FNH:0
FNDA:0,(anonymous_0)
FNDA:0,(anonymous_1)
DA:12,27
DA:13,0
DA:16,0
DA:17,0
DA:28,27
DA:32,27
LF:6
LH:3
BRDA:21,0,0,0
BRDA:21,0,1,0
BRF:2
BRH:0
end_of_record
TN:
SF:src\components\ShopCart\index.js
FNF:0
FNH:0
LF:0
LH:0
BRF:0
BRH:0
end_of_record
TN:
SF:src\components\ShopCart\styles.js
FN:8,(anonymous_0)
FN:12,(anonymous_1)
FN:14,(anonymous_2)
FN:17,(anonymous_3)
FN:28,(anonymous_4)
FN:47,(anonymous_5)
FN:48,(anonymous_6)
FN:49,(anonymous_7)
FN:50,(anonymous_8)
FNF:9
FNH:0
FNDA:0,(anonymous_0)
FNDA:0,(anonymous_1)
FNDA:0,(anonymous_2)
FNDA:0,(anonymous_3)
FNDA:0,(anonymous_4)
FNDA:0,(anonymous_5)
FNDA:0,(anonymous_6)
FNDA:0,(anonymous_7)
FNDA:0,(anonymous_8)
DA:5,27
DA:8,0
DA:12,0
DA:14,0
DA:17,0
DA:22,27
DA:28,0
DA:33,27
DA:47,0
DA:48,0
DA:49,0
DA:50,0
DA:54,27
DA:59,27
DA:67,27
LF:15
LH:6
BRF:0
BRH:0
end_of_record
TN:
SF:src\components\ShopCart\internal\index.js
FNF:0
FNH:0
LF:0
LH:0
BRF:0
BRH:0
end_of_record
TN:
SF:src\components\ShopCart\internal\CartItem\CartItem.jsx
FN:11,(anonymous_0)
FNF:1
FNH:1
FNDA:1,(anonymous_0)
DA:11,28
DA:12,1
DA:13,1
DA:28,28
LF:4
LH:4
BRF:0
BRH:0
end_of_record
TN:
SF:src\components\ShopCart\internal\CartItem\index.js
FNF:0
FNH:0
LF:0
LH:0
BRF:0
BRH:0
end_of_record
TN:
SF:src\components\ShopCart\internal\CartItem\styles.js
FNF:0
FNH:0
DA:3,28
DA:10,28
DA:14,28
DA:23,28
DA:27,28
LF:5
LH:5
BRF:0
BRH:0
end_of_record
TN:
SF:src\components\ShopCart\internal\ShopCartDropDown\ShopCartDropdown.jsx
FN:17,(anonymous_0)
FN:24,(anonymous_1)
FN:32,(anonymous_2)
FNF:3
FNH:0
FNDA:0,(anonymous_0)
FNDA:0,(anonymous_1)
FNDA:0,(anonymous_2)
DA:17,27
DA:18,0
DA:19,0
DA:25,0
DA:32,0
DA:40,27
DA:46,27
LF:7
LH:3
BRDA:23,0,0,0
BRDA:23,0,1,0
BRDA:31,1,0,0
BRDA:31,1,1,0
BRF:4
BRH:0
end_of_record
TN:
SF:src\components\ShopCart\internal\ShopCartDropDown\index.js
FNF:0
FNH:0
LF:0
LH:0
BRF:0
BRH:0
end_of_record
TN:
SF:src\components\SliderMain\SliderMain.jsx
FN:7,(anonymous_0)
FN:23,(anonymous_1)
FNF:2
FNH:2
FNDA:1,(anonymous_0)
FNDA:1,(anonymous_1)
DA:7,28
DA:9,1
DA:22,1
DA:24,1
DA:37,1
DA:48,28
LF:6
LH:6
BRF:0
BRH:0
end_of_record
TN:
SF:src\components\SliderMain\index.js
FNF:0
FNH:0
LF:0
LH:0
BRF:0
BRH:0
end_of_record
TN:
SF:src\components\SliderMain\styles.js
FN:25,(anonymous_0)
FN:58,(anonymous_1)
FN:59,(anonymous_2)
FN:71,(anonymous_3)
FN:72,(anonymous_4)
FN:94,(anonymous_5)
FN:95,(anonymous_6)
FN:99,(anonymous_7)
FN:100,(anonymous_8)
FNF:9
FNH:0
FNDA:0,(anonymous_0)
FNDA:0,(anonymous_1)
FNDA:0,(anonymous_2)
FNDA:0,(anonymous_3)
FNDA:0,(anonymous_4)
FNDA:0,(anonymous_5)
FNDA:0,(anonymous_6)
FNDA:0,(anonymous_7)
FNDA:0,(anonymous_8)
DA:4,28
DA:5,28
DA:7,28
DA:23,28
DA:25,0
DA:51,28
DA:58,0
DA:59,0
DA:71,0
DA:72,0
DA:77,28
DA:81,28
DA:85,28
DA:94,0
DA:95,0
DA:99,0
DA:100,0
DA:104,28
LF:18
LH:9
BRF:0
BRH:0
end_of_record
TN:
SF:src\components\SliderSmall\SliderSmall.jsx
FN:7,(anonymous_0)
FN:22,(anonymous_1)
FNF:2
FNH:2
FNDA:1,(anonymous_0)
FNDA:1,(anonymous_1)
DA:7,28
DA:8,1
DA:21,1
DA:23,1
DA:28,1
DA:39,28
LF:6
LH:6
BRDA:11,0,0,0
BRDA:11,0,1,1
BRF:2
BRH:1
end_of_record
TN:
SF:src\components\SliderSmall\index.js
FNF:0
FNH:0
LF:0
LH:0
BRF:0
BRH:0
end_of_record
TN:
SF:src\components\SliderSmallCard\SliderSmallCard.jsx
FN:13,(anonymous_0)
FNF:1
FNH:1
FNDA:1,(anonymous_0)
DA:13,29
DA:14,1
DA:15,1
DA:17,1
DA:30,29
LF:5
LH:5
BRF:0
BRH:0
end_of_record
TN:
SF:src\components\SliderSmallCard\index.js
FNF:0
FNH:0
LF:0
LH:0
BRF:0
BRH:0
end_of_record
TN:
SF:src\components\SliderSmallCard\styles.js
FN:23,(anonymous_0)
FN:31,(anonymous_1)
FN:35,(anonymous_2)
FNF:3
FNH:0
FNDA:0,(anonymous_0)
FNDA:0,(anonymous_1)
FNDA:0,(anonymous_2)
DA:5,29
DA:14,29
DA:19,29
DA:23,0
DA:26,29
DA:31,0
DA:34,29
DA:35,0
LF:8
LH:5
BRF:0
BRH:0
end_of_record
TN:
SF:src\components\StripeButton\StripeButton.jsx
FN:6,(anonymous_0)
FN:10,(anonymous_1)
FNF:2
FNH:1
FNDA:1,(anonymous_0)
FNDA:0,(anonymous_1)
DA:6,28
DA:7,1
DA:8,1
DA:10,1
DA:11,0
DA:12,0
DA:15,1
DA:33,28
LF:8
LH:6
BRF:0
BRH:0
end_of_record
TN:
SF:src\components\StripeButton\index.js
FNF:0
FNH:0
LF:0
LH:0
BRF:0
BRH:0
end_of_record
TN:
SF:src\components\SuspenseComponent\SuspenseComponent.jsx
FN:5,(anonymous_0)
FNF:1
FNH:1
FNDA:1,(anonymous_0)
DA:5,28
DA:6,1
LF:2
LH:2
BRF:0
BRH:0
end_of_record
TN:
SF:src\components\SuspenseComponent\index.js
FNF:0
FNH:0
LF:0
LH:0
BRF:0
BRH:0
end_of_record
TN:
SF:src\components\SuspenseComponent\styled.js
FN:16,(anonymous_0)
FN:17,(anonymous_1)
FN:22,(anonymous_2)
FN:23,(anonymous_3)
FN:24,(anonymous_4)
FN:25,(anonymous_5)
FN:28,(anonymous_6)
FNF:7
FNH:0
FNDA:0,(anonymous_0)
FNDA:0,(anonymous_1)
FNDA:0,(anonymous_2)
FNDA:0,(anonymous_3)
FNDA:0,(anonymous_4)
FNDA:0,(anonymous_5)
FNDA:0,(anonymous_6)
DA:3,28
DA:13,28
DA:16,0
DA:17,0
DA:22,0
DA:23,0
DA:24,0
DA:25,0
DA:28,0
DA:41,28
LF:10
LH:3
BRF:0
BRH:0
end_of_record
TN:
SF:src\components\VisitUsContainer\VisitUsContainer.jsx
FN:11,(anonymous_0)
FNF:1
FNH:1
FNDA:1,(anonymous_0)
DA:11,27
DA:12,1
LF:2
LH:2
BRF:0
BRH:0
end_of_record
TN:
SF:src\components\VisitUsContainer\index.js
FNF:0
FNH:0
LF:0
LH:0
BRF:0
BRH:0
end_of_record
TN:
SF:src\components\VisitUsContainer\styles.js
FNF:0
FNH:0
DA:8,27
DA:16,27
DA:30,27
DA:39,27
DA:46,27
LF:5
LH:5
BRF:0
BRH:0
end_of_record
TN:
SF:src\components\icons\CheckedIcon.jsx
FN:4,(anonymous_0)
FNF:1
FNH:1
FNDA:1,(anonymous_0)
DA:4,32
DA:5,1
DA:17,32
LF:3
LH:3
BRDA:4,0,0,1
BRDA:4,1,0,1
BRDA:4,2,0,1
BRF:3
BRH:3
end_of_record
TN:
SF:src\components\icons\CloseIcon.jsx
FN:4,(anonymous_0)
FNF:1
FNH:1
FNDA:1,(anonymous_0)
DA:4,32
DA:6,1
DA:14,32
LF:3
LH:3
BRDA:4,0,0,1
BRDA:4,1,0,1
BRDA:4,2,0,1
BRF:3
BRH:3
end_of_record
TN:
SF:src\components\icons\FailIcon.jsx
FN:4,(anonymous_0)
FNF:1
FNH:1
FNDA:1,(anonymous_0)
DA:4,32
DA:5,1
DA:15,32
LF:3
LH:3
BRDA:4,0,0,1
BRDA:4,1,0,1
BRDA:4,2,0,1
BRF:3
BRH:3
end_of_record
TN:
SF:src\components\icons\InstagramIcon.jsx
FN:4,(anonymous_0)
FNF:1
FNH:1
FNDA:1,(anonymous_0)
DA:4,32
DA:5,1
DA:13,32
LF:3
LH:3
BRDA:4,0,0,1
BRDA:4,1,0,1
BRDA:4,2,0,1
BRF:3
BRH:3
end_of_record
TN:
SF:src\components\icons\LocationMarkerIcon.jsx
FN:3,(anonymous_0)
FNF:1
FNH:1
FNDA:1,(anonymous_0)
DA:3,32
DA:4,1
LF:2
LH:2
BRF:0
BRH:0
end_of_record
TN:
SF:src\components\icons\LoginIcon.jsx
FN:3,(anonymous_0)
FNF:1
FNH:1
FNDA:1,(anonymous_0)
DA:3,32
DA:4,1
LF:2
LH:2
BRF:0
BRH:0
end_of_record
TN:
SF:src\components\icons\SearchIcon.jsx
FN:5,(anonymous_0)
FNF:1
FNH:1
FNDA:1,(anonymous_0)
DA:5,32
DA:6,1
DA:14,32
LF:3
LH:3
BRDA:5,0,0,1
BRDA:5,1,0,1
BRDA:5,2,0,1
BRF:3
BRH:3
end_of_record
TN:
SF:src\components\icons\ShopCartIcon.jsx
FN:3,(anonymous_0)
FNF:1
FNH:1
FNDA:1,(anonymous_0)
DA:3,32
DA:4,1
LF:2
LH:2
BRF:0
BRH:0
end_of_record
TN:
SF:src\components\icons\VkIcon.jsx
FN:4,(anonymous_0)
FNF:1
FNH:1
FNDA:1,(anonymous_0)
DA:4,32
DA:5,1
DA:13,32
LF:3
LH:3
BRDA:4,0,0,1
BRDA:4,1,0,1
BRDA:4,2,0,1
BRF:3
BRH:3
end_of_record
TN:
SF:src\components\icons\index.js
FNF:0
FNH:0
LF:0
LH:0
BRF:0
BRH:0
end_of_record
TN:
SF:src\core\firebase.js
FN:16,(anonymous_0)
FN:42,(anonymous_1)
FN:43,(anonymous_2)
FN:54,(anonymous_3)
FN:61,(anonymous_4)
FN:62,(anonymous_5)
FN:63,(anonymous_6)
FN:71,(anonymous_7)
FN:94,(anonymous_8)
FN:98,(anonymous_9)
FN:115,(anonymous_10)
FNF:11
FNH:0
FNDA:0,(anonymous_0)
FNDA:0,(anonymous_1)
FNDA:0,(anonymous_2)
FNDA:0,(anonymous_3)
FNDA:0,(anonymous_4)
FNDA:0,(anonymous_5)
FNDA:0,(anonymous_6)
FNDA:0,(anonymous_7)
FNDA:0,(anonymous_8)
FNDA:0,(anonymous_9)
FNDA:0,(anonymous_10)
DA:5,4
DA:16,4
DA:17,0
DA:19,0
DA:21,0
DA:22,0
DA:23,0
DA:24,0
DA:26,0
DA:27,0
DA:34,0
DA:38,0
DA:42,4
DA:43,0
DA:44,0
DA:46,0
DA:54,0
DA:55,0
DA:56,0
DA:61,4
DA:62,0
DA:63,0
DA:64,0
DA:65,0
DA:71,4
DA:72,0
DA:73,0
DA:74,0
DA:76,0
DA:77,0
DA:80,0
DA:81,0
DA:82,0
DA:83,0
DA:88,0
DA:91,0
DA:94,4
DA:95,0
DA:97,0
DA:98,0
DA:99,0
DA:100,0
DA:103,0
DA:107,4
DA:109,4
DA:110,4
DA:112,4
DA:113,4
DA:115,4
LF:49
LH:12
BRDA:17,0,0,0
BRDA:17,0,1,0
BRDA:22,1,0,0
BRDA:22,1,1,0
BRDA:76,2,0,0
BRDA:76,2,1,0
BRDA:80,3,0,0
BRDA:80,3,1,0
BRF:8
BRH:0
end_of_record
TN:
SF:src\core\i18n.js
FNF:0
FNH:0
DA:10,0
LF:1
LH:0
BRF:0
BRH:0
end_of_record
TN:
SF:src\core\swiper.jsx
FN:5,(anonymous_0)
FNF:1
FNH:0
FNDA:0,(anonymous_0)
DA:6,0
LF:1
LH:0
BRF:0
BRH:0
end_of_record
TN:
SF:src\core\theme.js
FNF:0
FNH:0
DA:1,0
DA:18,0
LF:2
LH:0
BRF:0
BRH:0
end_of_record
TN:
SF:src\data\shop.data.js
FNF:0
FNH:0
DA:3,0
DA:4,0
DA:5,0
DA:6,0
DA:7,0
DA:8,0
DA:9,0
DA:10,0
DA:11,0
DA:12,0
DA:13,0
DA:14,0
DA:15,0
DA:16,0
DA:17,0
DA:18,0
DA:19,0
DA:20,0
DA:21,0
DA:22,0
DA:23,0
DA:24,0
DA:25,0
DA:28,0
LF:24
LH:0
BRF:0
BRH:0
end_of_record
TN:
SF:src\pages\index.js
FNF:0
FNH:0
LF:0
LH:0
BRF:0
BRH:0
end_of_record
TN:
SF:src\pages\Articles\Articles.jsx
FN:7,(anonymous_0)
FNF:1
FNH:1
FNDA:1,(anonymous_0)
DA:7,1
DA:8,1
DA:16,1
LF:3
LH:3
BRF:0
BRH:0
end_of_record
TN:
SF:src\pages\Articles\index.js
FNF:0
FNH:0
LF:0
LH:0
BRF:0
BRH:0
end_of_record
TN:
SF:src\pages\Articles\styles.js
FNF:0
FNH:0
DA:5,1
LF:1
LH:1
BRF:0
BRH:0
end_of_record
TN:
SF:src\pages\Articles\internal\index.js
FNF:0
FNH:0
LF:0
LH:0
BRF:0
BRH:0
end_of_record
TN:
SF:src\pages\Articles\internal\Article\Article.jsx
FN:8,(anonymous_0)
FN:20,(anonymous_1)
FNF:2
FNH:0
FNDA:0,(anonymous_0)
FNDA:0,(anonymous_1)
DA:8,2
DA:9,0
DA:10,0
DA:11,0
DA:20,2
DA:27,2
LF:6
LH:3
BRF:0
BRH:0
end_of_record
TN:
SF:src\pages\Articles\internal\Article\index.js
FNF:0
FNH:0
LF:0
LH:0
BRF:0
BRH:0
end_of_record
TN:
SF:src\pages\Articles\internal\Article\styles.js
FNF:0
FNH:0
LF:0
LH:0
BRF:0
BRH:0
end_of_record
TN:
SF:src\pages\Articles\internal\ArticleListitemComponent\ArticleListItemComponent.jsx
FN:6,(anonymous_0)
FNF:1
FNH:1
FNDA:1,(anonymous_0)
DA:6,3
DA:7,1
DA:8,1
DA:17,3
LF:4
LH:4
BRF:0
BRH:0
end_of_record
TN:
SF:src\pages\Articles\internal\ArticleListitemComponent\index.js
FNF:0
FNH:0
LF:0
LH:0
BRF:0
BRH:0
end_of_record
TN:
SF:src\pages\Articles\internal\ArticleListitemComponent\styles.js
FN:17,(anonymous_0)
FNF:1
FNH:0
FNDA:0,(anonymous_0)
DA:5,3
DA:14,3
DA:17,0
LF:3
LH:2
BRF:0
BRH:0
end_of_record
TN:
SF:src\pages\Articles\internal\ArticlesList\ArticlesList.jsx
FN:10,(anonymous_0)
FN:15,(anonymous_1)
FNF:2
FNH:0
FNDA:0,(anonymous_0)
FNDA:0,(anonymous_1)
DA:10,2
DA:12,0
DA:16,0
DA:25,2
DA:31,2
LF:5
LH:3
BRF:0
BRH:0
end_of_record
TN:
SF:src\pages\Articles\internal\ArticlesList\index.js
FNF:0
FNH:0
LF:0
LH:0
BRF:0
BRH:0
end_of_record
TN:
SF:src\pages\Articles\internal\ArticlesList\styles.js
FNF:0
FNH:0
DA:3,2
LF:1
LH:1
BRF:0
BRH:0
end_of_record
TN:
SF:src\pages\Auth\Auth.jsx
FN:8,(anonymous_0)
FNF:1
FNH:0
FNDA:0,(anonymous_0)
DA:8,2
DA:9,0
DA:11,0
DA:23,2
LF:4
LH:2
BRF:0
BRH:0
end_of_record
TN:
SF:src\pages\Auth\index.js
FNF:0
FNH:0
LF:0
LH:0
BRF:0
BRH:0
end_of_record
TN:
SF:src\pages\Auth\styles.js
FN:47,(anonymous_0)
FN:49,(anonymous_1)
FNF:2
FNH:0
FNDA:0,(anonymous_0)
FNDA:0,(anonymous_1)
DA:8,4
DA:17,4
DA:29,4
DA:35,4
DA:45,4
DA:47,0
DA:49,0
DA:53,4
DA:67,4
DA:79,4
DA:89,4
LF:11
LH:9
BRF:0
BRH:0
end_of_record
TN:
SF:src\pages\Auth\internal\index.js
FNF:0
FNH:0
LF:0
LH:0
BRF:0
BRH:0
end_of_record
TN:
SF:src\pages\Auth\internal\LoginForm\LoginForm.jsx
FN:21,(anonymous_0)
FN:32,(anonymous_1)
FN:38,(anonymous_2)
FN:111,(anonymous_3)
FN:112,(anonymous_4)
FN:113,(anonymous_5)
FNF:6
FNH:0
FNDA:0,(anonymous_0)
FNDA:0,(anonymous_1)
FNDA:0,(anonymous_2)
FNDA:0,(anonymous_3)
FNDA:0,(anonymous_4)
FNDA:0,(anonymous_5)
DA:21,3
DA:22,0
DA:27,0
DA:28,0
DA:30,0
DA:32,0
DA:33,0
DA:34,0
DA:35,0
DA:38,0
DA:39,0
DA:40,0
DA:44,0
DA:111,3
DA:112,0
DA:113,0
DA:119,3
LF:17
LH:3
BRF:0
BRH:0
end_of_record
TN:
SF:src\pages\Auth\internal\LoginForm\index.js
FNF:0
FNH:0
LF:0
LH:0
BRF:0
BRH:0
end_of_record
TN:
SF:src\pages\Auth\internal\RegistrationForm\RegistrationForm.jsx
FN:21,(anonymous_0)
FN:36,(anonymous_1)
FN:55,(anonymous_2)
FN:60,(anonymous_3)
FN:106,(anonymous_4)
FN:154,(anonymous_5)
FN:155,(anonymous_6)
FNF:7
FNH:0
FNDA:0,(anonymous_0)
FNDA:0,(anonymous_1)
FNDA:0,(anonymous_2)
FNDA:0,(anonymous_3)
FNDA:0,(anonymous_4)
FNDA:0,(anonymous_5)
FNDA:0,(anonymous_6)
DA:21,3
DA:23,0
DA:32,0
DA:34,0
DA:36,0
DA:37,0
DA:38,0
DA:39,0
DA:40,0
DA:43,0
DA:45,0
DA:55,0
DA:56,0
DA:57,0
DA:60,0
DA:61,0
DA:100,0
DA:107,0
DA:154,3
DA:155,0
DA:161,3
LF:21
LH:3
BRDA:38,0,0,0
BRDA:38,0,1,0
BRF:2
BRH:0
end_of_record
TN:
SF:src\pages\Auth\internal\RegistrationForm\index.js
FNF:0
FNH:0
LF:0
LH:0
BRF:0
BRH:0
end_of_record
TN:
SF:src\pages\Checkout\Checkout.jsx
FN:18,(anonymous_0)
FN:41,(anonymous_1)
FNF:2
FNH:0
FNDA:0,(anonymous_0)
FNDA:0,(anonymous_1)
DA:18,1
DA:19,0
DA:21,0
DA:42,0
DA:53,1
DA:61,1
LF:6
LH:3
BRF:0
BRH:0
end_of_record
TN:
SF:src\pages\Checkout\index.js
FNF:0
FNH:0
LF:0
LH:0
BRF:0
BRH:0
end_of_record
TN:
SF:src\pages\Checkout\styles.js
FN:19,(anonymous_0)
FNF:1
FNH:0
FNDA:0,(anonymous_0)
DA:4,1
DA:14,1
DA:19,0
DA:22,1
DA:32,1
DA:38,1
LF:6
LH:5
BRF:0
BRH:0
end_of_record
TN:
SF:src\pages\Home\Home.jsx
FN:13,(anonymous_0)
FNF:1
FNH:0
FNDA:0,(anonymous_0)
DA:13,1
DA:19,0
DA:20,0
DA:32,1
DA:42,1
LF:5
LH:3
BRF:0
BRH:0
end_of_record
TN:
SF:src\pages\Home\index.js
FNF:0
FNH:0
LF:0
LH:0
BRF:0
BRH:0
end_of_record
TN:
SF:src\pages\Info\Info.jsx
FN:8,(anonymous_0)
FNF:1
FNH:1
FNDA:1,(anonymous_0)
DA:8,1
DA:11,1
DA:23,1
LF:3
LH:3
BRF:0
BRH:0
end_of_record
TN:
SF:src\pages\Info\index.js
FNF:0
FNH:0
LF:0
LH:0
BRF:0
BRH:0
end_of_record
TN:
SF:src\pages\Info\styles.js
FN:12,(anonymous_0)
FN:17,(anonymous_1)
FNF:2
FNH:0
FNDA:0,(anonymous_0)
FNDA:0,(anonymous_1)
DA:5,2
DA:10,2
DA:12,0
DA:15,2
DA:17,0
LF:5
LH:3
BRF:0
BRH:0
end_of_record
TN:
SF:src\pages\Info\internal\index.js
FNF:0
FNH:0
LF:0
LH:0
BRF:0
BRH:0
end_of_record
TN:
SF:src\pages\Info\internal\About\About.jsx
FN:5,(anonymous_0)
FNF:1
FNH:1
FNDA:1,(anonymous_0)
DA:5,2
DA:6,1
LF:2
LH:2
BRF:0
BRH:0
end_of_record
TN:
SF:src\pages\Info\internal\About\index.js
FNF:0
FNH:0
LF:0
LH:0
BRF:0
BRH:0
end_of_record
TN:
SF:src\pages\Info\internal\Payment\Payment.jsx
FN:4,(anonymous_0)
FNF:1
FNH:1
FNDA:1,(anonymous_0)
DA:4,2
DA:5,1
LF:2
LH:2
BRF:0
BRH:0
end_of_record
TN:
SF:src\pages\Info\internal\Payment\index.js
FNF:0
FNH:0
LF:0
LH:0
BRF:0
BRH:0
end_of_record
TN:
SF:src\pages\Map\Map.jsx
FN:5,(anonymous_0)
FNF:1
FNH:1
FNDA:1,(anonymous_0)
DA:5,1
DA:6,1
LF:2
LH:2
BRF:0
BRH:0
end_of_record
TN:
SF:src\pages\Map\index.js
FNF:0
FNH:0
LF:0
LH:0
BRF:0
BRH:0
end_of_record
TN:
SF:src\pages\Map\styles.js
FNF:0
FNH:0
DA:4,1
LF:1
LH:1
BRF:0
BRH:0
end_of_record
TN:
SF:src\pages\Shop\Shop.jsx
FN:13,(anonymous_0)
FN:15,(anonymous_1)
FN:39,(anonymous_2)
FN:40,(anonymous_3)
FNF:4
FNH:0
FNDA:0,(anonymous_0)
FNDA:0,(anonymous_1)
FNDA:0,(anonymous_2)
FNDA:0,(anonymous_3)
DA:13,1
DA:15,0
DA:17,0
DA:20,0
DA:34,1
DA:39,1
DA:40,0
DA:46,1
LF:8
LH:4
BRDA:23,0,0,0
BRDA:23,0,1,0
BRF:2
BRH:0
end_of_record
TN:
SF:src\pages\Shop\index.js
FNF:0
FNH:0
LF:0
LH:0
BRF:0
BRH:0
end_of_record
TN:
SF:src\pages\Shop\styles.js
FNF:0
FNH:0
DA:3,1
LF:1
LH:1
BRF:0
BRH:0
end_of_record
TN:
SF:src\pages\Shop\internal\index.js
FNF:0
FNH:0
LF:0
LH:0
BRF:0
BRH:0
end_of_record
TN:
SF:src\pages\Shop\internal\Categories\Categories.jsx
FN:9,(anonymous_0)
FN:12,(anonymous_1)
FNF:2
FNH:0
FNDA:0,(anonymous_0)
FNDA:0,(anonymous_1)
DA:9,2
DA:10,0
DA:13,0
DA:20,2
DA:26,2
LF:5
LH:3
BRF:0
BRH:0
end_of_record
TN:
SF:src\pages\Shop\internal\Categories\index.js
FNF:0
FNH:0
LF:0
LH:0
BRF:0
BRH:0
end_of_record
TN:
SF:src\pages\Shop\internal\Categories\styles.js
FNF:0
FNH:0
DA:4,2
LF:1
LH:1
BRF:0
BRH:0
end_of_record
TN:
SF:src\pages\Shop\internal\CategoryItem\CategoryItem.jsx
FN:9,(anonymous_0)
FN:14,(anonymous_1)
FNF:2
FNH:0
FNDA:0,(anonymous_0)
FNDA:0,(anonymous_1)
DA:9,3
DA:10,0
DA:11,0
DA:14,0
DA:24,3
LF:5
LH:2
BRF:0
BRH:0
end_of_record
TN:
SF:src\pages\Shop\internal\CategoryItem\index.js
FNF:0
FNH:0
LF:0
LH:0
BRF:0
BRH:0
end_of_record
TN:
SF:src\pages\Shop\internal\CategoryItem\styles.js
FN:13,(anonymous_0)
FN:27,(anonymous_1)
FN:68,(anonymous_2)
FNF:3
FNH:0
FNDA:0,(anonymous_0)
FNDA:0,(anonymous_1)
FNDA:0,(anonymous_2)
DA:5,3
DA:9,3
DA:13,3
DA:14,0
DA:15,0
DA:17,0
DA:18,0
DA:21,0
DA:24,3
DA:27,0
DA:30,3
DA:48,3
DA:63,3
DA:68,0
LF:14
LH:7
BRDA:14,0,0,0
BRDA:14,0,1,0
BRDA:17,1,0,0
BRDA:17,1,1,0
BRF:4
BRH:0
end_of_record
TN:
SF:src\pages\Shop\internal\CategoryPage\CategoryPage.jsx
FN:17,(anonymous_0)
FN:29,(anonymous_1)
FN:34,(anonymous_2)
FN:48,(anonymous_3)
FNF:4
FNH:0
FNDA:0,(anonymous_0)
FNDA:0,(anonymous_1)
FNDA:0,(anonymous_2)
FNDA:0,(anonymous_3)
DA:17,2
DA:18,0
DA:20,0
DA:30,0
DA:35,0
DA:48,2
DA:57,2
LF:7
LH:3
BRDA:25,0,0,0
BRDA:25,0,1,0
BRF:2
BRH:0
end_of_record
TN:
SF:src\pages\Shop\internal\CategoryPage\index.js
FNF:0
FNH:0
LF:0
LH:0
BRF:0
BRH:0
end_of_record
TN:
SF:src\pages\Shop\internal\CategoryPage\styles.js
FN:41,(anonymous_0)
FN:48,(anonymous_1)
FN:83,(anonymous_2)
FNF:3
FNH:0
FNDA:0,(anonymous_0)
FNDA:0,(anonymous_1)
FNDA:0,(anonymous_2)
DA:6,2
DA:13,2
DA:18,2
DA:25,2
DA:29,2
DA:41,0
DA:46,2
DA:48,0
DA:54,2
DA:63,2
DA:68,2
DA:73,2
DA:80,2
DA:83,0
LF:14
LH:11
BRF:0
BRH:0
end_of_record
TN:
SF:src\redux\root.reducer.js
FNF:0
FNH:0
DA:19,0
DA:25,0
LF:2
LH:0
BRF:0
BRH:0
end_of_record
TN:
SF:src\redux\root.saga.js
FN:7,rootSaga
FNF:1
FNH:0
FNDA:0,rootSaga
DA:8,0
LF:1
LH:0
BRF:0
BRH:0
end_of_record
TN:
SF:src\redux\store.js
FNF:0
FNH:0
DA:11,0
DA:13,0
DA:15,0
DA:16,0
DA:19,0
DA:21,0
DA:24,0
LF:7
LH:0
BRDA:15,0,0,0
BRDA:15,0,1,0
BRF:2
BRH:0
end_of_record
TN:
SF:src\redux\alert\alert.actions.js
FN:3,(anonymous_0)
FN:8,(anonymous_1)
FNF:2
FNH:0
FNDA:0,(anonymous_0)
FNDA:0,(anonymous_1)
DA:3,0
DA:8,0
LF:2
LH:0
BRF:0
BRH:0
end_of_record
TN:
SF:src\redux\alert\alert.reducer.js
FN:7,(anonymous_0)
FNF:1
FNH:0
FNDA:0,(anonymous_0)
DA:3,0
DA:7,0
DA:8,0
DA:10,0
DA:16,0
DA:21,0
LF:6
LH:0
BRDA:7,0,0,0
BRDA:8,1,0,0
BRDA:8,1,1,0
BRDA:8,1,2,0
BRF:4
BRH:0
end_of_record
TN:
SF:src\redux\alert\alert.sagas.js
FN:5,setAlertSaga
FNF:1
FNH:0
FNDA:0,setAlertSaga
DA:6,0
DA:7,0
DA:8,0
DA:9,0
LF:4
LH:0
BRF:0
BRH:0
end_of_record
TN:
SF:src\redux\alert\alert.selectors.js
FN:3,(anonymous_0)
FN:7,(anonymous_1)
FNF:2
FNH:0
FNDA:0,(anonymous_0)
FNDA:0,(anonymous_1)
DA:3,29
DA:5,29
DA:7,0
LF:3
LH:2
BRF:0
BRH:0
end_of_record
TN:
SF:src\redux\alert\alert.types.js
FNF:0
FNH:0
DA:1,0
LF:1
LH:0
BRF:0
BRH:0
end_of_record
TN:
SF:src\redux\articles\articles.data.js
FNF:0
FNH:0
DA:3,0
LF:1
LH:0
BRF:0
BRH:0
end_of_record
TN:
SF:src\redux\articles\articles.reducer.js
FN:7,(anonymous_0)
FNF:1
FNH:0
FNDA:0,(anonymous_0)
DA:3,0
DA:7,0
DA:8,0
DA:10,0
LF:4
LH:0
BRDA:7,0,0,0
BRDA:8,1,0,0
BRF:2
BRH:0
end_of_record
TN:
SF:src\redux\articles\articles.selectors.js
FN:3,(anonymous_0)
FN:7,(anonymous_1)
FN:10,(anonymous_2)
FN:12,(anonymous_3)
FN:18,(anonymous_4)
FN:19,(anonymous_5)
FNF:6
FNH:0
FNDA:0,(anonymous_0)
FNDA:0,(anonymous_1)
FNDA:0,(anonymous_2)
FNDA:0,(anonymous_3)
FNDA:0,(anonymous_4)
FNDA:0,(anonymous_5)
DA:3,3
DA:5,3
DA:7,0
DA:10,3
DA:12,0
DA:16,3
DA:19,0
LF:7
LH:4
BRDA:19,0,0,0
BRDA:19,0,1,0
BRF:2
BRH:0
end_of_record
TN:
SF:src\redux\cart\cart.actions.js
FN:3,(anonymous_0)
FN:8,(anonymous_1)
FN:13,(anonymous_2)
FN:19,(anonymous_3)
FNF:4
FNH:0
FNDA:0,(anonymous_0)
FNDA:0,(anonymous_1)
FNDA:0,(anonymous_2)
FNDA:0,(anonymous_3)
DA:3,29
DA:8,29
DA:13,29
DA:19,29
LF:4
LH:4
BRF:0
BRH:0
end_of_record
TN:
SF:src\redux\cart\cart.reducer.js
FN:8,(anonymous_0)
FN:19,(anonymous_1)
FNF:2
FNH:0
FNDA:0,(anonymous_0)
FNDA:0,(anonymous_1)
DA:4,0
DA:8,0
DA:9,0
DA:11,0
DA:16,0
DA:19,0
DA:23,0
DA:28,0
DA:33,0
LF:9
LH:0
BRDA:8,0,0,0
BRDA:9,1,0,0
BRDA:9,1,1,0
BRDA:9,1,2,0
BRDA:9,1,3,0
BRDA:9,1,4,0
BRF:6
BRH:0
end_of_record
TN:
SF:src\redux\cart\cart.sagas.js
FN:6,clearCartOnSignOut
FN:10,onSignOutSuccess
FN:14,cartSagas
FNF:3
FNH:0
FNDA:0,clearCartOnSignOut
FNDA:0,onSignOutSuccess
FNDA:0,cartSagas
DA:7,0
DA:11,0
DA:15,0
LF:3
LH:0
BRF:0
BRH:0
end_of_record
TN:
SF:src\redux\cart\cart.selectors.js
FN:3,(anonymous_0)
FN:7,(anonymous_1)
FN:12,(anonymous_2)
FN:14,(anonymous_3)
FN:21,(anonymous_4)
FN:23,(anonymous_5)
FNF:6
FNH:0
FNDA:0,(anonymous_0)
FNDA:0,(anonymous_1)
FNDA:0,(anonymous_2)
FNDA:0,(anonymous_3)
FNDA:0,(anonymous_4)
FNDA:0,(anonymous_5)
DA:3,27
DA:5,27
DA:7,0
DA:10,27
DA:13,0
DA:15,0
DA:19,27
DA:22,0
DA:24,0
LF:9
LH:4
BRF:0
BRH:0
end_of_record
TN:
SF:src\redux\cart\cart.types.js
FNF:0
FNH:0
DA:1,29
LF:1
LH:1
BRF:0
BRH:0
end_of_record
TN:
SF:src\redux\cart\cart.utils.js
FN:1,(anonymous_0)
FN:2,(anonymous_1)
FN:5,(anonymous_2)
FN:16,(anonymous_3)
FN:18,(anonymous_4)
FN:22,(anonymous_5)
FN:26,(anonymous_6)
FNF:7
FNH:0
FNDA:0,(anonymous_0)
FNDA:0,(anonymous_1)
FNDA:0,(anonymous_2)
FNDA:0,(anonymous_3)
FNDA:0,(anonymous_4)
FNDA:0,(anonymous_5)
FNDA:0,(anonymous_6)
DA:1,0
DA:2,0
DA:4,0
DA:5,0
DA:6,0
DA:12,0
DA:16,0
DA:17,0
DA:18,0
DA:21,0
DA:22,0
DA:25,0
DA:27,0
LF:13
LH:0
BRDA:4,0,0,0
BRDA:4,0,1,0
BRDA:6,1,0,0
BRDA:6,1,1,0
BRDA:21,2,0,0
BRDA:21,2,1,0
BRDA:27,3,0,0
BRDA:27,3,1,0
BRF:8
BRH:0
end_of_record
TN:
SF:src\redux\categories\categories.data.js
FNF:0
FNH:0
DA:3,0
LF:1
LH:0
BRF:0
BRH:0
end_of_record
TN:
SF:src\redux\categories\categories.reducer.js
FN:7,(anonymous_0)
FNF:1
FNH:0
FNDA:0,(anonymous_0)
DA:3,0
DA:7,0
DA:8,0
DA:10,0
LF:4
LH:0
BRDA:7,0,0,0
BRDA:8,1,0,0
BRF:2
BRH:0
end_of_record
TN:
SF:src\redux\categories\categories.selectors.js
FN:3,(anonymous_0)
FN:7,(anonymous_1)
FNF:2
FNH:0
FNDA:0,(anonymous_0)
FNDA:0,(anonymous_1)
DA:3,2
DA:5,2
DA:7,0
LF:3
LH:2
BRF:0
BRH:0
end_of_record
TN:
SF:src\redux\header\header.data.js
FNF:0
FNH:0
DA:2,0
DA:99,0
LF:2
LH:0
BRF:0
BRH:0
end_of_record
TN:
SF:src\redux\header\header.reducer.js
FN:8,(anonymous_0)
FNF:1
FNH:0
FNDA:0,(anonymous_0)
DA:3,0
DA:8,0
DA:9,0
DA:11,0
LF:4
LH:0
BRDA:8,0,0,0
BRDA:9,1,0,0
BRF:2
BRH:0
end_of_record
TN:
SF:src\redux\header\header.selectors.js
FN:3,(anonymous_0)
FN:7,(anonymous_1)
FN:12,(anonymous_2)
FNF:3
FNH:0
FNDA:0,(anonymous_0)
FNDA:0,(anonymous_1)
FNDA:0,(anonymous_2)
DA:3,27
DA:5,27
DA:7,0
DA:10,27
DA:12,0
LF:5
LH:3
BRF:0
BRH:0
end_of_record
TN:
SF:src\redux\homeData\cardContainerData.js
FNF:0
FNH:0
DA:3,0
LF:1
LH:0
BRF:0
BRH:0
end_of_record
TN:
SF:src\redux\homeData\homeData.reducer.js
FN:15,(anonymous_0)
FNF:1
FNH:0
FNDA:0,(anonymous_0)
DA:7,0
DA:15,0
DA:16,0
DA:18,0
LF:4
LH:0
BRDA:15,0,0,0
BRDA:16,1,0,0
BRF:2
BRH:0
end_of_record
TN:
SF:src\redux\homeData\homeData.selectors.js
FN:3,(anonymous_0)
FN:7,(anonymous_1)
FN:12,(anonymous_2)
FN:17,(anonymous_3)
FN:22,(anonymous_4)
FN:27,(anonymous_5)
FNF:6
FNH:0
FNDA:0,(anonymous_0)
FNDA:0,(anonymous_1)
FNDA:0,(anonymous_2)
FNDA:0,(anonymous_3)
FNDA:0,(anonymous_4)
FNDA:0,(anonymous_5)
DA:3,27
DA:5,27
DA:7,0
DA:10,27
DA:12,0
DA:15,27
DA:17,0
DA:20,27
DA:22,0
DA:25,27
DA:27,0
LF:11
LH:6
BRF:0
BRH:0
end_of_record
TN:
SF:src\redux\homeData\sliderHugeFirstData.js
FN:3,(anonymous_0)
FN:53,(anonymous_1)
FNF:2
FNH:0
FNDA:0,(anonymous_0)
FNDA:0,(anonymous_1)
DA:5,0
DA:53,0
LF:2
LH:0
BRDA:3,0,0,0
BRF:1
BRH:0
end_of_record
TN:
SF:src\redux\homeData\sliderHugeSecondData.js
FN:3,(anonymous_0)
FN:53,(anonymous_1)
FNF:2
FNH:0
FNDA:0,(anonymous_0)
FNDA:0,(anonymous_1)
DA:5,0
DA:53,0
LF:2
LH:0
BRDA:3,0,0,0
BRF:1
BRH:0
end_of_record
TN:
SF:src\redux\homeData\sliderSmallFirstData.js
FN:5,(anonymous_0)
FN:66,(anonymous_1)
FNF:2
FNH:0
FNDA:0,(anonymous_0)
FNDA:0,(anonymous_1)
DA:7,0
DA:66,0
LF:2
LH:0
BRDA:5,0,0,0
BRF:1
BRH:0
end_of_record
TN:
SF:src\redux\homeData\sliderSmallSecondData.js
FN:5,(anonymous_0)
FN:61,(anonymous_1)
FNF:2
FNH:0
FNDA:0,(anonymous_0)
FNDA:0,(anonymous_1)
DA:7,0
DA:61,0
LF:2
LH:0
BRDA:5,0,0,0
BRF:1
BRH:0
end_of_record
TN:
SF:src\redux\menu\menu.data.js
FNF:0
FNH:0
DA:1,0
LF:1
LH:0
BRF:0
BRH:0
end_of_record
TN:
SF:src\redux\menu\menu.reducer.js
FN:7,(anonymous_0)
FNF:1
FNH:0
FNDA:0,(anonymous_0)
DA:3,0
DA:7,0
DA:8,0
DA:10,0
LF:4
LH:0
BRDA:7,0,0,0
BRDA:8,1,0,0
BRF:2
BRH:0
end_of_record
TN:
SF:src\redux\menu\menu.selectors.js
FN:3,(anonymous_0)
FN:7,(anonymous_1)
FNF:2
FNH:0
FNDA:0,(anonymous_0)
FNDA:0,(anonymous_1)
DA:3,27
DA:5,27
DA:7,0
LF:3
LH:2
BRF:0
BRH:0
end_of_record
TN:
SF:src\redux\previewItem\previewItem.actions.js
FN:3,(anonymous_0)
FN:9,(anonymous_1)
FN:13,(anonymous_2)
FNF:3
FNH:0
FNDA:0,(anonymous_0)
FNDA:0,(anonymous_1)
FNDA:0,(anonymous_2)
DA:3,28
DA:9,28
DA:13,28
LF:3
LH:3
BRF:0
BRH:0
end_of_record
TN:
SF:src\redux\previewItem\previewItem.reducer.js
FN:9,(anonymous_0)
FNF:1
FNH:0
FNDA:0,(anonymous_0)
DA:3,0
DA:9,0
DA:10,0
DA:12,0
DA:18,0
DA:23,0
DA:28,0
LF:7
LH:0
BRDA:9,0,0,0
BRDA:10,1,0,0
BRDA:10,1,1,0
BRDA:10,1,2,0
BRDA:10,1,3,0
BRF:5
BRH:0
end_of_record
TN:
SF:src\redux\previewItem\previewItem.selectors.js
FN:3,(anonymous_0)
FN:7,(anonymous_1)
FN:12,(anonymous_2)
FN:17,(anonymous_3)
FNF:4
FNH:0
FNDA:0,(anonymous_0)
FNDA:0,(anonymous_1)
FNDA:0,(anonymous_2)
FNDA:0,(anonymous_3)
DA:3,27
DA:5,27
DA:7,0
DA:10,27
DA:12,0
DA:15,27
DA:17,0
LF:7
LH:4
BRF:0
BRH:0
end_of_record
TN:
SF:src\redux\previewItem\previewItem.types.js
FNF:0
FNH:0
DA:1,28
LF:1
LH:1
BRF:0
BRH:0
end_of_record
TN:
SF:src\redux\shop\shop.actions.js
FN:4,(anonymous_0)
FN:8,(anonymous_1)
FN:13,(anonymous_2)
FN:18,(anonymous_3)
FN:19,(anonymous_4)
FN:25,(anonymous_5)
FN:29,(anonymous_6)
FNF:7
FNH:0
FNDA:0,(anonymous_0)
FNDA:0,(anonymous_1)
FNDA:0,(anonymous_2)
FNDA:0,(anonymous_3)
FNDA:0,(anonymous_4)
FNDA:0,(anonymous_5)
FNDA:0,(anonymous_6)
DA:4,1
DA:8,1
DA:13,1
DA:18,1
DA:19,0
DA:20,0
DA:21,0
DA:25,0
DA:26,0
DA:27,0
DA:29,0
LF:11
LH:4
BRF:0
BRH:0
end_of_record
TN:
SF:src\redux\shop\shop.reducer.js
FN:11,(anonymous_0)
FNF:1
FNH:0
FNDA:0,(anonymous_0)
DA:5,0
DA:11,0
DA:12,0
DA:14,0
DA:19,0
DA:25,0
DA:31,0
LF:7
LH:0
BRDA:11,0,0,0
BRDA:12,1,0,0
BRDA:12,1,1,0
BRDA:12,1,2,0
BRDA:12,1,3,0
BRF:5
BRH:0
end_of_record
TN:
SF:src\redux\shop\shop.sagas.js
FN:7,fetchCollectionsAsync
FN:22,fetchCollectionsStart
FN:29,shopSagas
FNF:3
FNH:0
FNDA:0,fetchCollectionsAsync
FNDA:0,fetchCollectionsStart
FNDA:0,shopSagas
DA:9,0
DA:10,0
DA:11,0
DA:13,0
DA:15,0
DA:17,0
DA:23,0
DA:30,0
LF:8
LH:0
BRF:0
BRH:0
end_of_record
TN:
SF:src\redux\shop\shop.selecors.js
FN:3,(anonymous_0)
FN:7,(anonymous_1)
FN:10,(anonymous_2)
FN:13,(anonymous_3)
FN:19,(anonymous_4)
FN:20,(anonymous_5)
FN:25,(anonymous_6)
FNF:7
FNH:0
FNDA:0,(anonymous_0)
FNDA:0,(anonymous_1)
FNDA:0,(anonymous_2)
FNDA:0,(anonymous_3)
FNDA:0,(anonymous_4)
FNDA:0,(anonymous_5)
FNDA:0,(anonymous_6)
DA:3,3
DA:5,3
DA:7,0
DA:10,3
DA:11,0
DA:13,0
DA:17,3
DA:20,0
DA:23,3
DA:25,0
LF:10
LH:5
BRDA:20,0,0,0
BRDA:20,0,1,0
BRF:2
BRH:0
end_of_record
TN:
SF:src\redux\shop\shop.types.js
FNF:0
FNH:0
DA:1,1
LF:1
LH:1
BRF:0
BRH:0
end_of_record
TN:
SF:src\redux\user\user.actions.js
FN:4,(anonymous_0)
FN:8,(anonymous_1)
FN:13,(anonymous_2)
FN:18,(anonymous_3)
FN:23,(anonymous_4)
FN:28,(anonymous_5)
FN:32,(anonymous_6)
FN:35,(anonymous_7)
FN:41,(anonymous_8)
FN:46,(anonymous_9)
FN:51,(anonymous_10)
FN:57,(anonymous_11)
FNF:12
FNH:0
FNDA:0,(anonymous_0)
FNDA:0,(anonymous_1)
FNDA:0,(anonymous_2)
FNDA:0,(anonymous_3)
FNDA:0,(anonymous_4)
FNDA:0,(anonymous_5)
FNDA:0,(anonymous_6)
FNDA:0,(anonymous_7)
FNDA:0,(anonymous_8)
FNDA:0,(anonymous_9)
FNDA:0,(anonymous_10)
FNDA:0,(anonymous_11)
DA:4,27
DA:8,27
DA:13,27
DA:18,27
DA:23,27
DA:28,27
DA:32,27
DA:35,27
DA:41,27
DA:46,27
DA:51,27
DA:57,27
LF:12
LH:12
BRF:0
BRH:0
end_of_record
TN:
SF:src\redux\user\user.reducer.js
FN:8,(anonymous_0)
FNF:1
FNH:0
FNDA:0,(anonymous_0)
DA:3,0
DA:8,0
DA:9,0
DA:13,0
DA:20,0
DA:29,0
DA:35,0
LF:7
LH:0
BRDA:8,0,0,0
BRDA:9,1,0,0
BRDA:9,1,1,0
BRDA:9,1,2,0
BRDA:9,1,3,0
BRDA:9,1,4,0
BRDA:9,1,5,0
BRDA:9,1,6,0
BRF:8
BRH:0
end_of_record
TN:
SF:src\redux\user\user.sagas.js
FN:16,getSnapshotFromUserAuth
FN:28,signInWithGoogle
FN:41,onGoogleSignInStart
FN:46,signInWithEmail
FN:61,onEmailSignInStart
FN:66,isUserAuthenticated
FN:77,checkUserSession
FN:82,signOut
FN:93,onSignOutStart
FN:98,signUp
FN:118,onSignUpStart
FN:123,subscribeUserSaga
FN:137,onUserSubscribe
FN:142,userSagas
FNF:14
FNH:0
FNDA:0,getSnapshotFromUserAuth
FNDA:0,signInWithGoogle
FNDA:0,onGoogleSignInStart
FNDA:0,signInWithEmail
FNDA:0,onEmailSignInStart
FNDA:0,isUserAuthenticated
FNDA:0,checkUserSession
FNDA:0,signOut
FNDA:0,onSignOutStart
FNDA:0,signUp
FNDA:0,onSignUpStart
FNDA:0,subscribeUserSaga
FNDA:0,onUserSubscribe
FNDA:0,userSagas
DA:17,0
DA:18,0
DA:19,0
DA:20,0
DA:24,0
DA:29,0
DA:31,0
DA:33,0
DA:34,0
DA:36,0
DA:37,0
DA:42,0
DA:47,0
DA:48,0
DA:49,0
DA:50,0
DA:52,0
DA:53,0
DA:55,0
DA:57,0
DA:62,0
DA:67,0
DA:68,0
DA:69,0
DA:70,0
DA:71,0
DA:73,0
DA:78,0
DA:83,0
DA:84,0
DA:85,0
DA:86,0
DA:88,0
DA:89,0
DA:94,0
DA:99,0
DA:100,0
DA:101,0
DA:102,0
DA:103,0
DA:105,0
DA:106,0
DA:108,0
DA:109,0
DA:111,0
DA:113,0
DA:119,0
DA:124,0
DA:125,0
DA:127,0
DA:128,0
DA:131,0
DA:133,0
DA:138,0
DA:143,0
LF:55
LH:0
BRDA:52,0,0,0
BRDA:52,0,1,0
BRDA:69,1,0,0
BRDA:69,1,1,0
BRDA:105,2,0,0
BRDA:105,2,1,0
BRDA:108,3,0,0
BRDA:108,3,1,0
BRDA:127,4,0,0
BRDA:127,4,1,0
BRF:10
BRH:0
end_of_record
TN:
SF:src\redux\user\user.selectors.js
FN:3,(anonymous_0)
FN:7,(anonymous_1)
FNF:2
FNH:0
FNDA:0,(anonymous_0)
FNDA:0,(anonymous_1)
DA:3,27
DA:5,27
DA:7,0
LF:3
LH:2
BRF:0
BRH:0
end_of_record
TN:
SF:src\redux\user\user.types.js
FNF:0
FNH:0
DA:1,27
LF:1
LH:1
BRF:0
BRH:0
end_of_record
TN:
SF:src\styles\commonStylesAndStyledComponents.js
FN:4,(anonymous_0)
FNF:1
FNH:0
FNDA:0,(anonymous_0)
DA:3,43
DA:4,0
DA:7,43
DA:11,43
DA:17,43
DA:22,43
DA:27,43
DA:31,43
DA:35,43
DA:39,43
DA:44,43
DA:53,43
DA:59,43
DA:69,43
LF:14
LH:13
BRF:0
BRH:0
end_of_record
TN:
SF:src\styles\globalStyles.js
FN:30,(anonymous_0)
FN:31,(anonymous_1)
FN:62,(anonymous_2)
FNF:3
FNH:0
FNDA:0,(anonymous_0)
FNDA:0,(anonymous_1)
FNDA:0,(anonymous_2)
DA:30,0
DA:31,0
DA:62,0
LF:3
LH:0
BRF:0
BRH:0
end_of_record
TN:
SF:src\utils\media.js
FNF:0
FNH:0
DA:2,35
DA:3,35
DA:4,35
LF:3
LH:3
BRF:0
BRH:0
end_of_record
